2018-03-28 13:55:32.802 CST com.amarsoft.are.ARE com.amarsoft.app.datax.bcr.AmarBCR.main().35 [INFO] 自动计算后businessOccurDate：2018/03/27
2018-03-28 13:55:34.826 CST com.amarsoft.are.ARE com.amarsoft.task.ui.RunTaskObjectAction.run().31 [INFO] 开始运行任务对象......
2018-03-28 13:55:34.866 CST com.amarsoft.are.ARE com.amarsoft.task.TaskObject.trace().119 [INFO] BCRDataValidate[融资性担保业务数据校验] start! Task user: Administrator(Administrator)
2018-03-28 13:55:34.867 CST com.amarsoft.are.ARE com.amarsoft.task.TaskObject.trace().119 [INFO] GDataDeleteValidate[删除记录校验] start! Task user: Administrator(Administrator)
2018-03-28 13:55:34.870 CST com.amarsoft.are.ARE com.amarsoft.app.datax.bcr.common.BCRTaskListener.unitStart().288 [INFO] 进入 Unit=GDataDeleteValidate[删除记录校验]
2018-03-28 13:55:34.984 CST com.amarsoft.are.ARE com.amarsoft.are.sql.PooledConnectionFactory.addDataSource().136 [INFO] org.apache.commons.dbcp.datasources.SharedPoolDataSource@709d70b4
2018-03-28 13:55:34.990 CST com.amarsoft.are.ARE com.amarsoft.are.sql.PooledConnectionFactory.addDataSource().136 [INFO] org.apache.commons.dbcp.datasources.SharedPoolDataSource@7052732e
2018-03-28 13:55:36.234 CST com.amarsoft.are.ARE com.amarsoft.app.datax.bcr.common.BCRTaskListener.listenerDBInit().78 [ERROR] 监听器启动失败,将停止监听，该操作不会影响批量运行，错误信息： <java.sql.SQLException: Io 异常: The Network Adapter could not establish the connection>java.sql.SQLException: Io 异常: The Network Adapter could not establish the connection
	at oracle.jdbc.driver.DatabaseError.throwSqlException(DatabaseError.java:145)
	at oracle.jdbc.driver.DatabaseError.throwSqlException(DatabaseError.java:190)
	at oracle.jdbc.driver.DatabaseError.throwSqlException(DatabaseError.java:363)
	at oracle.jdbc.driver.T4CConnection.logon(T4CConnection.java:401)
	at oracle.jdbc.driver.PhysicalConnection.<init>(PhysicalConnection.java:466)
	at oracle.jdbc.driver.T4CConnection.<init>(T4CConnection.java:165)
	at oracle.jdbc.driver.T4CDriverExtension.getConnection(T4CDriverExtension.java:35)
	at oracle.jdbc.driver.OracleDriver.connect(OracleDriver.java:839)
	at java.sql.DriverManager.getConnection(DriverManager.java:579)
	at java.sql.DriverManager.getConnection(DriverManager.java:221)
	at org.apache.commons.dbcp.cpdsadapter.DriverAdapterCPDS.getPooledConnection(DriverAdapterCPDS.java:177)
	at org.apache.commons.dbcp.cpdsadapter.DriverAdapterCPDS.getPooledConnection(DriverAdapterCPDS.java:132)
	at org.apache.commons.dbcp.datasources.InstanceKeyDataSource.testCPDS(InstanceKeyDataSource.java:749)
	at org.apache.commons.dbcp.datasources.SharedPoolDataSource.registerPool(SharedPoolDataSource.java:202)
	at org.apache.commons.dbcp.datasources.SharedPoolDataSource.getPooledConnectionAndInfo(SharedPoolDataSource.java:159)
	at org.apache.commons.dbcp.datasources.InstanceKeyDataSource.getConnection(InstanceKeyDataSource.java:669)
	at org.apache.commons.dbcp.datasources.InstanceKeyDataSource.getConnection(InstanceKeyDataSource.java:653)
	at com.amarsoft.are.sql.PooledConnectionFactory.getInstance(PooledConnectionFactory.java:68)
	at com.amarsoft.are.sql.DBConnectionFactory.getConnection(DBConnectionFactory.java:80)
	at com.amarsoft.are.ARE.getDBConnection(ARE.java:86)
	at com.amarsoft.app.datax.bcr.common.BCRTaskListener.listenerDBInit(BCRTaskListener.java:64)
	at com.amarsoft.app.datax.bcr.common.BCRTaskListener.runBefore(BCRTaskListener.java:92)
	at com.amarsoft.app.datax.bcr.common.BCRTaskListener.unitStart(BCRTaskListener.java:294)
	at com.amarsoft.task.Task.fireTaskEvent(Task.java:259)
	at com.amarsoft.task.Task.fireTaskEvent(Task.java:235)
	at com.amarsoft.task.Target.fireTaskEvent(Target.java:316)
	at com.amarsoft.task.Target.executeUnit(Target.java:229)
	at com.amarsoft.task.Task.executeUnit(Task.java:105)
	at com.amarsoft.task.ui.RunTaskObjectAction.run(RunTaskObjectAction.java:42)
	at java.lang.Thread.run(Thread.java:722)
java.sql.SQLException: Io 异常: The Network Adapter could not establish the connection
	at oracle.jdbc.driver.DatabaseError.throwSqlException(DatabaseError.java:145)
	at oracle.jdbc.driver.DatabaseError.throwSqlException(DatabaseError.java:190)
	at oracle.jdbc.driver.DatabaseError.throwSqlException(DatabaseError.java:363)
	at oracle.jdbc.driver.T4CConnection.logon(T4CConnection.java:401)
	at oracle.jdbc.driver.PhysicalConnection.<init>(PhysicalConnection.java:466)
	at oracle.jdbc.driver.T4CConnection.<init>(T4CConnection.java:165)
	at oracle.jdbc.driver.T4CDriverExtension.getConnection(T4CDriverExtension.java:35)
	at oracle.jdbc.driver.OracleDriver.connect(OracleDriver.java:839)
	at java.sql.DriverManager.getConnection(DriverManager.java:579)
	at java.sql.DriverManager.getConnection(DriverManager.java:221)
	at org.apache.commons.dbcp.cpdsadapter.DriverAdapterCPDS.getPooledConnection(DriverAdapterCPDS.java:177)
	at org.apache.commons.dbcp.cpdsadapter.DriverAdapterCPDS.getPooledConnection(DriverAdapterCPDS.java:132)
	at org.apache.commons.dbcp.datasources.InstanceKeyDataSource.testCPDS(InstanceKeyDataSource.java:749)
	at org.apache.commons.dbcp.datasources.SharedPoolDataSource.registerPool(SharedPoolDataSource.java:202)
	at org.apache.commons.dbcp.datasources.SharedPoolDataSource.getPooledConnectionAndInfo(SharedPoolDataSource.java:159)
	at org.apache.commons.dbcp.datasources.InstanceKeyDataSource.getConnection(InstanceKeyDataSource.java:669)
	at org.apache.commons.dbcp.datasources.InstanceKeyDataSource.getConnection(InstanceKeyDataSource.java:653)
	at com.amarsoft.are.sql.PooledConnectionFactory.getInstance(PooledConnectionFactory.java:68)
	at com.amarsoft.are.sql.DBConnectionFactory.getConnection(DBConnectionFactory.java:80)
	at com.amarsoft.are.ARE.getDBConnection(ARE.java:86)
	at com.amarsoft.app.datax.bcr.common.BCRTaskListener.listenerDBInit(BCRTaskListener.java:64)
	at com.amarsoft.app.datax.bcr.common.BCRTaskListener.runBefore(BCRTaskListener.java:92)
	at com.amarsoft.app.datax.bcr.common.BCRTaskListener.unitStart(BCRTaskListener.java:294)
	at com.amarsoft.task.Task.fireTaskEvent(Task.java:259)
	at com.amarsoft.task.Task.fireTaskEvent(Task.java:235)
	at com.amarsoft.task.Target.fireTaskEvent(Target.java:316)
	at com.amarsoft.task.Target.executeUnit(Target.java:229)
	at com.amarsoft.task.Task.executeUnit(Task.java:105)
	at com.amarsoft.task.ui.RunTaskObjectAction.run(RunTaskObjectAction.java:42)
	at java.lang.Thread.run(Thread.java:722)

2018-03-28 13:56:30.248 CST com.amarsoft.are.ARE com.amarsoft.task.ui.RunTaskObjectAction.run().31 [INFO] 开始运行任务对象......
2018-03-28 13:56:30.253 CST com.amarsoft.are.ARE com.amarsoft.task.TaskObject.trace().119 [INFO] BCRDataValidate[融资性担保业务数据校验] start! Task user: Administrator(Administrator)
2018-03-28 13:56:30.268 CST com.amarsoft.are.ARE com.amarsoft.task.TaskObject.trace().119 [INFO] GuaranteeDataValidate[业务数据校验] start! Task user: Administrator(Administrator)
2018-03-28 13:56:30.269 CST com.amarsoft.are.ARE com.amarsoft.app.datax.bcr.common.BCRTaskListener.unitStart().288 [INFO] 进入 Unit=GuaranteeDataValidate[业务数据校验]
2018-03-28 13:56:30.502 CST com.amarsoft.are.ARE com.amarsoft.app.datax.bcr.session.MessageProcessSession.start().91 [INFO] 初始化报文处理过程[1111111111]......
2018-03-28 13:56:31.171 CST com.amarsoft.are.ARE com.amarsoft.app.datax.bcr.session.MessageProcessSession.start().93 [INFO] 初始化报文处理过程完成！
2018-03-28 13:56:31.172 CST com.amarsoft.are.ARE com.amarsoft.app.datax.bcr.session.MessageProcessSession.start().101 [INFO] 检查报文处理过程条件[1111111111]......
2018-03-28 13:56:31.174 CST com.amarsoft.are.ARE com.amarsoft.app.datax.bcr.session.MessageProcessSession.start().103 [INFO] 处理条件就绪！
2018-03-28 13:56:31.175 CST com.amarsoft.are.ARE com.amarsoft.app.datax.bcr.session.MessageProcessSession.start().111 [INFO] 执行处理报文处理过程[1111111111]......
2018-03-28 13:56:32.185 CST com.amarsoft.are.ARE com.amarsoft.app.datax.bcr.session.MessageProcessSession.start().116 [ERROR] 执行报文处理过程失败！
2018-03-28 13:56:32.186 CST com.amarsoft.are.ARE com.amarsoft.app.datax.bcr.session.MessageProcessSessionUnit.execute().43 [FATAL] 运行处理过程1111111111失败 <com.amarsoft.app.datax.bcr.BCRException: 执行报文处理过程失败！>com.amarsoft.app.datax.bcr.BCRException: 执行报文处理过程失败！
	at com.amarsoft.app.datax.bcr.session.MessageProcessSession.start(MessageProcessSession.java:117)
	at com.amarsoft.app.datax.bcr.session.MessageProcessSessionUnit.execute(MessageProcessSessionUnit.java:41)
	at com.amarsoft.task.Target.executeUnit(Target.java:231)
	at com.amarsoft.task.Task.executeUnit(Task.java:105)
	at com.amarsoft.task.ui.RunTaskObjectAction.run(RunTaskObjectAction.java:42)
	at java.lang.Thread.run(Thread.java:722)
com.amarsoft.app.datax.bcr.BCRException: 执行报文处理过程失败！
	at com.amarsoft.app.datax.bcr.session.MessageProcessSession.start(MessageProcessSession.java:117)
	at com.amarsoft.app.datax.bcr.session.MessageProcessSessionUnit.execute(MessageProcessSessionUnit.java:41)
	at com.amarsoft.task.Target.executeUnit(Target.java:231)
	at com.amarsoft.task.Task.executeUnit(Task.java:105)
	at com.amarsoft.task.ui.RunTaskObjectAction.run(RunTaskObjectAction.java:42)
	at java.lang.Thread.run(Thread.java:722)

2018-03-28 13:56:32.187 CST com.amarsoft.are.ARE com.amarsoft.app.datax.bcr.common.BCRTaskListener.unitExit().301 [INFO] 退出 Unit=GuaranteeDataValidate[业务数据校验]
2018-03-28 13:56:32.188 CST com.amarsoft.are.ARE com.amarsoft.task.ui.RunTaskObjectAction.run().46 [INFO] 任务对象运行结束！
2018-03-28 14:00:40.504 CST com.amarsoft.are.ARE com.amarsoft.app.datax.bcr.AmarBCR.main().35 [INFO] 自动计算后businessOccurDate：2018/03/27
2018-03-28 14:00:47.398 CST com.amarsoft.are.ARE com.amarsoft.app.datax.bcr.AmarBCR.main().35 [INFO] 自动计算后businessOccurDate：2018/03/27
2018-03-28 14:09:12.548 CST com.amarsoft.are.ARE com.amarsoft.app.datax.bcr.AmarBCR.main().35 [INFO] 自动计算后businessOccurDate：2018/03/27
2018-03-28 14:09:19.478 CST com.amarsoft.are.ARE com.amarsoft.task.ui.RunTaskObjectAction.run().31 [INFO] 开始运行任务对象......
2018-03-28 14:09:19.726 CST com.amarsoft.are.ARE com.amarsoft.task.TaskObject.trace().119 [INFO] BCRDataValidate[融资性担保业务数据校验] start! Task user: Administrator(Administrator)
2018-03-28 14:09:19.727 CST com.amarsoft.are.ARE com.amarsoft.task.TaskObject.trace().119 [INFO] GuaranteeDataValidate[业务数据校验] start! Task user: Administrator(Administrator)
2018-03-28 14:09:19.733 CST com.amarsoft.are.ARE com.amarsoft.app.datax.bcr.common.BCRTaskListener.unitStart().288 [INFO] 进入 Unit=GuaranteeDataValidate[业务数据校验]
2018-03-28 14:09:24.612 CST com.amarsoft.are.ARE com.amarsoft.are.sql.PooledConnectionFactory.addDataSource().136 [INFO] org.apache.commons.dbcp.datasources.SharedPoolDataSource@6779630e
2018-03-28 14:09:24.620 CST com.amarsoft.are.ARE com.amarsoft.are.sql.PooledConnectionFactory.addDataSource().136 [INFO] org.apache.commons.dbcp.datasources.SharedPoolDataSource@52566134
2018-03-28 14:09:30.675 CST com.amarsoft.are.ARE com.amarsoft.app.datax.bcr.common.BCRTaskListener.listenerDBInit().78 [ERROR] 监听器启动失败,将停止监听，该操作不会影响批量运行，错误信息： <java.sql.SQLException: Io 异常: Invalid number format for port number>java.sql.SQLException: Io 异常: Invalid number format for port number
	at oracle.jdbc.driver.DatabaseError.throwSqlException(DatabaseError.java:145)
	at oracle.jdbc.driver.DatabaseError.throwSqlException(DatabaseError.java:190)
	at oracle.jdbc.driver.DatabaseError.throwSqlException(DatabaseError.java:363)
	at oracle.jdbc.driver.T4CConnection.logon(T4CConnection.java:401)
	at oracle.jdbc.driver.PhysicalConnection.<init>(PhysicalConnection.java:466)
	at oracle.jdbc.driver.T4CConnection.<init>(T4CConnection.java:165)
	at oracle.jdbc.driver.T4CDriverExtension.getConnection(T4CDriverExtension.java:35)
	at oracle.jdbc.driver.OracleDriver.connect(OracleDriver.java:839)
	at java.sql.DriverManager.getConnection(DriverManager.java:579)
	at java.sql.DriverManager.getConnection(DriverManager.java:221)
	at org.apache.commons.dbcp.cpdsadapter.DriverAdapterCPDS.getPooledConnection(DriverAdapterCPDS.java:177)
	at org.apache.commons.dbcp.cpdsadapter.DriverAdapterCPDS.getPooledConnection(DriverAdapterCPDS.java:132)
	at org.apache.commons.dbcp.datasources.InstanceKeyDataSource.testCPDS(InstanceKeyDataSource.java:749)
	at org.apache.commons.dbcp.datasources.SharedPoolDataSource.registerPool(SharedPoolDataSource.java:202)
	at org.apache.commons.dbcp.datasources.SharedPoolDataSource.getPooledConnectionAndInfo(SharedPoolDataSource.java:159)
	at org.apache.commons.dbcp.datasources.InstanceKeyDataSource.getConnection(InstanceKeyDataSource.java:669)
	at org.apache.commons.dbcp.datasources.InstanceKeyDataSource.getConnection(InstanceKeyDataSource.java:653)
	at com.amarsoft.are.sql.PooledConnectionFactory.getInstance(PooledConnectionFactory.java:68)
	at com.amarsoft.are.sql.DBConnectionFactory.getConnection(DBConnectionFactory.java:80)
	at com.amarsoft.are.ARE.getDBConnection(ARE.java:86)
	at com.amarsoft.app.datax.bcr.common.BCRTaskListener.listenerDBInit(BCRTaskListener.java:64)
	at com.amarsoft.app.datax.bcr.common.BCRTaskListener.runBefore(BCRTaskListener.java:92)
	at com.amarsoft.app.datax.bcr.common.BCRTaskListener.unitStart(BCRTaskListener.java:294)
	at com.amarsoft.task.Task.fireTaskEvent(Task.java:259)
	at com.amarsoft.task.Task.fireTaskEvent(Task.java:235)
	at com.amarsoft.task.Target.fireTaskEvent(Target.java:316)
	at com.amarsoft.task.Target.executeUnit(Target.java:229)
	at com.amarsoft.task.Task.executeUnit(Task.java:105)
	at com.amarsoft.task.ui.RunTaskObjectAction.run(RunTaskObjectAction.java:42)
	at java.lang.Thread.run(Thread.java:722)
java.sql.SQLException: Io 异常: Invalid number format for port number
	at oracle.jdbc.driver.DatabaseError.throwSqlException(DatabaseError.java:145)
	at oracle.jdbc.driver.DatabaseError.throwSqlException(DatabaseError.java:190)
	at oracle.jdbc.driver.DatabaseError.throwSqlException(DatabaseError.java:363)
	at oracle.jdbc.driver.T4CConnection.logon(T4CConnection.java:401)
	at oracle.jdbc.driver.PhysicalConnection.<init>(PhysicalConnection.java:466)
	at oracle.jdbc.driver.T4CConnection.<init>(T4CConnection.java:165)
	at oracle.jdbc.driver.T4CDriverExtension.getConnection(T4CDriverExtension.java:35)
	at oracle.jdbc.driver.OracleDriver.connect(OracleDriver.java:839)
	at java.sql.DriverManager.getConnection(DriverManager.java:579)
	at java.sql.DriverManager.getConnection(DriverManager.java:221)
	at org.apache.commons.dbcp.cpdsadapter.DriverAdapterCPDS.getPooledConnection(DriverAdapterCPDS.java:177)
	at org.apache.commons.dbcp.cpdsadapter.DriverAdapterCPDS.getPooledConnection(DriverAdapterCPDS.java:132)
	at org.apache.commons.dbcp.datasources.InstanceKeyDataSource.testCPDS(InstanceKeyDataSource.java:749)
	at org.apache.commons.dbcp.datasources.SharedPoolDataSource.registerPool(SharedPoolDataSource.java:202)
	at org.apache.commons.dbcp.datasources.SharedPoolDataSource.getPooledConnectionAndInfo(SharedPoolDataSource.java:159)
	at org.apache.commons.dbcp.datasources.InstanceKeyDataSource.getConnection(InstanceKeyDataSource.java:669)
	at org.apache.commons.dbcp.datasources.InstanceKeyDataSource.getConnection(InstanceKeyDataSource.java:653)
	at com.amarsoft.are.sql.PooledConnectionFactory.getInstance(PooledConnectionFactory.java:68)
	at com.amarsoft.are.sql.DBConnectionFactory.getConnection(DBConnectionFactory.java:80)
	at com.amarsoft.are.ARE.getDBConnection(ARE.java:86)
	at com.amarsoft.app.datax.bcr.common.BCRTaskListener.listenerDBInit(BCRTaskListener.java:64)
	at com.amarsoft.app.datax.bcr.common.BCRTaskListener.runBefore(BCRTaskListener.java:92)
	at com.amarsoft.app.datax.bcr.common.BCRTaskListener.unitStart(BCRTaskListener.java:294)
	at com.amarsoft.task.Task.fireTaskEvent(Task.java:259)
	at com.amarsoft.task.Task.fireTaskEvent(Task.java:235)
	at com.amarsoft.task.Target.fireTaskEvent(Target.java:316)
	at com.amarsoft.task.Target.executeUnit(Target.java:229)
	at com.amarsoft.task.Task.executeUnit(Task.java:105)
	at com.amarsoft.task.ui.RunTaskObjectAction.run(RunTaskObjectAction.java:42)
	at java.lang.Thread.run(Thread.java:722)

2018-03-28 14:12:01.894 CST com.amarsoft.are.ARE com.amarsoft.task.ui.RunTaskObjectAction.run().31 [INFO] 开始运行任务对象......
2018-03-28 14:12:01.895 CST com.amarsoft.are.ARE com.amarsoft.task.TaskObject.trace().119 [INFO] BCRDataValidate[融资性担保业务数据校验] start! Task user: Administrator(Administrator)
2018-03-28 14:12:01.899 CST com.amarsoft.are.ARE com.amarsoft.task.TaskObject.trace().119 [INFO] GuaranteeDataValidate[业务数据校验] start! Task user: Administrator(Administrator)
2018-03-28 14:12:01.902 CST com.amarsoft.are.ARE com.amarsoft.app.datax.bcr.common.BCRTaskListener.unitStart().288 [INFO] 进入 Unit=GuaranteeDataValidate[业务数据校验]
2018-03-28 14:12:02.034 CST com.amarsoft.are.ARE com.amarsoft.app.datax.bcr.session.MessageProcessSession.start().91 [INFO] 初始化报文处理过程[1111111111]......
2018-03-28 14:12:02.890 CST com.amarsoft.are.ARE com.amarsoft.app.datax.bcr.session.MessageProcessSession.start().93 [INFO] 初始化报文处理过程完成！
2018-03-28 14:12:02.891 CST com.amarsoft.are.ARE com.amarsoft.app.datax.bcr.session.MessageProcessSession.start().101 [INFO] 检查报文处理过程条件[1111111111]......
2018-03-28 14:12:02.894 CST com.amarsoft.are.ARE com.amarsoft.app.datax.bcr.session.MessageProcessSession.start().103 [INFO] 处理条件就绪！
2018-03-28 14:12:02.895 CST com.amarsoft.are.ARE com.amarsoft.app.datax.bcr.session.MessageProcessSession.start().111 [INFO] 执行处理报文处理过程[1111111111]......
2018-03-28 14:12:02.899 CST com.amarsoft.are.ARE com.amarsoft.app.datax.bcr.session.MessageProcessSession.start().116 [ERROR] 执行报文处理过程失败！
2018-03-28 14:12:02.900 CST com.amarsoft.are.ARE com.amarsoft.app.datax.bcr.session.MessageProcessSessionUnit.execute().43 [FATAL] 运行处理过程1111111111失败 <com.amarsoft.app.datax.bcr.BCRException: 执行报文处理过程失败！>com.amarsoft.app.datax.bcr.BCRException: 执行报文处理过程失败！
	at com.amarsoft.app.datax.bcr.session.MessageProcessSession.start(MessageProcessSession.java:117)
	at com.amarsoft.app.datax.bcr.session.MessageProcessSessionUnit.execute(MessageProcessSessionUnit.java:41)
	at com.amarsoft.task.Target.executeUnit(Target.java:231)
	at com.amarsoft.task.Task.executeUnit(Task.java:105)
	at com.amarsoft.task.ui.RunTaskObjectAction.run(RunTaskObjectAction.java:42)
	at java.lang.Thread.run(Thread.java:722)
com.amarsoft.app.datax.bcr.BCRException: 执行报文处理过程失败！
	at com.amarsoft.app.datax.bcr.session.MessageProcessSession.start(MessageProcessSession.java:117)
	at com.amarsoft.app.datax.bcr.session.MessageProcessSessionUnit.execute(MessageProcessSessionUnit.java:41)
	at com.amarsoft.task.Target.executeUnit(Target.java:231)
	at com.amarsoft.task.Task.executeUnit(Task.java:105)
	at com.amarsoft.task.ui.RunTaskObjectAction.run(RunTaskObjectAction.java:42)
	at java.lang.Thread.run(Thread.java:722)

2018-03-28 14:12:02.902 CST com.amarsoft.are.ARE com.amarsoft.app.datax.bcr.common.BCRTaskListener.unitExit().301 [INFO] 退出 Unit=GuaranteeDataValidate[业务数据校验]
2018-03-28 14:12:02.904 CST com.amarsoft.are.ARE com.amarsoft.task.ui.RunTaskObjectAction.run().46 [INFO] 任务对象运行结束！
2018-03-28 14:14:21.128 CST com.amarsoft.are.ARE com.amarsoft.app.datax.bcr.AmarBCR.main().35 [INFO] 自动计算后businessOccurDate：2018/03/27
2018-03-28 14:14:27.454 CST com.amarsoft.are.ARE com.amarsoft.task.ui.RunTaskObjectAction.run().31 [INFO] 开始运行任务对象......
2018-03-28 14:14:27.458 CST com.amarsoft.are.ARE com.amarsoft.task.TaskObject.trace().119 [INFO] BCRDataValidate[融资性担保业务数据校验] start! Task user: Administrator(Administrator)
2018-03-28 14:14:27.459 CST com.amarsoft.are.ARE com.amarsoft.task.TaskObject.trace().119 [INFO] GuaranteeDataValidate[业务数据校验] start! Task user: Administrator(Administrator)
2018-03-28 14:14:27.463 CST com.amarsoft.are.ARE com.amarsoft.app.datax.bcr.common.BCRTaskListener.unitStart().288 [INFO] 进入 Unit=GuaranteeDataValidate[业务数据校验]
2018-03-28 14:14:41.792 CST com.amarsoft.are.ARE com.amarsoft.are.sql.PooledConnectionFactory.addDataSource().136 [INFO] org.apache.commons.dbcp.datasources.SharedPoolDataSource@6c353acd
2018-03-28 14:14:41.802 CST com.amarsoft.are.ARE com.amarsoft.are.sql.PooledConnectionFactory.addDataSource().136 [INFO] org.apache.commons.dbcp.datasources.SharedPoolDataSource@1aa7a03b
2018-03-28 14:21:43.342 CST com.amarsoft.are.ARE com.amarsoft.app.datax.bcr.AmarBCR.main().35 [INFO] 自动计算后businessOccurDate：2018/03/27
2018-03-28 14:21:44.819 CST com.amarsoft.are.ARE com.amarsoft.task.ui.RunTaskObjectAction.run().31 [INFO] 开始运行任务对象......
2018-03-28 14:21:44.822 CST com.amarsoft.are.ARE com.amarsoft.task.TaskObject.trace().119 [INFO] BCRDataValidate[融资性担保业务数据校验] start! Task user: Administrator(Administrator)
2018-03-28 14:21:44.823 CST com.amarsoft.are.ARE com.amarsoft.task.TaskObject.trace().119 [INFO] GuaranteeDataValidate[业务数据校验] start! Task user: Administrator(Administrator)
2018-03-28 14:21:44.825 CST com.amarsoft.are.ARE com.amarsoft.app.datax.bcr.common.BCRTaskListener.unitStart().288 [INFO] 进入 Unit=GuaranteeDataValidate[业务数据校验]
2018-03-28 14:21:44.856 CST com.amarsoft.are.ARE com.amarsoft.are.sql.PooledConnectionFactory.addDataSource().136 [INFO] org.apache.commons.dbcp.datasources.SharedPoolDataSource@49c54f01
2018-03-28 14:21:44.859 CST com.amarsoft.are.ARE com.amarsoft.are.sql.PooledConnectionFactory.addDataSource().136 [INFO] org.apache.commons.dbcp.datasources.SharedPoolDataSource@38c5f07d
2018-03-28 14:21:45.008 CST com.amarsoft.are.ARE com.amarsoft.app.datax.bcr.common.BCRTaskListener.listenerDBInit().78 [ERROR] 监听器启动失败,将停止监听，该操作不会影响批量运行，错误信息： <java.sql.SQLException: Io 异常: Invalid number format for port number>java.sql.SQLException: Io 异常: Invalid number format for port number
	at oracle.jdbc.driver.DatabaseError.throwSqlException(DatabaseError.java:145)
	at oracle.jdbc.driver.DatabaseError.throwSqlException(DatabaseError.java:190)
	at oracle.jdbc.driver.DatabaseError.throwSqlException(DatabaseError.java:363)
	at oracle.jdbc.driver.T4CConnection.logon(T4CConnection.java:401)
	at oracle.jdbc.driver.PhysicalConnection.<init>(PhysicalConnection.java:466)
	at oracle.jdbc.driver.T4CConnection.<init>(T4CConnection.java:165)
	at oracle.jdbc.driver.T4CDriverExtension.getConnection(T4CDriverExtension.java:35)
	at oracle.jdbc.driver.OracleDriver.connect(OracleDriver.java:839)
	at java.sql.DriverManager.getConnection(DriverManager.java:579)
	at java.sql.DriverManager.getConnection(DriverManager.java:221)
	at org.apache.commons.dbcp.cpdsadapter.DriverAdapterCPDS.getPooledConnection(DriverAdapterCPDS.java:177)
	at org.apache.commons.dbcp.cpdsadapter.DriverAdapterCPDS.getPooledConnection(DriverAdapterCPDS.java:132)
	at org.apache.commons.dbcp.datasources.InstanceKeyDataSource.testCPDS(InstanceKeyDataSource.java:749)
	at org.apache.commons.dbcp.datasources.SharedPoolDataSource.registerPool(SharedPoolDataSource.java:202)
	at org.apache.commons.dbcp.datasources.SharedPoolDataSource.getPooledConnectionAndInfo(SharedPoolDataSource.java:159)
	at org.apache.commons.dbcp.datasources.InstanceKeyDataSource.getConnection(InstanceKeyDataSource.java:669)
	at org.apache.commons.dbcp.datasources.InstanceKeyDataSource.getConnection(InstanceKeyDataSource.java:653)
	at com.amarsoft.are.sql.PooledConnectionFactory.getInstance(PooledConnectionFactory.java:68)
	at com.amarsoft.are.sql.DBConnectionFactory.getConnection(DBConnectionFactory.java:80)
	at com.amarsoft.are.ARE.getDBConnection(ARE.java:86)
	at com.amarsoft.app.datax.bcr.common.BCRTaskListener.listenerDBInit(BCRTaskListener.java:64)
	at com.amarsoft.app.datax.bcr.common.BCRTaskListener.runBefore(BCRTaskListener.java:92)
	at com.amarsoft.app.datax.bcr.common.BCRTaskListener.unitStart(BCRTaskListener.java:294)
	at com.amarsoft.task.Task.fireTaskEvent(Task.java:259)
	at com.amarsoft.task.Task.fireTaskEvent(Task.java:235)
	at com.amarsoft.task.Target.fireTaskEvent(Target.java:316)
	at com.amarsoft.task.Target.executeUnit(Target.java:229)
	at com.amarsoft.task.Task.executeUnit(Task.java:105)
	at com.amarsoft.task.ui.RunTaskObjectAction.run(RunTaskObjectAction.java:42)
	at java.lang.Thread.run(Thread.java:722)
java.sql.SQLException: Io 异常: Invalid number format for port number
	at oracle.jdbc.driver.DatabaseError.throwSqlException(DatabaseError.java:145)
	at oracle.jdbc.driver.DatabaseError.throwSqlException(DatabaseError.java:190)
	at oracle.jdbc.driver.DatabaseError.throwSqlException(DatabaseError.java:363)
	at oracle.jdbc.driver.T4CConnection.logon(T4CConnection.java:401)
	at oracle.jdbc.driver.PhysicalConnection.<init>(PhysicalConnection.java:466)
	at oracle.jdbc.driver.T4CConnection.<init>(T4CConnection.java:165)
	at oracle.jdbc.driver.T4CDriverExtension.getConnection(T4CDriverExtension.java:35)
	at oracle.jdbc.driver.OracleDriver.connect(OracleDriver.java:839)
	at java.sql.DriverManager.getConnection(DriverManager.java:579)
	at java.sql.DriverManager.getConnection(DriverManager.java:221)
	at org.apache.commons.dbcp.cpdsadapter.DriverAdapterCPDS.getPooledConnection(DriverAdapterCPDS.java:177)
	at org.apache.commons.dbcp.cpdsadapter.DriverAdapterCPDS.getPooledConnection(DriverAdapterCPDS.java:132)
	at org.apache.commons.dbcp.datasources.InstanceKeyDataSource.testCPDS(InstanceKeyDataSource.java:749)
	at org.apache.commons.dbcp.datasources.SharedPoolDataSource.registerPool(SharedPoolDataSource.java:202)
	at org.apache.commons.dbcp.datasources.SharedPoolDataSource.getPooledConnectionAndInfo(SharedPoolDataSource.java:159)
	at org.apache.commons.dbcp.datasources.InstanceKeyDataSource.getConnection(InstanceKeyDataSource.java:669)
	at org.apache.commons.dbcp.datasources.InstanceKeyDataSource.getConnection(InstanceKeyDataSource.java:653)
	at com.amarsoft.are.sql.PooledConnectionFactory.getInstance(PooledConnectionFactory.java:68)
	at com.amarsoft.are.sql.DBConnectionFactory.getConnection(DBConnectionFactory.java:80)
	at com.amarsoft.are.ARE.getDBConnection(ARE.java:86)
	at com.amarsoft.app.datax.bcr.common.BCRTaskListener.listenerDBInit(BCRTaskListener.java:64)
	at com.amarsoft.app.datax.bcr.common.BCRTaskListener.runBefore(BCRTaskListener.java:92)
	at com.amarsoft.app.datax.bcr.common.BCRTaskListener.unitStart(BCRTaskListener.java:294)
	at com.amarsoft.task.Task.fireTaskEvent(Task.java:259)
	at com.amarsoft.task.Task.fireTaskEvent(Task.java:235)
	at com.amarsoft.task.Target.fireTaskEvent(Target.java:316)
	at com.amarsoft.task.Target.executeUnit(Target.java:229)
	at com.amarsoft.task.Task.executeUnit(Task.java:105)
	at com.amarsoft.task.ui.RunTaskObjectAction.run(RunTaskObjectAction.java:42)
	at java.lang.Thread.run(Thread.java:722)

2018-03-28 14:22:30.434 CST com.amarsoft.are.ARE com.amarsoft.app.datax.bcr.AmarBCR.main().35 [INFO] 自动计算后businessOccurDate：2018/03/27
2018-03-28 14:22:36.271 CST com.amarsoft.are.ARE com.amarsoft.task.ui.RunTaskObjectAction.run().31 [INFO] 开始运行任务对象......
2018-03-28 14:22:36.274 CST com.amarsoft.are.ARE com.amarsoft.task.TaskObject.trace().119 [INFO] BCRDataValidate[融资性担保业务数据校验] start! Task user: Administrator(Administrator)
2018-03-28 14:22:36.276 CST com.amarsoft.are.ARE com.amarsoft.task.TaskObject.trace().119 [INFO] GuaranteeDataValidate[业务数据校验] start! Task user: Administrator(Administrator)
2018-03-28 14:22:36.278 CST com.amarsoft.are.ARE com.amarsoft.app.datax.bcr.common.BCRTaskListener.unitStart().288 [INFO] 进入 Unit=GuaranteeDataValidate[业务数据校验]
2018-03-28 14:22:46.267 CST com.amarsoft.are.ARE com.amarsoft.are.sql.PooledConnectionFactory.addDataSource().136 [INFO] org.apache.commons.dbcp.datasources.SharedPoolDataSource@1ec3637d
2018-03-28 14:22:46.270 CST com.amarsoft.are.ARE com.amarsoft.are.sql.PooledConnectionFactory.addDataSource().136 [INFO] org.apache.commons.dbcp.datasources.SharedPoolDataSource@2db8b352
2018-03-28 14:23:12.627 CST com.amarsoft.are.ARE com.amarsoft.app.datax.bcr.common.BCRTaskListener.listenerDBInit().78 [ERROR] 监听器启动失败,将停止监听，该操作不会影响批量运行，错误信息： <java.sql.SQLException: Io 异常: Invalid number format for port number>java.sql.SQLException: Io 异常: Invalid number format for port number
	at oracle.jdbc.driver.DatabaseError.throwSqlException(DatabaseError.java:145)
	at oracle.jdbc.driver.DatabaseError.throwSqlException(DatabaseError.java:190)
	at oracle.jdbc.driver.DatabaseError.throwSqlException(DatabaseError.java:363)
	at oracle.jdbc.driver.T4CConnection.logon(T4CConnection.java:401)
	at oracle.jdbc.driver.PhysicalConnection.<init>(PhysicalConnection.java:466)
	at oracle.jdbc.driver.T4CConnection.<init>(T4CConnection.java:165)
	at oracle.jdbc.driver.T4CDriverExtension.getConnection(T4CDriverExtension.java:35)
	at oracle.jdbc.driver.OracleDriver.connect(OracleDriver.java:839)
	at java.sql.DriverManager.getConnection(DriverManager.java:579)
	at java.sql.DriverManager.getConnection(DriverManager.java:221)
	at org.apache.commons.dbcp.cpdsadapter.DriverAdapterCPDS.getPooledConnection(DriverAdapterCPDS.java:177)
	at org.apache.commons.dbcp.cpdsadapter.DriverAdapterCPDS.getPooledConnection(DriverAdapterCPDS.java:132)
	at org.apache.commons.dbcp.datasources.InstanceKeyDataSource.testCPDS(InstanceKeyDataSource.java:749)
	at org.apache.commons.dbcp.datasources.SharedPoolDataSource.registerPool(SharedPoolDataSource.java:202)
	at org.apache.commons.dbcp.datasources.SharedPoolDataSource.getPooledConnectionAndInfo(SharedPoolDataSource.java:159)
	at org.apache.commons.dbcp.datasources.InstanceKeyDataSource.getConnection(InstanceKeyDataSource.java:669)
	at org.apache.commons.dbcp.datasources.InstanceKeyDataSource.getConnection(InstanceKeyDataSource.java:653)
	at com.amarsoft.are.sql.PooledConnectionFactory.getInstance(PooledConnectionFactory.java:68)
	at com.amarsoft.are.sql.DBConnectionFactory.getConnection(DBConnectionFactory.java:80)
	at com.amarsoft.are.ARE.getDBConnection(ARE.java:86)
	at com.amarsoft.app.datax.bcr.common.BCRTaskListener.listenerDBInit(BCRTaskListener.java:64)
	at com.amarsoft.app.datax.bcr.common.BCRTaskListener.runBefore(BCRTaskListener.java:92)
	at com.amarsoft.app.datax.bcr.common.BCRTaskListener.unitStart(BCRTaskListener.java:294)
	at com.amarsoft.task.Task.fireTaskEvent(Task.java:259)
	at com.amarsoft.task.Task.fireTaskEvent(Task.java:235)
	at com.amarsoft.task.Target.fireTaskEvent(Target.java:316)
	at com.amarsoft.task.Target.executeUnit(Target.java:229)
	at com.amarsoft.task.Task.executeUnit(Task.java:105)
	at com.amarsoft.task.ui.RunTaskObjectAction.run(RunTaskObjectAction.java:42)
	at java.lang.Thread.run(Thread.java:722)
java.sql.SQLException: Io 异常: Invalid number format for port number
	at oracle.jdbc.driver.DatabaseError.throwSqlException(DatabaseError.java:145)
	at oracle.jdbc.driver.DatabaseError.throwSqlException(DatabaseError.java:190)
	at oracle.jdbc.driver.DatabaseError.throwSqlException(DatabaseError.java:363)
	at oracle.jdbc.driver.T4CConnection.logon(T4CConnection.java:401)
	at oracle.jdbc.driver.PhysicalConnection.<init>(PhysicalConnection.java:466)
	at oracle.jdbc.driver.T4CConnection.<init>(T4CConnection.java:165)
	at oracle.jdbc.driver.T4CDriverExtension.getConnection(T4CDriverExtension.java:35)
	at oracle.jdbc.driver.OracleDriver.connect(OracleDriver.java:839)
	at java.sql.DriverManager.getConnection(DriverManager.java:579)
	at java.sql.DriverManager.getConnection(DriverManager.java:221)
	at org.apache.commons.dbcp.cpdsadapter.DriverAdapterCPDS.getPooledConnection(DriverAdapterCPDS.java:177)
	at org.apache.commons.dbcp.cpdsadapter.DriverAdapterCPDS.getPooledConnection(DriverAdapterCPDS.java:132)
	at org.apache.commons.dbcp.datasources.InstanceKeyDataSource.testCPDS(InstanceKeyDataSource.java:749)
	at org.apache.commons.dbcp.datasources.SharedPoolDataSource.registerPool(SharedPoolDataSource.java:202)
	at org.apache.commons.dbcp.datasources.SharedPoolDataSource.getPooledConnectionAndInfo(SharedPoolDataSource.java:159)
	at org.apache.commons.dbcp.datasources.InstanceKeyDataSource.getConnection(InstanceKeyDataSource.java:669)
	at org.apache.commons.dbcp.datasources.InstanceKeyDataSource.getConnection(InstanceKeyDataSource.java:653)
	at com.amarsoft.are.sql.PooledConnectionFactory.getInstance(PooledConnectionFactory.java:68)
	at com.amarsoft.are.sql.DBConnectionFactory.getConnection(DBConnectionFactory.java:80)
	at com.amarsoft.are.ARE.getDBConnection(ARE.java:86)
	at com.amarsoft.app.datax.bcr.common.BCRTaskListener.listenerDBInit(BCRTaskListener.java:64)
	at com.amarsoft.app.datax.bcr.common.BCRTaskListener.runBefore(BCRTaskListener.java:92)
	at com.amarsoft.app.datax.bcr.common.BCRTaskListener.unitStart(BCRTaskListener.java:294)
	at com.amarsoft.task.Task.fireTaskEvent(Task.java:259)
	at com.amarsoft.task.Task.fireTaskEvent(Task.java:235)
	at com.amarsoft.task.Target.fireTaskEvent(Target.java:316)
	at com.amarsoft.task.Target.executeUnit(Target.java:229)
	at com.amarsoft.task.Task.executeUnit(Task.java:105)
	at com.amarsoft.task.ui.RunTaskObjectAction.run(RunTaskObjectAction.java:42)
	at java.lang.Thread.run(Thread.java:722)

2018-03-28 14:25:35.739 CST com.amarsoft.are.ARE com.amarsoft.app.datax.bcr.AmarBCR.main().35 [INFO] 自动计算后businessOccurDate：2018/03/27
2018-03-28 14:25:37.966 CST com.amarsoft.are.ARE com.amarsoft.task.ui.RunTaskObjectAction.run().31 [INFO] 开始运行任务对象......
2018-03-28 14:25:37.970 CST com.amarsoft.are.ARE com.amarsoft.task.TaskObject.trace().119 [INFO] BCRDataValidate[融资性担保业务数据校验] start! Task user: Administrator(Administrator)
2018-03-28 14:25:37.972 CST com.amarsoft.are.ARE com.amarsoft.task.TaskObject.trace().119 [INFO] GuaranteeDataValidate[业务数据校验] start! Task user: Administrator(Administrator)
2018-03-28 14:25:37.977 CST com.amarsoft.are.ARE com.amarsoft.app.datax.bcr.common.BCRTaskListener.unitStart().288 [INFO] 进入 Unit=GuaranteeDataValidate[业务数据校验]
2018-03-28 14:25:45.591 CST com.amarsoft.are.ARE com.amarsoft.are.sql.PooledConnectionFactory.addDataSource().136 [INFO] org.apache.commons.dbcp.datasources.SharedPoolDataSource@74f50af4
2018-03-28 14:25:45.598 CST com.amarsoft.are.ARE com.amarsoft.are.sql.PooledConnectionFactory.addDataSource().136 [INFO] org.apache.commons.dbcp.datasources.SharedPoolDataSource@3a25529
2018-03-28 14:26:00.647 CST com.amarsoft.are.ARE com.amarsoft.app.datax.bcr.common.BCRTaskListener.listenerDBInit().73 [INFO] target 开始启动
2018-03-28 14:26:46.017 CST com.amarsoft.are.ARE com.amarsoft.app.datax.bcr.session.MessageProcessSession.start().91 [INFO] 初始化报文处理过程[1111111111]......
2018-03-28 14:26:46.673 CST com.amarsoft.are.ARE com.amarsoft.app.datax.bcr.session.MessageProcessSession.start().93 [INFO] 初始化报文处理过程完成！
2018-03-28 14:26:46.676 CST com.amarsoft.are.ARE com.amarsoft.app.datax.bcr.session.MessageProcessSession.start().101 [INFO] 检查报文处理过程条件[1111111111]......
2018-03-28 14:26:46.679 CST com.amarsoft.are.ARE com.amarsoft.app.datax.bcr.session.MessageProcessSession.start().103 [INFO] 处理条件就绪！
2018-03-28 14:26:46.685 CST com.amarsoft.are.ARE com.amarsoft.app.datax.bcr.session.MessageProcessSession.start().111 [INFO] 执行处理报文处理过程[1111111111]......
2018-03-28 14:26:47.118 CST com.amarsoft.are.ARE com.amarsoft.app.datax.bcr.session.MessageProcessSession.start().113 [INFO] 执行报文处理过程完成！
2018-03-28 14:26:47.120 CST com.amarsoft.are.ARE com.amarsoft.app.datax.bcr.session.ValidateSession.postProcess().84 [INFO] 共校验记录数：0, 其中正确记录：0, 检验到错误数：0, 错误关联记录：0
2018-03-28 14:26:47.122 CST com.amarsoft.are.ARE com.amarsoft.app.datax.bcr.session.MessageProcessSessionUnit.execute().49 [INFO] 运行处理过程1111111111成功！
2018-03-28 14:26:47.125 CST com.amarsoft.are.ARE com.amarsoft.app.datax.bcr.common.BCRTaskListener.unitExit().301 [INFO] 退出 Unit=GuaranteeDataValidate[业务数据校验]
2018-03-28 14:26:49.677 CST com.amarsoft.are.ARE com.amarsoft.app.datax.bcr.common.BCRTaskListener.runAfter().228 [INFO] isInsert:true,inputDate:2018/03/27,serialNO:1,TaskCode:BCRDataValidate,startTime:2018/03/28 14:26:06,endTime:2018/03/28 14:26:49,unitCode:GuaranteeDataValidate,unitDisc:业务数据校验,timeDis:0:00:47
2018-03-28 14:26:49.678 CST com.amarsoft.are.ARE com.amarsoft.task.ui.RunTaskObjectAction.run().46 [INFO] 任务对象运行结束！
2018-03-28 14:26:58.855 CST com.amarsoft.are.ARE com.amarsoft.task.ui.RunTaskObjectAction.run().31 [INFO] 开始运行任务对象......
2018-03-28 14:26:58.856 CST com.amarsoft.are.ARE com.amarsoft.task.TaskObject.trace().119 [INFO] BCRDataValidate[融资性担保业务数据校验] start! Task user: Administrator(Administrator)
2018-03-28 14:26:58.857 CST com.amarsoft.are.ARE com.amarsoft.task.TaskObject.trace().119 [INFO] GDataChengeValidate[变更记录校验] start! Task user: Administrator(Administrator)
2018-03-28 14:26:58.857 CST com.amarsoft.are.ARE com.amarsoft.app.datax.bcr.common.BCRTaskListener.unitStart().288 [INFO] 进入 Unit=GDataChengeValidate[变更记录校验]
2018-03-28 14:27:08.926 CST com.amarsoft.are.ARE com.amarsoft.app.datax.bcr.session.MessageProcessSession.start().91 [INFO] 初始化报文处理过程[1111111111]......
2018-03-28 14:27:08.949 CST com.amarsoft.are.ARE com.amarsoft.app.datax.bcr.session.MessageProcessSession.start().93 [INFO] 初始化报文处理过程完成！
2018-03-28 14:27:08.954 CST com.amarsoft.are.ARE com.amarsoft.app.datax.bcr.session.MessageProcessSession.start().101 [INFO] 检查报文处理过程条件[1111111111]......
2018-03-28 14:27:08.955 CST com.amarsoft.are.ARE com.amarsoft.app.datax.bcr.session.MessageProcessSession.start().103 [INFO] 处理条件就绪！
2018-03-28 14:27:08.956 CST com.amarsoft.are.ARE com.amarsoft.app.datax.bcr.session.MessageProcessSession.start().111 [INFO] 执行处理报文处理过程[1111111111]......
2018-03-28 14:27:09.137 CST com.amarsoft.are.ARE com.amarsoft.app.datax.bcr.session.MessageProcessSession.start().113 [INFO] 执行报文处理过程完成！
2018-03-28 14:27:09.138 CST com.amarsoft.are.ARE com.amarsoft.app.datax.bcr.session.ValidateSession.postProcess().84 [INFO] 共校验记录数：1, 其中正确记录：1, 检验到错误数：0, 错误关联记录：0
2018-03-28 14:27:09.139 CST com.amarsoft.are.ARE com.amarsoft.app.datax.bcr.session.MessageProcessSessionUnit.execute().49 [INFO] 运行处理过程1111111111成功！
2018-03-28 14:27:09.141 CST com.amarsoft.are.ARE com.amarsoft.app.datax.bcr.common.BCRTaskListener.unitExit().301 [INFO] 退出 Unit=GDataChengeValidate[变更记录校验]
2018-03-28 14:27:09.146 CST com.amarsoft.are.ARE com.amarsoft.app.datax.bcr.common.BCRTaskListener.runAfter().228 [INFO] isInsert:true,inputDate:2018/03/27,serialNO:2,TaskCode:BCRDataValidate,startTime:2018/03/28 14:27:08,endTime:2018/03/28 14:27:09,unitCode:GDataChengeValidate,unitDisc:变更记录校验,timeDis:0:00:01
2018-03-28 14:27:09.146 CST com.amarsoft.are.ARE com.amarsoft.task.ui.RunTaskObjectAction.run().46 [INFO] 任务对象运行结束！
2018-03-28 14:27:12.863 CST com.amarsoft.are.ARE com.amarsoft.task.ui.RunTaskObjectAction.run().31 [INFO] 开始运行任务对象......
2018-03-28 14:27:12.863 CST com.amarsoft.are.ARE com.amarsoft.task.TaskObject.trace().119 [INFO] BCRDataValidate[融资性担保业务数据校验] start! Task user: Administrator(Administrator)
2018-03-28 14:27:12.880 CST com.amarsoft.are.ARE com.amarsoft.task.TaskObject.trace().119 [INFO] GDataDeleteValidate[删除记录校验] start! Task user: Administrator(Administrator)
2018-03-28 14:27:12.884 CST com.amarsoft.are.ARE com.amarsoft.app.datax.bcr.common.BCRTaskListener.unitStart().288 [INFO] 进入 Unit=GDataDeleteValidate[删除记录校验]
2018-03-28 14:27:12.953 CST com.amarsoft.are.ARE com.amarsoft.app.datax.bcr.session.MessageProcessSession.start().91 [INFO] 初始化报文处理过程[1111111111]......
2018-03-28 14:27:12.967 CST com.amarsoft.are.ARE com.amarsoft.app.datax.bcr.session.MessageProcessSession.start().93 [INFO] 初始化报文处理过程完成！
2018-03-28 14:27:12.967 CST com.amarsoft.are.ARE com.amarsoft.app.datax.bcr.session.MessageProcessSession.start().101 [INFO] 检查报文处理过程条件[1111111111]......
2018-03-28 14:27:12.968 CST com.amarsoft.are.ARE com.amarsoft.app.datax.bcr.session.MessageProcessSession.start().103 [INFO] 处理条件就绪！
2018-03-28 14:27:12.968 CST com.amarsoft.are.ARE com.amarsoft.app.datax.bcr.session.MessageProcessSession.start().111 [INFO] 执行处理报文处理过程[1111111111]......
2018-03-28 14:27:13.099 CST com.amarsoft.are.ARE com.amarsoft.app.datax.bcr.session.MessageProcessSession.start().116 [ERROR] 执行报文处理过程失败！
2018-03-28 14:27:13.118 CST com.amarsoft.are.ARE com.amarsoft.app.datax.bcr.session.MessageProcessSessionUnit.execute().43 [FATAL] 运行处理过程1111111111失败 <com.amarsoft.app.datax.bcr.BCRException: 执行报文处理过程失败！>com.amarsoft.app.datax.bcr.BCRException: 执行报文处理过程失败！
	at com.amarsoft.app.datax.bcr.session.MessageProcessSession.start(MessageProcessSession.java:117)
	at com.amarsoft.app.datax.bcr.session.MessageProcessSessionUnit.execute(MessageProcessSessionUnit.java:41)
	at com.amarsoft.task.Target.executeUnit(Target.java:231)
	at com.amarsoft.task.Task.executeUnit(Task.java:105)
	at com.amarsoft.task.ui.RunTaskObjectAction.run(RunTaskObjectAction.java:42)
	at java.lang.Thread.run(Thread.java:722)
com.amarsoft.app.datax.bcr.BCRException: 执行报文处理过程失败！
	at com.amarsoft.app.datax.bcr.session.MessageProcessSession.start(MessageProcessSession.java:117)
	at com.amarsoft.app.datax.bcr.session.MessageProcessSessionUnit.execute(MessageProcessSessionUnit.java:41)
	at com.amarsoft.task.Target.executeUnit(Target.java:231)
	at com.amarsoft.task.Task.executeUnit(Task.java:105)
	at com.amarsoft.task.ui.RunTaskObjectAction.run(RunTaskObjectAction.java:42)
	at java.lang.Thread.run(Thread.java:722)

2018-03-28 14:27:13.119 CST com.amarsoft.are.ARE com.amarsoft.app.datax.bcr.common.BCRTaskListener.unitExit().301 [INFO] 退出 Unit=GDataDeleteValidate[删除记录校验]
2018-03-28 14:27:13.122 CST com.amarsoft.are.ARE com.amarsoft.app.datax.bcr.common.BCRTaskListener.runAfter().228 [INFO] isInsert:true,inputDate:2018/03/27,serialNO:3,TaskCode:BCRDataValidate,startTime:2018/03/28 14:27:12,endTime:2018/03/28 14:27:13,unitCode:GDataDeleteValidate,unitDisc:删除记录校验,timeDis:0:00:01
2018-03-28 14:27:13.123 CST com.amarsoft.are.ARE com.amarsoft.task.ui.RunTaskObjectAction.run().46 [INFO] 任务对象运行结束！
2018-03-28 14:29:48.891 CST com.amarsoft.are.ARE com.amarsoft.app.datax.bcr.AmarBCR.main().35 [INFO] 自动计算后businessOccurDate：2018/03/27
2018-03-28 14:29:50.640 CST com.amarsoft.are.ARE com.amarsoft.task.ui.RunTaskObjectAction.run().31 [INFO] 开始运行任务对象......
2018-03-28 14:29:50.643 CST com.amarsoft.are.ARE com.amarsoft.task.TaskObject.trace().119 [INFO] BCRDataValidate[融资性担保业务数据校验] start! Task user: Administrator(Administrator)
2018-03-28 14:29:50.645 CST com.amarsoft.are.ARE com.amarsoft.task.TaskObject.trace().119 [INFO] GDataDeleteValidate[删除记录校验] start! Task user: Administrator(Administrator)
2018-03-28 14:29:50.647 CST com.amarsoft.are.ARE com.amarsoft.app.datax.bcr.common.BCRTaskListener.unitStart().288 [INFO] 进入 Unit=GDataDeleteValidate[删除记录校验]
2018-03-28 14:29:50.682 CST com.amarsoft.are.ARE com.amarsoft.are.sql.PooledConnectionFactory.addDataSource().136 [INFO] org.apache.commons.dbcp.datasources.SharedPoolDataSource@5cee4df5
2018-03-28 14:29:50.686 CST com.amarsoft.are.ARE com.amarsoft.are.sql.PooledConnectionFactory.addDataSource().136 [INFO] org.apache.commons.dbcp.datasources.SharedPoolDataSource@21403f7d
2018-03-28 14:29:51.193 CST com.amarsoft.are.ARE com.amarsoft.app.datax.bcr.common.BCRTaskListener.listenerDBInit().73 [INFO] target 开始启动
2018-03-28 14:30:19.742 CST com.amarsoft.are.ARE com.amarsoft.app.datax.bcr.session.MessageProcessSession.start().91 [INFO] 初始化报文处理过程[1111111111]......
2018-03-28 14:30:43.718 CST com.amarsoft.are.ARE com.amarsoft.app.datax.bcr.session.MessageProcessSession.start().93 [INFO] 初始化报文处理过程完成！
2018-03-28 14:30:57.491 CST com.amarsoft.are.ARE com.amarsoft.app.datax.bcr.session.MessageProcessSession.start().101 [INFO] 检查报文处理过程条件[1111111111]......
2018-03-28 14:30:59.208 CST com.amarsoft.are.ARE com.amarsoft.app.datax.bcr.session.MessageProcessSession.start().103 [INFO] 处理条件就绪！
2018-03-28 14:31:02.909 CST com.amarsoft.are.ARE com.amarsoft.app.datax.bcr.session.MessageProcessSession.start().111 [INFO] 执行处理报文处理过程[1111111111]......
2018-03-28 14:32:18.945 CST com.amarsoft.are.ARE com.amarsoft.app.datax.bcr.AmarBCR.main().35 [INFO] 自动计算后businessOccurDate：2018/03/27
2018-03-28 14:32:21.687 CST com.amarsoft.are.ARE com.amarsoft.task.ui.RunTaskObjectAction.run().31 [INFO] 开始运行任务对象......
2018-03-28 14:32:21.692 CST com.amarsoft.are.ARE com.amarsoft.task.TaskObject.trace().119 [INFO] BCRDataValidate[融资性担保业务数据校验] start! Task user: Administrator(Administrator)
2018-03-28 14:32:21.694 CST com.amarsoft.are.ARE com.amarsoft.task.TaskObject.trace().119 [INFO] GDataDeleteValidate[删除记录校验] start! Task user: Administrator(Administrator)
2018-03-28 14:32:21.695 CST com.amarsoft.are.ARE com.amarsoft.app.datax.bcr.common.BCRTaskListener.unitStart().288 [INFO] 进入 Unit=GDataDeleteValidate[删除记录校验]
2018-03-28 14:32:21.732 CST com.amarsoft.are.ARE com.amarsoft.are.sql.PooledConnectionFactory.addDataSource().136 [INFO] org.apache.commons.dbcp.datasources.SharedPoolDataSource@3641fc8c
2018-03-28 14:32:21.734 CST com.amarsoft.are.ARE com.amarsoft.are.sql.PooledConnectionFactory.addDataSource().136 [INFO] org.apache.commons.dbcp.datasources.SharedPoolDataSource@262b6728
2018-03-28 14:32:22.136 CST com.amarsoft.are.ARE com.amarsoft.app.datax.bcr.common.BCRTaskListener.listenerDBInit().73 [INFO] target 开始启动
2018-03-28 14:32:35.562 CST com.amarsoft.are.ARE com.amarsoft.app.datax.bcr.session.MessageProcessSession.start().91 [INFO] 初始化报文处理过程[1111111111]......
2018-03-28 14:32:36.080 CST com.amarsoft.are.ARE com.amarsoft.app.datax.bcr.session.MessageProcessSession.start().93 [INFO] 初始化报文处理过程完成！
2018-03-28 14:32:36.081 CST com.amarsoft.are.ARE com.amarsoft.app.datax.bcr.session.MessageProcessSession.start().101 [INFO] 检查报文处理过程条件[1111111111]......
2018-03-28 14:32:36.082 CST com.amarsoft.are.ARE com.amarsoft.app.datax.bcr.session.MessageProcessSession.start().103 [INFO] 处理条件就绪！
2018-03-28 14:32:36.083 CST com.amarsoft.are.ARE com.amarsoft.app.datax.bcr.session.MessageProcessSession.start().111 [INFO] 执行处理报文处理过程[1111111111]......
2018-03-28 14:33:19.372 CST com.amarsoft.are.ARE com.amarsoft.app.datax.bcr.session.MessageProcessSession.process().70 [ERROR] java.sql.SQLException: 列名无效 (Caused by 列名无效) <com.amarsoft.app.datax.bcr.BCRException: java.sql.SQLException: 列名无效 (Caused by 列名无效)>com.amarsoft.app.datax.bcr.BCRException: java.sql.SQLException: 列名无效 (Caused by 列名无效)
	at com.amarsoft.app.datax.bcr.bizcollect.mbr.MBRGuaranteeDelete.fillRecord(MBRGuaranteeDelete.java:45)
	at com.amarsoft.app.datax.bcr.message.MessageBodyReader.read(MessageBodyReader.java:42)
	at com.amarsoft.app.datax.bcr.message.MessageSet.parse(MessageSet.java:126)
	at com.amarsoft.app.datax.bcr.session.MessageProcessSession.process(MessageProcessSession.java:68)
	at com.amarsoft.app.datax.bcr.session.MessageProcessSession.start(MessageProcessSession.java:112)
	at com.amarsoft.app.datax.bcr.session.MessageProcessSessionUnit.execute(MessageProcessSessionUnit.java:41)
	at com.amarsoft.task.Target.executeUnit(Target.java:231)
	at com.amarsoft.task.Task.executeUnit(Task.java:105)
	at com.amarsoft.task.ui.RunTaskObjectAction.run(RunTaskObjectAction.java:42)
	at java.lang.Thread.run(Thread.java:722)
Caused by: java.sql.SQLException: 列名无效
	at oracle.jdbc.driver.DatabaseError.throwSqlException(DatabaseError.java:145)
	at oracle.jdbc.driver.DatabaseError.throwSqlException(DatabaseError.java:190)
	at oracle.jdbc.driver.DatabaseError.throwSqlException(DatabaseError.java:286)
	at oracle.jdbc.driver.OracleStatement.getColumnIndex(OracleStatement.java:4023)
	at oracle.jdbc.driver.OracleResultSetImpl.findColumn(OracleResultSetImpl.java:2647)
	at oracle.jdbc.driver.OracleResultSet.getString(OracleResultSet.java:1515)
	at com.amarsoft.app.datax.bcr.bizcollect.mbr.MBRGuaranteeDelete.fillRecord(MBRGuaranteeDelete.java:39)
	... 9 more
com.amarsoft.app.datax.bcr.BCRException: java.sql.SQLException: 列名无效 (Caused by 列名无效)
	at com.amarsoft.app.datax.bcr.bizcollect.mbr.MBRGuaranteeDelete.fillRecord(MBRGuaranteeDelete.java:45)
	at com.amarsoft.app.datax.bcr.message.MessageBodyReader.read(MessageBodyReader.java:42)
	at com.amarsoft.app.datax.bcr.message.MessageSet.parse(MessageSet.java:126)
	at com.amarsoft.app.datax.bcr.session.MessageProcessSession.process(MessageProcessSession.java:68)
	at com.amarsoft.app.datax.bcr.session.MessageProcessSession.start(MessageProcessSession.java:112)
	at com.amarsoft.app.datax.bcr.session.MessageProcessSessionUnit.execute(MessageProcessSessionUnit.java:41)
	at com.amarsoft.task.Target.executeUnit(Target.java:231)
	at com.amarsoft.task.Task.executeUnit(Task.java:105)
	at com.amarsoft.task.ui.RunTaskObjectAction.run(RunTaskObjectAction.java:42)
	at java.lang.Thread.run(Thread.java:722)
Caused by: java.sql.SQLException: 列名无效
	at oracle.jdbc.driver.DatabaseError.throwSqlException(DatabaseError.java:145)
	at oracle.jdbc.driver.DatabaseError.throwSqlException(DatabaseError.java:190)
	at oracle.jdbc.driver.DatabaseError.throwSqlException(DatabaseError.java:286)
	at oracle.jdbc.driver.OracleStatement.getColumnIndex(OracleStatement.java:4023)
	at oracle.jdbc.driver.OracleResultSetImpl.findColumn(OracleResultSetImpl.java:2647)
	at oracle.jdbc.driver.OracleResultSet.getString(OracleResultSet.java:1515)
	at com.amarsoft.app.datax.bcr.bizcollect.mbr.MBRGuaranteeDelete.fillRecord(MBRGuaranteeDelete.java:39)
	... 9 more

