2018-03-26 13:45:02.384 CST com.amarsoft.are.ARE com.amarsoft.app.datax.bcr.AmarBCR.main().35 [INFO] 自动计算后businessOccurDate：2018/03/25
2018-03-26 13:46:23.291 CST com.amarsoft.are.ARE com.amarsoft.app.datax.bcr.AmarBCR.main().35 [INFO] 自动计算后businessOccurDate：2018/03/25
2018-03-26 13:46:30.445 CST com.amarsoft.are.ARE com.amarsoft.task.ui.RunTaskObjectAction.run().31 [INFO] 开始运行任务对象......
2018-03-26 13:46:30.465 CST com.amarsoft.are.ARE com.amarsoft.task.TaskObject.trace().119 [INFO] GCI[BCR标准批量任务处理] start! Task user: Administrator(Administrator)
2018-03-26 13:46:30.466 CST com.amarsoft.are.ARE com.amarsoft.task.TaskObject.trace().119 [INFO] ImpGuaranteeInfo[导入担保基础信息临时表] start! Task user: Administrator(Administrator)
2018-03-26 13:46:30.467 CST com.amarsoft.are.ARE com.amarsoft.app.datax.bcr.common.BCRTaskListener.unitStart().288 [INFO] 进入 Unit=ImpGuaranteeInfo[导入担保基础信息临时表]
2018-03-26 13:46:30.687 CST com.amarsoft.are.ARE com.amarsoft.are.sql.PooledConnectionFactory.addDataSource().136 [INFO] org.apache.commons.dbcp.datasources.SharedPoolDataSource@3a764008
2018-03-26 13:46:30.688 CST com.amarsoft.are.ARE com.amarsoft.are.sql.PooledConnectionFactory.addDataSource().136 [INFO] org.apache.commons.dbcp.datasources.SharedPoolDataSource@5377adc1
2018-03-26 13:46:31.406 CST com.amarsoft.are.ARE com.amarsoft.app.datax.bcr.common.BCRTaskListener.listenerDBInit().73 [INFO] target 开始启动
2018-03-26 13:46:31.606 CST com.amarsoft.are.ARE com.amarsoft.task.units.dpx.PRHUnit.execute().254 [INFO] 导入担保基础信息临时表开始...
2018-03-26 13:46:31.947 CST com.amarsoft.are.ARE com.amarsoft.task.units.dpx.PRHUnit.execute().362 [FATAL] 导入担保基础信息临时表失败!--解析处理Record过程出错
2018-03-26 13:46:31.949 CST com.amarsoft.are.ARE com.amarsoft.app.datax.bcr.common.BCRTaskListener.unitExit().301 [INFO] 退出 Unit=ImpGuaranteeInfo[导入担保基础信息临时表]
2018-03-26 13:46:32.009 CST com.amarsoft.are.ARE com.amarsoft.app.datax.bcr.common.BCRTaskListener.runAfter().228 [INFO] isInsert:true,inputDate:2018/03/25,serialNO:1,TaskCode:BCRDataInit,startTime:2018/03/26 13:46:31,endTime:2018/03/26 13:46:31,unitCode:ImpGuaranteeInfo,unitDisc:导入担保基础信息临时表,timeDis:0:00:00
2018-03-26 13:46:32.012 CST com.amarsoft.are.ARE com.amarsoft.task.ui.RunTaskObjectAction.run().46 [INFO] 任务对象运行结束！
2018-03-26 14:20:08.597 CST com.amarsoft.are.ARE com.amarsoft.app.datax.bcr.AmarBCR.main().35 [INFO] 自动计算后businessOccurDate：2018/03/25
2018-03-26 14:20:10.406 CST com.amarsoft.are.ARE com.amarsoft.task.ui.RunTaskObjectAction.run().31 [INFO] 开始运行任务对象......
2018-03-26 14:20:10.410 CST com.amarsoft.are.ARE com.amarsoft.task.TaskObject.trace().119 [INFO] GuaranteeBusinessImport[融资性担保业务抽取] start! Task user: Administrator(Administrator)
2018-03-26 14:20:10.411 CST com.amarsoft.are.ARE com.amarsoft.task.TaskObject.trace().119 [INFO] GuaranteeInfo[导入担保基础信息表] start! Task user: Administrator(Administrator)
2018-03-26 14:20:10.412 CST com.amarsoft.are.ARE com.amarsoft.app.datax.bcr.common.BCRTaskListener.unitStart().288 [INFO] 进入 Unit=GuaranteeInfo[导入担保基础信息表]
2018-03-26 14:20:10.445 CST com.amarsoft.are.ARE com.amarsoft.are.sql.PooledConnectionFactory.addDataSource().136 [INFO] org.apache.commons.dbcp.datasources.SharedPoolDataSource@512c7a7c
2018-03-26 14:20:10.446 CST com.amarsoft.are.ARE com.amarsoft.are.sql.PooledConnectionFactory.addDataSource().136 [INFO] org.apache.commons.dbcp.datasources.SharedPoolDataSource@49a54068
2018-03-26 14:20:10.833 CST com.amarsoft.are.ARE com.amarsoft.app.datax.bcr.common.BCRTaskListener.listenerDBInit().73 [INFO] target 开始启动
2018-03-26 14:20:10.912 CST com.amarsoft.are.ARE com.amarsoft.task.units.dpx.PRHUnit.execute().254 [INFO] 导入担保基础信息表开始...
2018-03-26 14:20:15.320 CST com.amarsoft.are.ARE com.amarsoft.task.units.dpx.PRHUnit.execute().364 [INFO] 导入担保基础信息表完成!
2018-03-26 14:20:15.323 CST com.amarsoft.are.ARE com.amarsoft.app.datax.bcr.common.BCRTaskListener.unitExit().301 [INFO] 退出 Unit=GuaranteeInfo[导入担保基础信息表]
2018-03-26 14:20:15.364 CST com.amarsoft.are.ARE com.amarsoft.app.datax.bcr.common.BCRTaskListener.runAfter().228 [INFO] isInsert:true,inputDate:2018/03/25,serialNO:2,TaskCode:BCRDataPrepare,startTime:2018/03/26 14:20:10,endTime:2018/03/26 14:20:15,unitCode:GuaranteeInfo,unitDisc:导入担保基础信息表,timeDis:0:00:05
2018-03-26 14:20:15.365 CST com.amarsoft.are.ARE com.amarsoft.task.ui.RunTaskObjectAction.run().46 [INFO] 任务对象运行结束！
2018-03-26 14:20:21.413 CST com.amarsoft.are.ARE com.amarsoft.task.ui.RunTaskObjectAction.run().31 [INFO] 开始运行任务对象......
2018-03-26 14:20:21.415 CST com.amarsoft.are.ARE com.amarsoft.task.TaskObject.trace().119 [INFO] GuaranteeBusinessImport[融资性担保业务抽取] start! Task user: Administrator(Administrator)
2018-03-26 14:20:21.416 CST com.amarsoft.are.ARE com.amarsoft.task.TaskObject.trace().119 [INFO] GuaranteeCont[导入担保合同信息表] start! Task user: Administrator(Administrator)
2018-03-26 14:20:21.422 CST com.amarsoft.are.ARE com.amarsoft.app.datax.bcr.common.BCRTaskListener.unitStart().288 [INFO] 进入 Unit=GuaranteeCont[导入担保合同信息表]
2018-03-26 14:20:21.426 CST com.amarsoft.are.ARE com.amarsoft.task.units.dpx.PRHUnit.execute().254 [INFO] 导入担保合同信息表开始...
2018-03-26 14:20:25.159 CST com.amarsoft.are.ARE com.amarsoft.task.units.dpx.PRHUnit.execute().364 [INFO] 导入担保合同信息表完成!
2018-03-26 14:20:25.160 CST com.amarsoft.are.ARE com.amarsoft.app.datax.bcr.common.BCRTaskListener.unitExit().301 [INFO] 退出 Unit=GuaranteeCont[导入担保合同信息表]
2018-03-26 14:20:25.167 CST com.amarsoft.are.ARE com.amarsoft.app.datax.bcr.common.BCRTaskListener.runAfter().228 [INFO] isInsert:true,inputDate:2018/03/25,serialNO:3,TaskCode:BCRDataPrepare,startTime:2018/03/26 14:20:21,endTime:2018/03/26 14:20:25,unitCode:GuaranteeCont,unitDisc:导入担保合同信息表,timeDis:0:00:04
2018-03-26 14:20:25.168 CST com.amarsoft.are.ARE com.amarsoft.task.ui.RunTaskObjectAction.run().46 [INFO] 任务对象运行结束！
2018-03-26 14:20:28.092 CST com.amarsoft.are.ARE com.amarsoft.task.ui.RunTaskObjectAction.run().31 [INFO] 开始运行任务对象......
2018-03-26 14:20:28.094 CST com.amarsoft.are.ARE com.amarsoft.task.TaskObject.trace().119 [INFO] GuaranteeBusinessImport[融资性担保业务抽取] start! Task user: Administrator(Administrator)
2018-03-26 14:20:28.094 CST com.amarsoft.are.ARE com.amarsoft.task.TaskObject.trace().119 [INFO] Insureds[导入被担保人信息表] start! Task user: Administrator(Administrator)
2018-03-26 14:20:28.095 CST com.amarsoft.are.ARE com.amarsoft.app.datax.bcr.common.BCRTaskListener.unitStart().288 [INFO] 进入 Unit=Insureds[导入被担保人信息表]
2018-03-26 14:20:28.107 CST com.amarsoft.are.ARE com.amarsoft.task.units.dpx.PRHUnit.execute().254 [INFO] 导入被担保人信息表开始...
2018-03-26 14:20:31.195 CST com.amarsoft.are.ARE com.amarsoft.task.units.dpx.PRHUnit.execute().364 [INFO] 导入被担保人信息表完成!
2018-03-26 14:20:31.196 CST com.amarsoft.are.ARE com.amarsoft.app.datax.bcr.common.BCRTaskListener.unitExit().301 [INFO] 退出 Unit=Insureds[导入被担保人信息表]
2018-03-26 14:20:31.199 CST com.amarsoft.are.ARE com.amarsoft.app.datax.bcr.common.BCRTaskListener.runAfter().228 [INFO] isInsert:true,inputDate:2018/03/25,serialNO:4,TaskCode:BCRDataPrepare,startTime:2018/03/26 14:20:28,endTime:2018/03/26 14:20:31,unitCode:Insureds,unitDisc:导入被担保人信息表,timeDis:0:00:03
2018-03-26 14:20:31.200 CST com.amarsoft.are.ARE com.amarsoft.task.ui.RunTaskObjectAction.run().46 [INFO] 任务对象运行结束！
2018-03-26 14:20:33.412 CST com.amarsoft.are.ARE com.amarsoft.task.ui.RunTaskObjectAction.run().31 [INFO] 开始运行任务对象......
2018-03-26 14:20:33.412 CST com.amarsoft.are.ARE com.amarsoft.task.TaskObject.trace().119 [INFO] GuaranteeBusinessImport[融资性担保业务抽取] start! Task user: Administrator(Administrator)
2018-03-26 14:20:33.414 CST com.amarsoft.are.ARE com.amarsoft.task.TaskObject.trace().119 [INFO] CreditorInfo[导入债权人及主合同信息表] start! Task user: Administrator(Administrator)
2018-03-26 14:20:33.415 CST com.amarsoft.are.ARE com.amarsoft.app.datax.bcr.common.BCRTaskListener.unitStart().288 [INFO] 进入 Unit=CreditorInfo[导入债权人及主合同信息表]
2018-03-26 14:20:33.416 CST com.amarsoft.are.ARE com.amarsoft.task.units.dpx.PRHUnit.execute().254 [INFO] 导入债权人及主合同信息表开始...
2018-03-26 14:20:36.721 CST com.amarsoft.are.ARE com.amarsoft.task.units.dpx.PRHUnit.execute().364 [INFO] 导入债权人及主合同信息表完成!
2018-03-26 14:20:36.722 CST com.amarsoft.are.ARE com.amarsoft.app.datax.bcr.common.BCRTaskListener.unitExit().301 [INFO] 退出 Unit=CreditorInfo[导入债权人及主合同信息表]
2018-03-26 14:20:36.726 CST com.amarsoft.are.ARE com.amarsoft.app.datax.bcr.common.BCRTaskListener.runAfter().228 [INFO] isInsert:true,inputDate:2018/03/25,serialNO:5,TaskCode:BCRDataPrepare,startTime:2018/03/26 14:20:33,endTime:2018/03/26 14:20:36,unitCode:CreditorInfo,unitDisc:导入债权人及主合同信息表,timeDis:0:00:03
2018-03-26 14:20:36.727 CST com.amarsoft.are.ARE com.amarsoft.task.ui.RunTaskObjectAction.run().46 [INFO] 任务对象运行结束！
2018-03-26 14:20:38.924 CST com.amarsoft.are.ARE com.amarsoft.task.ui.RunTaskObjectAction.run().31 [INFO] 开始运行任务对象......
2018-03-26 14:20:38.925 CST com.amarsoft.are.ARE com.amarsoft.task.TaskObject.trace().119 [INFO] GuaranteeBusinessImport[融资性担保业务抽取] start! Task user: Administrator(Administrator)
2018-03-26 14:20:38.925 CST com.amarsoft.are.ARE com.amarsoft.task.TaskObject.trace().119 [INFO] CounterGuarantor[导入反担保人信息表] start! Task user: Administrator(Administrator)
2018-03-26 14:20:38.926 CST com.amarsoft.are.ARE com.amarsoft.app.datax.bcr.common.BCRTaskListener.unitStart().288 [INFO] 进入 Unit=CounterGuarantor[导入反担保人信息表]
2018-03-26 14:20:38.927 CST com.amarsoft.are.ARE com.amarsoft.task.units.dpx.PRHUnit.execute().254 [INFO] 导入反担保人信息表开始...
2018-03-26 14:20:40.902 CST com.amarsoft.are.ARE com.amarsoft.task.units.dpx.PRHUnit.execute().364 [INFO] 导入反担保人信息表完成!
2018-03-26 14:20:40.903 CST com.amarsoft.are.ARE com.amarsoft.app.datax.bcr.common.BCRTaskListener.unitExit().301 [INFO] 退出 Unit=CounterGuarantor[导入反担保人信息表]
2018-03-26 14:20:40.908 CST com.amarsoft.are.ARE com.amarsoft.app.datax.bcr.common.BCRTaskListener.runAfter().228 [INFO] isInsert:true,inputDate:2018/03/25,serialNO:6,TaskCode:BCRDataPrepare,startTime:2018/03/26 14:20:38,endTime:2018/03/26 14:20:40,unitCode:CounterGuarantor,unitDisc:导入反担保人信息表,timeDis:0:00:02
2018-03-26 14:20:40.909 CST com.amarsoft.are.ARE com.amarsoft.task.ui.RunTaskObjectAction.run().46 [INFO] 任务对象运行结束！
2018-03-26 14:20:42.876 CST com.amarsoft.are.ARE com.amarsoft.task.ui.RunTaskObjectAction.run().31 [INFO] 开始运行任务对象......
2018-03-26 14:20:42.877 CST com.amarsoft.are.ARE com.amarsoft.task.TaskObject.trace().119 [INFO] GuaranteeBusinessImport[融资性担保业务抽取] start! Task user: Administrator(Administrator)
2018-03-26 14:20:42.877 CST com.amarsoft.are.ARE com.amarsoft.task.TaskObject.trace().119 [INFO] GuaranteeDuty[导入实际在保（代偿）责任信息表] start! Task user: Administrator(Administrator)
2018-03-26 14:20:42.878 CST com.amarsoft.are.ARE com.amarsoft.app.datax.bcr.common.BCRTaskListener.unitStart().288 [INFO] 进入 Unit=GuaranteeDuty[导入实际在保（代偿）责任信息表]
2018-03-26 14:20:42.886 CST com.amarsoft.are.ARE com.amarsoft.task.units.dpx.PRHUnit.execute().254 [INFO] 导入实际在保（代偿）责任信息表开始...
2018-03-26 14:20:46.074 CST com.amarsoft.are.ARE com.amarsoft.task.units.dpx.PRHUnit.execute().364 [INFO] 导入实际在保（代偿）责任信息表完成!
2018-03-26 14:20:46.075 CST com.amarsoft.are.ARE com.amarsoft.app.datax.bcr.common.BCRTaskListener.unitExit().301 [INFO] 退出 Unit=GuaranteeDuty[导入实际在保（代偿）责任信息表]
2018-03-26 14:20:46.078 CST com.amarsoft.are.ARE com.amarsoft.app.datax.bcr.common.BCRTaskListener.runAfter().228 [INFO] isInsert:true,inputDate:2018/03/25,serialNO:7,TaskCode:BCRDataPrepare,startTime:2018/03/26 14:20:42,endTime:2018/03/26 14:20:46,unitCode:GuaranteeDuty,unitDisc:导入实际在保（代偿）责任信息表,timeDis:0:00:04
2018-03-26 14:20:46.079 CST com.amarsoft.are.ARE com.amarsoft.task.ui.RunTaskObjectAction.run().46 [INFO] 任务对象运行结束！
2018-03-26 14:20:48.644 CST com.amarsoft.are.ARE com.amarsoft.task.ui.RunTaskObjectAction.run().31 [INFO] 开始运行任务对象......
2018-03-26 14:20:48.648 CST com.amarsoft.are.ARE com.amarsoft.task.TaskObject.trace().119 [INFO] GuaranteeBusinessImport[融资性担保业务抽取] start! Task user: Administrator(Administrator)
2018-03-26 14:20:48.648 CST com.amarsoft.are.ARE com.amarsoft.task.TaskObject.trace().119 [INFO] CompensatoryInfo[导入代偿概况信息信息表] start! Task user: Administrator(Administrator)
2018-03-26 14:20:48.649 CST com.amarsoft.are.ARE com.amarsoft.app.datax.bcr.common.BCRTaskListener.unitStart().288 [INFO] 进入 Unit=CompensatoryInfo[导入代偿概况信息信息表]
2018-03-26 14:20:48.661 CST com.amarsoft.are.ARE com.amarsoft.task.units.dpx.PRHUnit.execute().254 [INFO] 导入代偿概况信息信息表开始...
2018-03-26 14:20:49.681 CST com.amarsoft.are.ARE com.amarsoft.task.units.dpx.PRHUnit.execute().364 [INFO] 导入代偿概况信息信息表完成!
2018-03-26 14:20:49.681 CST com.amarsoft.are.ARE com.amarsoft.app.datax.bcr.common.BCRTaskListener.unitExit().301 [INFO] 退出 Unit=CompensatoryInfo[导入代偿概况信息信息表]
2018-03-26 14:20:49.688 CST com.amarsoft.are.ARE com.amarsoft.app.datax.bcr.common.BCRTaskListener.runAfter().228 [INFO] isInsert:true,inputDate:2018/03/25,serialNO:8,TaskCode:BCRDataPrepare,startTime:2018/03/26 14:20:48,endTime:2018/03/26 14:20:49,unitCode:CompensatoryInfo,unitDisc:导入代偿概况信息信息表,timeDis:0:00:01
2018-03-26 14:20:49.688 CST com.amarsoft.are.ARE com.amarsoft.task.ui.RunTaskObjectAction.run().46 [INFO] 任务对象运行结束！
2018-03-26 14:20:52.524 CST com.amarsoft.are.ARE com.amarsoft.task.ui.RunTaskObjectAction.run().31 [INFO] 开始运行任务对象......
2018-03-26 14:20:52.531 CST com.amarsoft.are.ARE com.amarsoft.task.TaskObject.trace().119 [INFO] GuaranteeBusinessImport[融资性担保业务抽取] start! Task user: Administrator(Administrator)
2018-03-26 14:20:52.533 CST com.amarsoft.are.ARE com.amarsoft.task.TaskObject.trace().119 [INFO] CompensatoryDetail[导入代偿明细信息表] start! Task user: Administrator(Administrator)
2018-03-26 14:20:52.533 CST com.amarsoft.are.ARE com.amarsoft.app.datax.bcr.common.BCRTaskListener.unitStart().288 [INFO] 进入 Unit=CompensatoryDetail[导入代偿明细信息表]
2018-03-26 14:20:52.543 CST com.amarsoft.are.ARE com.amarsoft.task.units.dpx.PRHUnit.execute().254 [INFO] 导入代偿明细信息表开始...
2018-03-26 14:20:53.398 CST com.amarsoft.are.ARE com.amarsoft.task.units.dpx.PRHUnit.execute().364 [INFO] 导入代偿明细信息表完成!
2018-03-26 14:20:53.399 CST com.amarsoft.are.ARE com.amarsoft.app.datax.bcr.common.BCRTaskListener.unitExit().301 [INFO] 退出 Unit=CompensatoryDetail[导入代偿明细信息表]
2018-03-26 14:20:53.461 CST com.amarsoft.are.ARE com.amarsoft.app.datax.bcr.common.BCRTaskListener.runAfter().228 [INFO] isInsert:true,inputDate:2018/03/25,serialNO:9,TaskCode:BCRDataPrepare,startTime:2018/03/26 14:20:52,endTime:2018/03/26 14:20:53,unitCode:CompensatoryDetail,unitDisc:导入代偿明细信息表,timeDis:0:00:01
2018-03-26 14:20:53.462 CST com.amarsoft.are.ARE com.amarsoft.task.ui.RunTaskObjectAction.run().46 [INFO] 任务对象运行结束！
2018-03-26 14:20:55.332 CST com.amarsoft.are.ARE com.amarsoft.task.ui.RunTaskObjectAction.run().31 [INFO] 开始运行任务对象......
2018-03-26 14:20:55.335 CST com.amarsoft.are.ARE com.amarsoft.task.TaskObject.trace().119 [INFO] GuaranteeBusinessImport[融资性担保业务抽取] start! Task user: Administrator(Administrator)
2018-03-26 14:20:55.336 CST com.amarsoft.are.ARE com.amarsoft.task.TaskObject.trace().119 [INFO] RecoveryDetail[导入追偿明细信息表] start! Task user: Administrator(Administrator)
2018-03-26 14:20:55.336 CST com.amarsoft.are.ARE com.amarsoft.app.datax.bcr.common.BCRTaskListener.unitStart().288 [INFO] 进入 Unit=RecoveryDetail[导入追偿明细信息表]
2018-03-26 14:20:55.337 CST com.amarsoft.are.ARE com.amarsoft.task.units.dpx.PRHUnit.execute().254 [INFO] 导入追偿明细信息表开始...
2018-03-26 14:20:55.356 CST com.amarsoft.are.ARE com.amarsoft.task.units.dpx.PRHUnit.execute().364 [INFO] 导入追偿明细信息表完成!
2018-03-26 14:20:55.356 CST com.amarsoft.are.ARE com.amarsoft.app.datax.bcr.common.BCRTaskListener.unitExit().301 [INFO] 退出 Unit=RecoveryDetail[导入追偿明细信息表]
2018-03-26 14:20:55.360 CST com.amarsoft.are.ARE com.amarsoft.app.datax.bcr.common.BCRTaskListener.runAfter().228 [INFO] isInsert:true,inputDate:2018/03/25,serialNO:10,TaskCode:BCRDataPrepare,startTime:2018/03/26 14:20:55,endTime:2018/03/26 14:20:55,unitCode:RecoveryDetail,unitDisc:导入追偿明细信息表,timeDis:0:00:00
2018-03-26 14:20:55.361 CST com.amarsoft.are.ARE com.amarsoft.task.ui.RunTaskObjectAction.run().46 [INFO] 任务对象运行结束！
2018-03-26 14:20:57.598 CST com.amarsoft.are.ARE com.amarsoft.task.ui.RunTaskObjectAction.run().31 [INFO] 开始运行任务对象......
2018-03-26 14:20:57.607 CST com.amarsoft.are.ARE com.amarsoft.task.TaskObject.trace().119 [INFO] GuaranteeBusinessImport[融资性担保业务抽取] start! Task user: Administrator(Administrator)
2018-03-26 14:20:57.612 CST com.amarsoft.are.ARE com.amarsoft.task.TaskObject.trace().119 [INFO] PremiumInfo[导入保费缴纳概况信息表] start! Task user: Administrator(Administrator)
2018-03-26 14:20:57.618 CST com.amarsoft.are.ARE com.amarsoft.app.datax.bcr.common.BCRTaskListener.unitStart().288 [INFO] 进入 Unit=PremiumInfo[导入保费缴纳概况信息表]
2018-03-26 14:20:57.628 CST com.amarsoft.are.ARE com.amarsoft.task.units.dpx.PRHUnit.execute().254 [INFO] 导入保费缴纳概况信息表开始...
2018-03-26 14:20:57.779 CST com.amarsoft.are.ARE com.amarsoft.task.units.dpx.PRHUnit.execute().364 [INFO] 导入保费缴纳概况信息表完成!
2018-03-26 14:20:57.780 CST com.amarsoft.are.ARE com.amarsoft.app.datax.bcr.common.BCRTaskListener.unitExit().301 [INFO] 退出 Unit=PremiumInfo[导入保费缴纳概况信息表]
2018-03-26 14:20:57.782 CST com.amarsoft.are.ARE com.amarsoft.app.datax.bcr.common.BCRTaskListener.runAfter().228 [INFO] isInsert:true,inputDate:2018/03/25,serialNO:11,TaskCode:BCRDataPrepare,startTime:2018/03/26 14:20:57,endTime:2018/03/26 14:20:57,unitCode:PremiumInfo,unitDisc:导入保费缴纳概况信息表,timeDis:0:00:00
2018-03-26 14:20:57.783 CST com.amarsoft.are.ARE com.amarsoft.task.ui.RunTaskObjectAction.run().46 [INFO] 任务对象运行结束！
2018-03-26 14:20:59.692 CST com.amarsoft.are.ARE com.amarsoft.task.ui.RunTaskObjectAction.run().31 [INFO] 开始运行任务对象......
2018-03-26 14:20:59.702 CST com.amarsoft.are.ARE com.amarsoft.task.TaskObject.trace().119 [INFO] GuaranteeBusinessImport[融资性担保业务抽取] start! Task user: Administrator(Administrator)
2018-03-26 14:20:59.709 CST com.amarsoft.are.ARE com.amarsoft.task.TaskObject.trace().119 [INFO] PremiumDetail[导入保费缴纳明细信息表] start! Task user: Administrator(Administrator)
2018-03-26 14:20:59.714 CST com.amarsoft.are.ARE com.amarsoft.app.datax.bcr.common.BCRTaskListener.unitStart().288 [INFO] 进入 Unit=PremiumDetail[导入保费缴纳明细信息表]
2018-03-26 14:20:59.716 CST com.amarsoft.are.ARE com.amarsoft.task.units.dpx.PRHUnit.execute().254 [INFO] 导入保费缴纳明细信息表开始...
2018-03-26 14:20:59.724 CST com.amarsoft.are.ARE com.amarsoft.task.units.dpx.PRHUnit.execute().364 [INFO] 导入保费缴纳明细信息表完成!
2018-03-26 14:20:59.724 CST com.amarsoft.are.ARE com.amarsoft.app.datax.bcr.common.BCRTaskListener.unitExit().301 [INFO] 退出 Unit=PremiumDetail[导入保费缴纳明细信息表]
2018-03-26 14:20:59.728 CST com.amarsoft.are.ARE com.amarsoft.app.datax.bcr.common.BCRTaskListener.runAfter().228 [INFO] isInsert:true,inputDate:2018/03/25,serialNO:12,TaskCode:BCRDataPrepare,startTime:2018/03/26 14:20:59,endTime:2018/03/26 14:20:59,unitCode:PremiumDetail,unitDisc:导入保费缴纳明细信息表,timeDis:0:00:00
2018-03-26 14:20:59.728 CST com.amarsoft.are.ARE com.amarsoft.task.ui.RunTaskObjectAction.run().46 [INFO] 任务对象运行结束！
2018-03-26 14:21:02.588 CST com.amarsoft.are.ARE com.amarsoft.task.ui.RunTaskObjectAction.run().31 [INFO] 开始运行任务对象......
2018-03-26 14:21:02.589 CST com.amarsoft.are.ARE com.amarsoft.task.TaskObject.trace().119 [INFO] GuaranteeBusinessImport[融资性担保业务抽取] start! Task user: Administrator(Administrator)
2018-03-26 14:21:02.589 CST com.amarsoft.are.ARE com.amarsoft.task.TaskObject.trace().119 [INFO] updateIncrementFlag[更新基础表信息操作类型] start! Task user: Administrator(Administrator)
2018-03-26 14:21:02.589 CST com.amarsoft.are.ARE com.amarsoft.app.datax.bcr.common.BCRTaskListener.unitStart().288 [INFO] 进入 Unit=updateIncrementFlag[更新基础表信息操作类型]
2018-03-26 14:21:03.123 CST com.amarsoft.are.ARE com.amarsoft.app.datax.bcr.common.BCRTaskListener.unitExit().301 [INFO] 退出 Unit=updateIncrementFlag[更新基础表信息操作类型]
2018-03-26 14:21:03.128 CST com.amarsoft.are.ARE com.amarsoft.app.datax.bcr.common.BCRTaskListener.runAfter().228 [INFO] isInsert:true,inputDate:2018/03/25,serialNO:13,TaskCode:BCRDataPrepare,startTime:2018/03/26 14:21:02,endTime:2018/03/26 14:21:03,unitCode:updateIncrementFlag,unitDisc:更新基础表信息操作类型,timeDis:0:00:01
2018-03-26 14:21:03.129 CST com.amarsoft.are.ARE com.amarsoft.task.ui.RunTaskObjectAction.run().46 [INFO] 任务对象运行结束！
2018-03-26 14:21:13.612 CST com.amarsoft.are.ARE com.amarsoft.app.datax.bcr.AmarBCR.main().35 [INFO] 自动计算后businessOccurDate：2018/03/25
2018-03-26 14:21:16.571 CST com.amarsoft.are.ARE com.amarsoft.task.ui.RunTaskObjectAction.run().31 [INFO] 开始运行任务对象......
2018-03-26 14:21:16.576 CST com.amarsoft.are.ARE com.amarsoft.task.TaskObject.trace().119 [INFO] BCRDataValidate[融资性担保业务数据校验] start! Task user: Administrator(Administrator)
2018-03-26 14:21:16.577 CST com.amarsoft.are.ARE com.amarsoft.task.TaskObject.trace().119 [INFO] GuaranteeDataValidate[业务数据校验] start! Task user: Administrator(Administrator)
2018-03-26 14:21:16.578 CST com.amarsoft.are.ARE com.amarsoft.app.datax.bcr.common.BCRTaskListener.unitStart().288 [INFO] 进入 Unit=GuaranteeDataValidate[业务数据校验]
2018-03-26 14:21:16.606 CST com.amarsoft.are.ARE com.amarsoft.are.sql.PooledConnectionFactory.addDataSource().136 [INFO] org.apache.commons.dbcp.datasources.SharedPoolDataSource@63e754a
2018-03-26 14:21:16.607 CST com.amarsoft.are.ARE com.amarsoft.are.sql.PooledConnectionFactory.addDataSource().136 [INFO] org.apache.commons.dbcp.datasources.SharedPoolDataSource@308721b6
2018-03-26 14:21:17.022 CST com.amarsoft.are.ARE com.amarsoft.app.datax.bcr.common.BCRTaskListener.listenerDBInit().73 [INFO] target 开始启动
2018-03-26 14:21:17.190 CST com.amarsoft.are.ARE com.amarsoft.app.datax.bcr.session.MessageProcessSession.start().91 [INFO] 初始化报文处理过程[1111111111]......
2018-03-26 14:21:17.530 CST com.amarsoft.are.ARE com.amarsoft.app.datax.bcr.session.MessageProcessSession.start().93 [INFO] 初始化报文处理过程完成！
2018-03-26 14:21:17.552 CST com.amarsoft.are.ARE com.amarsoft.app.datax.bcr.session.MessageProcessSession.start().101 [INFO] 检查报文处理过程条件[1111111111]......
2018-03-26 14:21:17.553 CST com.amarsoft.are.ARE com.amarsoft.app.datax.bcr.session.MessageProcessSession.start().103 [INFO] 处理条件就绪！
2018-03-26 14:21:17.554 CST com.amarsoft.are.ARE com.amarsoft.app.datax.bcr.session.MessageProcessSession.start().111 [INFO] 执行处理报文处理过程[1111111111]......
2018-03-26 14:21:21.752 CST com.amarsoft.are.ARE com.amarsoft.app.datax.bcr.session.MessageProcessSession.start().113 [INFO] 执行报文处理过程完成！
2018-03-26 14:21:21.754 CST com.amarsoft.are.ARE com.amarsoft.app.datax.bcr.session.ValidateSession.postProcess().84 [INFO] 共校验记录数：174, 其中正确记录：134, 检验到错误数：40, 错误关联记录：0
2018-03-26 14:21:21.757 CST com.amarsoft.are.ARE com.amarsoft.app.datax.bcr.session.MessageProcessSessionUnit.execute().49 [INFO] 运行处理过程1111111111成功！
2018-03-26 14:21:21.759 CST com.amarsoft.are.ARE com.amarsoft.app.datax.bcr.common.BCRTaskListener.unitExit().301 [INFO] 退出 Unit=GuaranteeDataValidate[业务数据校验]
2018-03-26 14:21:21.767 CST com.amarsoft.are.ARE com.amarsoft.app.datax.bcr.common.BCRTaskListener.runAfter().228 [INFO] isInsert:true,inputDate:2018/03/25,serialNO:14,TaskCode:BCRDataValidate,startTime:2018/03/26 14:21:17,endTime:2018/03/26 14:21:21,unitCode:GuaranteeDataValidate,unitDisc:业务数据校验,timeDis:0:00:04
2018-03-26 14:21:21.768 CST com.amarsoft.are.ARE com.amarsoft.task.ui.RunTaskObjectAction.run().46 [INFO] 任务对象运行结束！
2018-03-26 14:21:29.980 CST com.amarsoft.are.ARE com.amarsoft.task.ui.RunTaskObjectAction.run().31 [INFO] 开始运行任务对象......
2018-03-26 14:21:29.981 CST com.amarsoft.are.ARE com.amarsoft.task.TaskObject.trace().119 [INFO] BCRDataValidate[融资性担保业务数据校验] start! Task user: Administrator(Administrator)
2018-03-26 14:21:29.982 CST com.amarsoft.are.ARE com.amarsoft.task.TaskObject.trace().119 [INFO] GDataChengeValidate[变更记录校验] start! Task user: Administrator(Administrator)
2018-03-26 14:21:29.982 CST com.amarsoft.are.ARE com.amarsoft.app.datax.bcr.common.BCRTaskListener.unitStart().288 [INFO] 进入 Unit=GDataChengeValidate[变更记录校验]
2018-03-26 14:21:30.034 CST com.amarsoft.are.ARE com.amarsoft.app.datax.bcr.session.MessageProcessSession.start().91 [INFO] 初始化报文处理过程[1111111111]......
2018-03-26 14:21:30.078 CST com.amarsoft.are.ARE com.amarsoft.app.datax.bcr.session.MessageProcessSession.start().93 [INFO] 初始化报文处理过程完成！
2018-03-26 14:21:30.079 CST com.amarsoft.are.ARE com.amarsoft.app.datax.bcr.session.MessageProcessSession.start().101 [INFO] 检查报文处理过程条件[1111111111]......
2018-03-26 14:21:30.079 CST com.amarsoft.are.ARE com.amarsoft.app.datax.bcr.session.MessageProcessSession.start().103 [INFO] 处理条件就绪！
2018-03-26 14:21:30.080 CST com.amarsoft.are.ARE com.amarsoft.app.datax.bcr.session.MessageProcessSession.start().111 [INFO] 执行处理报文处理过程[1111111111]......
2018-03-26 14:21:30.117 CST com.amarsoft.are.ARE com.amarsoft.app.datax.bcr.session.MessageProcessSession.start().113 [INFO] 执行报文处理过程完成！
2018-03-26 14:21:30.120 CST com.amarsoft.are.ARE com.amarsoft.app.datax.bcr.session.ValidateSession.postProcess().84 [INFO] 共校验记录数：1, 其中正确记录：1, 检验到错误数：0, 错误关联记录：0
2018-03-26 14:21:30.123 CST com.amarsoft.are.ARE com.amarsoft.app.datax.bcr.session.MessageProcessSessionUnit.execute().49 [INFO] 运行处理过程1111111111成功！
2018-03-26 14:21:30.124 CST com.amarsoft.are.ARE com.amarsoft.app.datax.bcr.common.BCRTaskListener.unitExit().301 [INFO] 退出 Unit=GDataChengeValidate[变更记录校验]
2018-03-26 14:21:30.130 CST com.amarsoft.are.ARE com.amarsoft.app.datax.bcr.common.BCRTaskListener.runAfter().228 [INFO] isInsert:true,inputDate:2018/03/25,serialNO:15,TaskCode:BCRDataValidate,startTime:2018/03/26 14:21:29,endTime:2018/03/26 14:21:30,unitCode:GDataChengeValidate,unitDisc:变更记录校验,timeDis:0:00:01
2018-03-26 14:21:30.131 CST com.amarsoft.are.ARE com.amarsoft.task.ui.RunTaskObjectAction.run().46 [INFO] 任务对象运行结束！
2018-03-26 14:21:33.724 CST com.amarsoft.are.ARE com.amarsoft.task.ui.RunTaskObjectAction.run().31 [INFO] 开始运行任务对象......
2018-03-26 14:21:33.725 CST com.amarsoft.are.ARE com.amarsoft.task.TaskObject.trace().119 [INFO] BCRDataValidate[融资性担保业务数据校验] start! Task user: Administrator(Administrator)
2018-03-26 14:21:33.725 CST com.amarsoft.are.ARE com.amarsoft.task.TaskObject.trace().119 [INFO] GDataDeleteValidate[删除记录校验] start! Task user: Administrator(Administrator)
2018-03-26 14:21:33.726 CST com.amarsoft.are.ARE com.amarsoft.app.datax.bcr.common.BCRTaskListener.unitStart().288 [INFO] 进入 Unit=GDataDeleteValidate[删除记录校验]
2018-03-26 14:21:33.731 CST com.amarsoft.are.ARE com.amarsoft.app.datax.bcr.session.MessageProcessSession.start().91 [INFO] 初始化报文处理过程[1111111111]......
2018-03-26 14:21:33.741 CST com.amarsoft.are.ARE com.amarsoft.app.datax.bcr.session.MessageProcessSession.start().93 [INFO] 初始化报文处理过程完成！
2018-03-26 14:21:33.741 CST com.amarsoft.are.ARE com.amarsoft.app.datax.bcr.session.MessageProcessSession.start().101 [INFO] 检查报文处理过程条件[1111111111]......
2018-03-26 14:21:33.741 CST com.amarsoft.are.ARE com.amarsoft.app.datax.bcr.session.MessageProcessSession.start().103 [INFO] 处理条件就绪！
2018-03-26 14:21:33.742 CST com.amarsoft.are.ARE com.amarsoft.app.datax.bcr.session.MessageProcessSession.start().111 [INFO] 执行处理报文处理过程[1111111111]......
2018-03-26 14:21:34.354 CST com.amarsoft.are.ARE com.amarsoft.app.datax.bcr.session.MessageProcessSession.start().116 [ERROR] 执行报文处理过程失败！
2018-03-26 14:21:34.376 CST com.amarsoft.are.ARE com.amarsoft.app.datax.bcr.session.MessageProcessSessionUnit.execute().43 [FATAL] 运行处理过程1111111111失败 <com.amarsoft.app.datax.bcr.BCRException: 执行报文处理过程失败！>com.amarsoft.app.datax.bcr.BCRException: 执行报文处理过程失败！
	at com.amarsoft.app.datax.bcr.session.MessageProcessSession.start(MessageProcessSession.java:117)
	at com.amarsoft.app.datax.bcr.session.MessageProcessSessionUnit.execute(MessageProcessSessionUnit.java:41)
	at com.amarsoft.task.Target.executeUnit(Target.java:231)
	at com.amarsoft.task.Task.executeUnit(Task.java:105)
	at com.amarsoft.task.ui.RunTaskObjectAction.run(RunTaskObjectAction.java:42)
	at java.lang.Thread.run(Unknown Source)
com.amarsoft.app.datax.bcr.BCRException: 执行报文处理过程失败！
	at com.amarsoft.app.datax.bcr.session.MessageProcessSession.start(MessageProcessSession.java:117)
	at com.amarsoft.app.datax.bcr.session.MessageProcessSessionUnit.execute(MessageProcessSessionUnit.java:41)
	at com.amarsoft.task.Target.executeUnit(Target.java:231)
	at com.amarsoft.task.Task.executeUnit(Task.java:105)
	at com.amarsoft.task.ui.RunTaskObjectAction.run(RunTaskObjectAction.java:42)
	at java.lang.Thread.run(Unknown Source)

2018-03-26 14:21:34.377 CST com.amarsoft.are.ARE com.amarsoft.app.datax.bcr.common.BCRTaskListener.unitExit().301 [INFO] 退出 Unit=GDataDeleteValidate[删除记录校验]
2018-03-26 14:21:34.385 CST com.amarsoft.are.ARE com.amarsoft.app.datax.bcr.common.BCRTaskListener.runAfter().228 [INFO] isInsert:true,inputDate:2018/03/25,serialNO:16,TaskCode:BCRDataValidate,startTime:2018/03/26 14:21:33,endTime:2018/03/26 14:21:34,unitCode:GDataDeleteValidate,unitDisc:删除记录校验,timeDis:0:00:01
2018-03-26 14:21:34.386 CST com.amarsoft.are.ARE com.amarsoft.task.ui.RunTaskObjectAction.run().46 [INFO] 任务对象运行结束！
