2017-03-31 17:06:47.472 CST com.amarsoft.are.ARE com.amarsoft.app.datax.ecr.AmarECR.main() [INFO] 自动计算后businessOccurDate：2017/03/30
2017-03-31 17:06:47.502 CST com.amarsoft.are.ARE com.amarsoft.app.datax.bcr.common.BCRTaskListener.taskStart().233 [INFO] 进入 Task=BCRDataPrepare[原始数据抽取]
2017-03-31 17:06:47.517 CST com.amarsoft.are.ARE com.amarsoft.are.sql.PooledConnectionFactory.addDataSource().136 [INFO] org.apache.commons.dbcp.datasources.SharedPoolDataSource@626f50a8
2017-03-31 17:06:47.518 CST com.amarsoft.are.ARE com.amarsoft.are.sql.PooledConnectionFactory.addDataSource().136 [INFO] org.apache.commons.dbcp.datasources.SharedPoolDataSource@5c73a7ab
2017-03-31 17:06:47.786 CST com.amarsoft.are.ARE com.amarsoft.app.datax.bcr.common.BCRTaskListener.listenerDBInit().73 [INFO] target 开始启动
2017-03-31 17:06:47.786 CST com.amarsoft.are.ARE com.amarsoft.task.TaskObject.trace().119 [INFO] BCRDataPrepare[原始数据抽取] start! Task user: root(root)
2017-03-31 17:06:47.786 CST com.amarsoft.are.ARE com.amarsoft.task.TaskObject.trace().119 [INFO] GuaranteeBusinessImport[融资性担保业务抽取] start! Task user: root(root)
2017-03-31 17:06:47.787 CST com.amarsoft.are.ARE com.amarsoft.app.datax.bcr.common.BCRTaskListener.targetStart().262 [INFO] 进入 Target=GuaranteeBusinessImport[融资性担保业务抽取]
2017-03-31 17:06:47.787 CST com.amarsoft.are.ARE com.amarsoft.task.TaskObject.trace().119 [INFO] GuaranteeInfo[导入担保基础信息表] start! Task user: root(root)
2017-03-31 17:06:47.787 CST com.amarsoft.are.ARE com.amarsoft.app.datax.bcr.common.BCRTaskListener.unitStart().288 [INFO] 进入 Unit=GuaranteeInfo[导入担保基础信息表]
2017-03-31 17:06:47.803 CST com.amarsoft.are.ARE com.amarsoft.task.units.dpx.PRHUnit.execute().254 [INFO] 导入担保基础信息表开始...
2017-03-31 17:06:51.807 CST com.amarsoft.are.ARE com.amarsoft.task.units.dpx.PRHUnit.execute().364 [INFO] 导入担保基础信息表完成!
2017-03-31 17:06:51.809 CST com.amarsoft.are.ARE com.amarsoft.task.ExecuteUnit.run().111 [INFO] ExecuteUnit[GuaranteeInfo]OK[单元名称[GuaranteeInfo]单元执行状态[1]单元执行时间[4.004]秒开始时间[2017/03/31 17:06:47:803]结束时间[2017/03/31 17:06:51:807]]
2017-03-31 17:06:51.809 CST com.amarsoft.are.ARE com.amarsoft.app.datax.bcr.common.BCRTaskListener.unitExit().301 [INFO] 退出 Unit=GuaranteeInfo[导入担保基础信息表]
2017-03-31 17:06:51.812 CST com.amarsoft.are.ARE com.amarsoft.app.datax.bcr.common.BCRTaskListener.runAfter().228 [INFO] isInsert:true,inputDate:2017/03/30,serialNO:1,TaskCode:BCRDataPrepare,startTime:2017/03/31 17:06:47,endTime:2017/03/31 17:06:51,unitCode:GuaranteeInfo,unitDisc:导入担保基础信息表,timeDis:0:00:04
2017-03-31 17:06:51.812 CST com.amarsoft.are.ARE com.amarsoft.task.TaskObject.trace().119 [INFO] GuaranteeCont[导入担保合同信息表] start! Task user: root(root)
2017-03-31 17:06:51.813 CST com.amarsoft.are.ARE com.amarsoft.app.datax.bcr.common.BCRTaskListener.unitStart().288 [INFO] 进入 Unit=GuaranteeCont[导入担保合同信息表]
2017-03-31 17:06:51.815 CST com.amarsoft.are.ARE com.amarsoft.task.units.dpx.PRHUnit.execute().254 [INFO] 导入担保合同信息表开始...
2017-03-31 17:06:55.410 CST com.amarsoft.are.ARE com.amarsoft.task.units.dpx.PRHUnit.execute().364 [INFO] 导入担保合同信息表完成!
2017-03-31 17:06:55.410 CST com.amarsoft.are.ARE com.amarsoft.task.ExecuteUnit.run().111 [INFO] ExecuteUnit[GuaranteeCont]OK[单元名称[GuaranteeCont]单元执行状态[1]单元执行时间[3.595]秒开始时间[2017/03/31 17:06:51:815]结束时间[2017/03/31 17:06:55:410]]
2017-03-31 17:06:55.411 CST com.amarsoft.are.ARE com.amarsoft.app.datax.bcr.common.BCRTaskListener.unitExit().301 [INFO] 退出 Unit=GuaranteeCont[导入担保合同信息表]
2017-03-31 17:06:55.412 CST com.amarsoft.are.ARE com.amarsoft.app.datax.bcr.common.BCRTaskListener.runAfter().228 [INFO] isInsert:true,inputDate:2017/03/30,serialNO:2,TaskCode:BCRDataPrepare,startTime:2017/03/31 17:06:51,endTime:2017/03/31 17:06:55,unitCode:GuaranteeCont,unitDisc:导入担保合同信息表,timeDis:0:00:04
2017-03-31 17:06:55.413 CST com.amarsoft.are.ARE com.amarsoft.task.TaskObject.trace().119 [INFO] Insureds[导入被担保人信息表] start! Task user: root(root)
2017-03-31 17:06:55.413 CST com.amarsoft.are.ARE com.amarsoft.app.datax.bcr.common.BCRTaskListener.unitStart().288 [INFO] 进入 Unit=Insureds[导入被担保人信息表]
2017-03-31 17:06:55.415 CST com.amarsoft.are.ARE com.amarsoft.task.units.dpx.PRHUnit.execute().254 [INFO] 导入被担保人信息表开始...
2017-03-31 17:06:58.141 CST com.amarsoft.are.ARE com.amarsoft.task.units.dpx.PRHUnit.execute().364 [INFO] 导入被担保人信息表完成!
2017-03-31 17:06:58.141 CST com.amarsoft.are.ARE com.amarsoft.task.ExecuteUnit.run().111 [INFO] ExecuteUnit[Insureds]OK[单元名称[Insureds]单元执行状态[1]单元执行时间[2.726]秒开始时间[2017/03/31 17:06:55:415]结束时间[2017/03/31 17:06:58:141]]
2017-03-31 17:06:58.142 CST com.amarsoft.are.ARE com.amarsoft.app.datax.bcr.common.BCRTaskListener.unitExit().301 [INFO] 退出 Unit=Insureds[导入被担保人信息表]
2017-03-31 17:06:58.143 CST com.amarsoft.are.ARE com.amarsoft.app.datax.bcr.common.BCRTaskListener.runAfter().228 [INFO] isInsert:true,inputDate:2017/03/30,serialNO:3,TaskCode:BCRDataPrepare,startTime:2017/03/31 17:06:55,endTime:2017/03/31 17:06:58,unitCode:Insureds,unitDisc:导入被担保人信息表,timeDis:0:00:03
2017-03-31 17:06:58.144 CST com.amarsoft.are.ARE com.amarsoft.task.TaskObject.trace().119 [INFO] CreditorInfo[导入债权人及主合同信息表] start! Task user: root(root)
2017-03-31 17:06:58.144 CST com.amarsoft.are.ARE com.amarsoft.app.datax.bcr.common.BCRTaskListener.unitStart().288 [INFO] 进入 Unit=CreditorInfo[导入债权人及主合同信息表]
2017-03-31 17:06:58.146 CST com.amarsoft.are.ARE com.amarsoft.task.units.dpx.PRHUnit.execute().254 [INFO] 导入债权人及主合同信息表开始...
2017-03-31 17:07:00.981 CST com.amarsoft.are.ARE com.amarsoft.task.units.dpx.PRHUnit.execute().364 [INFO] 导入债权人及主合同信息表完成!
2017-03-31 17:07:00.982 CST com.amarsoft.are.ARE com.amarsoft.task.ExecuteUnit.run().111 [INFO] ExecuteUnit[CreditorInfo]OK[单元名称[CreditorInfo]单元执行状态[1]单元执行时间[2.836]秒开始时间[2017/03/31 17:06:58:145]结束时间[2017/03/31 17:07:00:981]]
2017-03-31 17:07:00.982 CST com.amarsoft.are.ARE com.amarsoft.app.datax.bcr.common.BCRTaskListener.unitExit().301 [INFO] 退出 Unit=CreditorInfo[导入债权人及主合同信息表]
2017-03-31 17:07:00.984 CST com.amarsoft.are.ARE com.amarsoft.app.datax.bcr.common.BCRTaskListener.runAfter().228 [INFO] isInsert:true,inputDate:2017/03/30,serialNO:4,TaskCode:BCRDataPrepare,startTime:2017/03/31 17:06:58,endTime:2017/03/31 17:07:00,unitCode:CreditorInfo,unitDisc:导入债权人及主合同信息表,timeDis:0:00:02
2017-03-31 17:07:00.984 CST com.amarsoft.are.ARE com.amarsoft.task.TaskObject.trace().119 [INFO] CounterGuarantor[导入反担保人信息表] start! Task user: root(root)
2017-03-31 17:07:00.985 CST com.amarsoft.are.ARE com.amarsoft.app.datax.bcr.common.BCRTaskListener.unitStart().288 [INFO] 进入 Unit=CounterGuarantor[导入反担保人信息表]
2017-03-31 17:07:00.986 CST com.amarsoft.are.ARE com.amarsoft.task.units.dpx.PRHUnit.execute().254 [INFO] 导入反担保人信息表开始...
2017-03-31 17:07:02.617 CST com.amarsoft.are.ARE com.amarsoft.task.units.dpx.PRHUnit.execute().364 [INFO] 导入反担保人信息表完成!
2017-03-31 17:07:02.618 CST com.amarsoft.are.ARE com.amarsoft.task.ExecuteUnit.run().111 [INFO] ExecuteUnit[CounterGuarantor]OK[单元名称[CounterGuarantor]单元执行状态[1]单元执行时间[1.632]秒开始时间[2017/03/31 17:07:00:986]结束时间[2017/03/31 17:07:02:618]]
2017-03-31 17:07:02.619 CST com.amarsoft.are.ARE com.amarsoft.app.datax.bcr.common.BCRTaskListener.unitExit().301 [INFO] 退出 Unit=CounterGuarantor[导入反担保人信息表]
2017-03-31 17:07:02.621 CST com.amarsoft.are.ARE com.amarsoft.app.datax.bcr.common.BCRTaskListener.runAfter().228 [INFO] isInsert:true,inputDate:2017/03/30,serialNO:5,TaskCode:BCRDataPrepare,startTime:2017/03/31 17:07:00,endTime:2017/03/31 17:07:02,unitCode:CounterGuarantor,unitDisc:导入反担保人信息表,timeDis:0:00:02
2017-03-31 17:07:02.621 CST com.amarsoft.are.ARE com.amarsoft.task.TaskObject.trace().119 [INFO] GuaranteeDuty[导入实际在保（代偿）责任信息表] start! Task user: root(root)
2017-03-31 17:07:02.622 CST com.amarsoft.are.ARE com.amarsoft.app.datax.bcr.common.BCRTaskListener.unitStart().288 [INFO] 进入 Unit=GuaranteeDuty[导入实际在保（代偿）责任信息表]
2017-03-31 17:07:02.623 CST com.amarsoft.are.ARE com.amarsoft.task.units.dpx.PRHUnit.execute().254 [INFO] 导入实际在保（代偿）责任信息表开始...
2017-03-31 17:07:05.166 CST com.amarsoft.are.ARE com.amarsoft.task.units.dpx.PRHUnit.execute().364 [INFO] 导入实际在保（代偿）责任信息表完成!
2017-03-31 17:07:05.167 CST com.amarsoft.are.ARE com.amarsoft.task.ExecuteUnit.run().111 [INFO] ExecuteUnit[GuaranteeDuty]OK[单元名称[GuaranteeDuty]单元执行状态[1]单元执行时间[2.543]秒开始时间[2017/03/31 17:07:02:623]结束时间[2017/03/31 17:07:05:166]]
2017-03-31 17:07:05.167 CST com.amarsoft.are.ARE com.amarsoft.app.datax.bcr.common.BCRTaskListener.unitExit().301 [INFO] 退出 Unit=GuaranteeDuty[导入实际在保（代偿）责任信息表]
2017-03-31 17:07:05.169 CST com.amarsoft.are.ARE com.amarsoft.app.datax.bcr.common.BCRTaskListener.runAfter().228 [INFO] isInsert:true,inputDate:2017/03/30,serialNO:6,TaskCode:BCRDataPrepare,startTime:2017/03/31 17:07:02,endTime:2017/03/31 17:07:05,unitCode:GuaranteeDuty,unitDisc:导入实际在保（代偿）责任信息表,timeDis:0:00:03
2017-03-31 17:07:05.169 CST com.amarsoft.are.ARE com.amarsoft.task.TaskObject.trace().119 [INFO] CompensatoryInfo[导入代偿概况信息信息表] start! Task user: root(root)
2017-03-31 17:07:05.169 CST com.amarsoft.are.ARE com.amarsoft.app.datax.bcr.common.BCRTaskListener.unitStart().288 [INFO] 进入 Unit=CompensatoryInfo[导入代偿概况信息信息表]
2017-03-31 17:07:05.171 CST com.amarsoft.are.ARE com.amarsoft.task.units.dpx.PRHUnit.execute().254 [INFO] 导入代偿概况信息信息表开始...
2017-03-31 17:07:05.748 CST com.amarsoft.are.ARE com.amarsoft.task.units.dpx.PRHUnit.execute().364 [INFO] 导入代偿概况信息信息表完成!
2017-03-31 17:07:05.749 CST com.amarsoft.are.ARE com.amarsoft.task.ExecuteUnit.run().111 [INFO] ExecuteUnit[CompensatoryInfo]OK[单元名称[CompensatoryInfo]单元执行状态[1]单元执行时间[0.578]秒开始时间[2017/03/31 17:07:05:171]结束时间[2017/03/31 17:07:05:749]]
2017-03-31 17:07:05.749 CST com.amarsoft.are.ARE com.amarsoft.app.datax.bcr.common.BCRTaskListener.unitExit().301 [INFO] 退出 Unit=CompensatoryInfo[导入代偿概况信息信息表]
2017-03-31 17:07:05.751 CST com.amarsoft.are.ARE com.amarsoft.app.datax.bcr.common.BCRTaskListener.runAfter().228 [INFO] isInsert:true,inputDate:2017/03/30,serialNO:7,TaskCode:BCRDataPrepare,startTime:2017/03/31 17:07:05,endTime:2017/03/31 17:07:05,unitCode:CompensatoryInfo,unitDisc:导入代偿概况信息信息表,timeDis:0:00:00
2017-03-31 17:07:05.751 CST com.amarsoft.are.ARE com.amarsoft.task.TaskObject.trace().119 [INFO] CompensatoryDetail[导入代偿明细信息表] start! Task user: root(root)
2017-03-31 17:07:05.752 CST com.amarsoft.are.ARE com.amarsoft.app.datax.bcr.common.BCRTaskListener.unitStart().288 [INFO] 进入 Unit=CompensatoryDetail[导入代偿明细信息表]
2017-03-31 17:07:05.753 CST com.amarsoft.are.ARE com.amarsoft.task.units.dpx.PRHUnit.execute().254 [INFO] 导入代偿明细信息表开始...
2017-03-31 17:07:06.336 CST com.amarsoft.are.ARE com.amarsoft.task.units.dpx.PRHUnit.execute().364 [INFO] 导入代偿明细信息表完成!
2017-03-31 17:07:06.337 CST com.amarsoft.are.ARE com.amarsoft.task.ExecuteUnit.run().111 [INFO] ExecuteUnit[CompensatoryDetail]OK[单元名称[CompensatoryDetail]单元执行状态[1]单元执行时间[0.583]秒开始时间[2017/03/31 17:07:05:753]结束时间[2017/03/31 17:07:06:336]]
2017-03-31 17:07:06.337 CST com.amarsoft.are.ARE com.amarsoft.app.datax.bcr.common.BCRTaskListener.unitExit().301 [INFO] 退出 Unit=CompensatoryDetail[导入代偿明细信息表]
2017-03-31 17:07:06.338 CST com.amarsoft.are.ARE com.amarsoft.app.datax.bcr.common.BCRTaskListener.runAfter().228 [INFO] isInsert:true,inputDate:2017/03/30,serialNO:8,TaskCode:BCRDataPrepare,startTime:2017/03/31 17:07:05,endTime:2017/03/31 17:07:06,unitCode:CompensatoryDetail,unitDisc:导入代偿明细信息表,timeDis:0:00:01
2017-03-31 17:07:06.339 CST com.amarsoft.are.ARE com.amarsoft.task.TaskObject.trace().119 [INFO] RecoveryDetail[导入追偿明细信息表] start! Task user: root(root)
2017-03-31 17:07:06.339 CST com.amarsoft.are.ARE com.amarsoft.app.datax.bcr.common.BCRTaskListener.unitStart().288 [INFO] 进入 Unit=RecoveryDetail[导入追偿明细信息表]
2017-03-31 17:07:06.341 CST com.amarsoft.are.ARE com.amarsoft.task.units.dpx.PRHUnit.execute().254 [INFO] 导入追偿明细信息表开始...
2017-03-31 17:07:06.344 CST com.amarsoft.are.ARE com.amarsoft.task.units.dpx.PRHUnit.execute().364 [INFO] 导入追偿明细信息表完成!
2017-03-31 17:07:06.345 CST com.amarsoft.are.ARE com.amarsoft.task.ExecuteUnit.run().111 [INFO] ExecuteUnit[RecoveryDetail]OK[单元名称[RecoveryDetail]单元执行状态[1]单元执行时间[0.0040]秒开始时间[2017/03/31 17:07:06:340]结束时间[2017/03/31 17:07:06:344]]
2017-03-31 17:07:06.345 CST com.amarsoft.are.ARE com.amarsoft.app.datax.bcr.common.BCRTaskListener.unitExit().301 [INFO] 退出 Unit=RecoveryDetail[导入追偿明细信息表]
2017-03-31 17:07:06.346 CST com.amarsoft.are.ARE com.amarsoft.app.datax.bcr.common.BCRTaskListener.runAfter().228 [INFO] isInsert:true,inputDate:2017/03/30,serialNO:9,TaskCode:BCRDataPrepare,startTime:2017/03/31 17:07:06,endTime:2017/03/31 17:07:06,unitCode:RecoveryDetail,unitDisc:导入追偿明细信息表,timeDis:0:00:00
2017-03-31 17:07:06.347 CST com.amarsoft.are.ARE com.amarsoft.task.TaskObject.trace().119 [INFO] PremiumInfo[导入保费缴纳概况信息表] start! Task user: root(root)
2017-03-31 17:07:06.347 CST com.amarsoft.are.ARE com.amarsoft.app.datax.bcr.common.BCRTaskListener.unitStart().288 [INFO] 进入 Unit=PremiumInfo[导入保费缴纳概况信息表]
2017-03-31 17:07:06.348 CST com.amarsoft.are.ARE com.amarsoft.task.units.dpx.PRHUnit.execute().254 [INFO] 导入保费缴纳概况信息表开始...
2017-03-31 17:07:06.355 CST com.amarsoft.are.ARE com.amarsoft.task.units.dpx.PRHUnit.execute().364 [INFO] 导入保费缴纳概况信息表完成!
2017-03-31 17:07:06.356 CST com.amarsoft.are.ARE com.amarsoft.task.ExecuteUnit.run().111 [INFO] ExecuteUnit[PremiumInfo]OK[单元名称[PremiumInfo]单元执行状态[1]单元执行时间[0.0070]秒开始时间[2017/03/31 17:07:06:348]结束时间[2017/03/31 17:07:06:355]]
2017-03-31 17:07:06.356 CST com.amarsoft.are.ARE com.amarsoft.app.datax.bcr.common.BCRTaskListener.unitExit().301 [INFO] 退出 Unit=PremiumInfo[导入保费缴纳概况信息表]
2017-03-31 17:07:06.358 CST com.amarsoft.are.ARE com.amarsoft.app.datax.bcr.common.BCRTaskListener.runAfter().228 [INFO] isInsert:true,inputDate:2017/03/30,serialNO:10,TaskCode:BCRDataPrepare,startTime:2017/03/31 17:07:06,endTime:2017/03/31 17:07:06,unitCode:PremiumInfo,unitDisc:导入保费缴纳概况信息表,timeDis:0:00:00
2017-03-31 17:07:06.358 CST com.amarsoft.are.ARE com.amarsoft.task.TaskObject.trace().119 [INFO] PremiumDetail[导入保费缴纳明细信息表] start! Task user: root(root)
2017-03-31 17:07:06.358 CST com.amarsoft.are.ARE com.amarsoft.app.datax.bcr.common.BCRTaskListener.unitStart().288 [INFO] 进入 Unit=PremiumDetail[导入保费缴纳明细信息表]
2017-03-31 17:07:06.360 CST com.amarsoft.are.ARE com.amarsoft.task.units.dpx.PRHUnit.execute().254 [INFO] 导入保费缴纳明细信息表开始...
2017-03-31 17:07:06.364 CST com.amarsoft.are.ARE com.amarsoft.task.units.dpx.PRHUnit.execute().364 [INFO] 导入保费缴纳明细信息表完成!
2017-03-31 17:07:06.365 CST com.amarsoft.are.ARE com.amarsoft.task.ExecuteUnit.run().111 [INFO] ExecuteUnit[PremiumDetail]OK[单元名称[PremiumDetail]单元执行状态[1]单元执行时间[0.0050]秒开始时间[2017/03/31 17:07:06:359]结束时间[2017/03/31 17:07:06:364]]
2017-03-31 17:07:06.365 CST com.amarsoft.are.ARE com.amarsoft.app.datax.bcr.common.BCRTaskListener.unitExit().301 [INFO] 退出 Unit=PremiumDetail[导入保费缴纳明细信息表]
2017-03-31 17:07:06.366 CST com.amarsoft.are.ARE com.amarsoft.app.datax.bcr.common.BCRTaskListener.runAfter().228 [INFO] isInsert:true,inputDate:2017/03/30,serialNO:11,TaskCode:BCRDataPrepare,startTime:2017/03/31 17:07:06,endTime:2017/03/31 17:07:06,unitCode:PremiumDetail,unitDisc:导入保费缴纳明细信息表,timeDis:0:00:00
2017-03-31 17:07:06.367 CST com.amarsoft.are.ARE com.amarsoft.app.datax.bcr.common.BCRTaskListener.targetExit().275 [INFO] 退出 Target=GuaranteeBusinessImport[融资性担保业务抽取]
2017-03-31 17:07:06.367 CST com.amarsoft.are.ARE com.amarsoft.app.datax.bcr.common.BCRTaskListener.taskExit().247 [INFO] 退出 Task=BCRDataPrepare[原始数据抽取]
2017-03-31 17:07:06.368 CST com.amarsoft.are.ARE com.amarsoft.task.TaskRunner.runCli().135 [INFO] 任务运行完成！
2017-03-31 17:08:45.325 CST com.amarsoft.are.ARE com.amarsoft.app.datax.ecr.AmarECR.main() [INFO] 自动计算后businessOccurDate：2017/03/30
2017-03-31 17:08:45.339 CST com.amarsoft.are.ARE com.amarsoft.app.datax.bcr.common.BCRTaskListener.taskStart().233 [INFO] 进入 Task=BCRDataValidate[原始数据校验]
2017-03-31 17:08:45.354 CST com.amarsoft.are.ARE com.amarsoft.are.sql.PooledConnectionFactory.addDataSource().136 [INFO] org.apache.commons.dbcp.datasources.SharedPoolDataSource@47df280b
2017-03-31 17:08:45.355 CST com.amarsoft.are.ARE com.amarsoft.are.sql.PooledConnectionFactory.addDataSource().136 [INFO] org.apache.commons.dbcp.datasources.SharedPoolDataSource@6acd5f8b
2017-03-31 17:08:45.595 CST com.amarsoft.are.ARE com.amarsoft.app.datax.bcr.common.BCRTaskListener.listenerDBInit().73 [INFO] target 开始启动
2017-03-31 17:08:45.596 CST com.amarsoft.are.ARE com.amarsoft.task.TaskObject.trace().119 [INFO] BCRDataValidate[原始数据校验] start! Task user: root(root)
2017-03-31 17:08:45.596 CST com.amarsoft.are.ARE com.amarsoft.task.TaskObject.trace().119 [INFO] BCRDataValidate[融资性担保业务数据校验] start! Task user: root(root)
2017-03-31 17:08:45.596 CST com.amarsoft.are.ARE com.amarsoft.app.datax.bcr.common.BCRTaskListener.targetStart().262 [INFO] 进入 Target=BCRDataValidate[融资性担保业务数据校验]
2017-03-31 17:08:45.597 CST com.amarsoft.are.ARE com.amarsoft.task.TaskObject.trace().119 [INFO] GuaranteeDataValidate[业务数据校验] start! Task user: root(root)
2017-03-31 17:08:45.597 CST com.amarsoft.are.ARE com.amarsoft.app.datax.bcr.common.BCRTaskListener.unitStart().288 [INFO] 进入 Unit=GuaranteeDataValidate[业务数据校验]
2017-03-31 17:08:45.642 CST com.amarsoft.are.ARE com.amarsoft.app.datax.bcr.session.MessageProcessSession.start().91 [INFO] 初始化报文处理过程[1111111111]......
2017-03-31 17:08:45.894 CST com.amarsoft.are.ARE com.amarsoft.app.datax.bcr.session.MessageProcessSession.start().93 [INFO] 初始化报文处理过程完成！
2017-03-31 17:08:45.894 CST com.amarsoft.are.ARE com.amarsoft.app.datax.bcr.session.MessageProcessSession.start().101 [INFO] 检查报文处理过程条件[1111111111]......
2017-03-31 17:08:45.894 CST com.amarsoft.are.ARE com.amarsoft.app.datax.bcr.session.MessageProcessSession.start().103 [INFO] 处理条件就绪！
2017-03-31 17:08:45.895 CST com.amarsoft.are.ARE com.amarsoft.app.datax.bcr.session.MessageProcessSession.start().111 [INFO] 执行处理报文处理过程[1111111111]......
2017-03-31 17:08:59.628 CST com.amarsoft.are.ARE com.amarsoft.app.datax.bcr.session.MessageProcessSession.start().113 [INFO] 执行报文处理过程完成！
2017-03-31 17:08:59.628 CST com.amarsoft.are.ARE com.amarsoft.app.datax.bcr.session.ValidateSession.postProcess().84 [INFO] 共校验记录数：5830, 其中正确记录：5789, 检验到错误数：41, 错误关联记录：0
2017-03-31 17:08:59.629 CST com.amarsoft.are.ARE com.amarsoft.app.datax.bcr.session.MessageProcessSessionUnit.execute().49 [INFO] 运行处理过程1111111111成功！
2017-03-31 17:08:59.631 CST com.amarsoft.are.ARE com.amarsoft.task.ExecuteUnit.run().111 [INFO] ExecuteUnit[GuaranteeDataValidate]OK[单元名称[GuaranteeDataValidate]单元执行状态[1]单元执行时间[14.017]秒开始时间[2017/03/31 17:08:45:612]结束时间[2017/03/31 17:08:59:629]]
2017-03-31 17:08:59.631 CST com.amarsoft.are.ARE com.amarsoft.app.datax.bcr.common.BCRTaskListener.unitExit().301 [INFO] 退出 Unit=GuaranteeDataValidate[业务数据校验]
2017-03-31 17:08:59.634 CST com.amarsoft.are.ARE com.amarsoft.app.datax.bcr.common.BCRTaskListener.runAfter().228 [INFO] isInsert:true,inputDate:2017/03/30,serialNO:12,TaskCode:BCRDataValidate,startTime:2017/03/31 17:08:45,endTime:2017/03/31 17:08:59,unitCode:GuaranteeDataValidate,unitDisc:业务数据校验,timeDis:0:00:14
2017-03-31 17:08:59.635 CST com.amarsoft.are.ARE com.amarsoft.task.TaskObject.trace().119 [INFO] GDataChengeValidate[变更记录校验] start! Task user: root(root)
2017-03-31 17:08:59.635 CST com.amarsoft.are.ARE com.amarsoft.app.datax.bcr.common.BCRTaskListener.unitStart().288 [INFO] 进入 Unit=GDataChengeValidate[变更记录校验]
2017-03-31 17:08:59.642 CST com.amarsoft.are.ARE com.amarsoft.app.datax.bcr.session.MessageProcessSession.start().91 [INFO] 初始化报文处理过程[1111111111]......
2017-03-31 17:08:59.656 CST com.amarsoft.are.ARE com.amarsoft.app.datax.bcr.session.MessageProcessSession.start().93 [INFO] 初始化报文处理过程完成！
2017-03-31 17:08:59.656 CST com.amarsoft.are.ARE com.amarsoft.app.datax.bcr.session.MessageProcessSession.start().101 [INFO] 检查报文处理过程条件[1111111111]......
2017-03-31 17:08:59.656 CST com.amarsoft.are.ARE com.amarsoft.app.datax.bcr.session.MessageProcessSession.start().103 [INFO] 处理条件就绪！
2017-03-31 17:08:59.656 CST com.amarsoft.are.ARE com.amarsoft.app.datax.bcr.session.MessageProcessSession.start().111 [INFO] 执行处理报文处理过程[1111111111]......
2017-03-31 17:08:59.664 CST com.amarsoft.are.ARE com.amarsoft.app.datax.bcr.session.MessageProcessSession.start().113 [INFO] 执行报文处理过程完成！
2017-03-31 17:08:59.664 CST com.amarsoft.are.ARE com.amarsoft.app.datax.bcr.session.ValidateSession.postProcess().84 [INFO] 共校验记录数：0, 其中正确记录：0, 检验到错误数：0, 错误关联记录：0
2017-03-31 17:08:59.665 CST com.amarsoft.are.ARE com.amarsoft.app.datax.bcr.session.MessageProcessSessionUnit.execute().49 [INFO] 运行处理过程1111111111成功！
2017-03-31 17:08:59.665 CST com.amarsoft.are.ARE com.amarsoft.task.ExecuteUnit.run().111 [INFO] ExecuteUnit[GDataChengeValidate]OK[单元名称[GDataChengeValidate]单元执行状态[1]单元执行时间[0.029]秒开始时间[2017/03/31 17:08:59:636]结束时间[2017/03/31 17:08:59:665]]
2017-03-31 17:08:59.665 CST com.amarsoft.are.ARE com.amarsoft.app.datax.bcr.common.BCRTaskListener.unitExit().301 [INFO] 退出 Unit=GDataChengeValidate[变更记录校验]
2017-03-31 17:08:59.667 CST com.amarsoft.are.ARE com.amarsoft.app.datax.bcr.common.BCRTaskListener.runAfter().228 [INFO] isInsert:true,inputDate:2017/03/30,serialNO:13,TaskCode:BCRDataValidate,startTime:2017/03/31 17:08:59,endTime:2017/03/31 17:08:59,unitCode:GDataChengeValidate,unitDisc:变更记录校验,timeDis:0:00:00
2017-03-31 17:08:59.667 CST com.amarsoft.are.ARE com.amarsoft.task.TaskObject.trace().119 [INFO] GDataDeleteValidate[删除记录校验] start! Task user: root(root)
2017-03-31 17:08:59.667 CST com.amarsoft.are.ARE com.amarsoft.app.datax.bcr.common.BCRTaskListener.unitStart().288 [INFO] 进入 Unit=GDataDeleteValidate[删除记录校验]
2017-03-31 17:08:59.672 CST com.amarsoft.are.ARE com.amarsoft.app.datax.bcr.session.MessageProcessSession.start().91 [INFO] 初始化报文处理过程[1111111111]......
2017-03-31 17:08:59.685 CST com.amarsoft.are.ARE com.amarsoft.app.datax.bcr.session.MessageProcessSession.start().93 [INFO] 初始化报文处理过程完成！
2017-03-31 17:08:59.685 CST com.amarsoft.are.ARE com.amarsoft.app.datax.bcr.session.MessageProcessSession.start().101 [INFO] 检查报文处理过程条件[1111111111]......
2017-03-31 17:08:59.685 CST com.amarsoft.are.ARE com.amarsoft.app.datax.bcr.session.MessageProcessSession.start().103 [INFO] 处理条件就绪！
2017-03-31 17:08:59.685 CST com.amarsoft.are.ARE com.amarsoft.app.datax.bcr.session.MessageProcessSession.start().111 [INFO] 执行处理报文处理过程[1111111111]......
2017-03-31 17:08:59.730 CST com.amarsoft.are.ARE com.amarsoft.app.datax.bcr.session.MessageProcessSession.start().113 [INFO] 执行报文处理过程完成！
2017-03-31 17:08:59.730 CST com.amarsoft.are.ARE com.amarsoft.app.datax.bcr.session.ValidateSession.postProcess().84 [INFO] 共校验记录数：0, 其中正确记录：0, 检验到错误数：0, 错误关联记录：0
2017-03-31 17:08:59.730 CST com.amarsoft.are.ARE com.amarsoft.app.datax.bcr.session.MessageProcessSessionUnit.execute().49 [INFO] 运行处理过程1111111111成功！
2017-03-31 17:08:59.731 CST com.amarsoft.are.ARE com.amarsoft.task.ExecuteUnit.run().111 [INFO] ExecuteUnit[GDataDeleteValidate]OK[单元名称[GDataDeleteValidate]单元执行状态[1]单元执行时间[0.063]秒开始时间[2017/03/31 17:08:59:668]结束时间[2017/03/31 17:08:59:731]]
2017-03-31 17:08:59.732 CST com.amarsoft.are.ARE com.amarsoft.app.datax.bcr.common.BCRTaskListener.unitExit().301 [INFO] 退出 Unit=GDataDeleteValidate[删除记录校验]
2017-03-31 17:08:59.733 CST com.amarsoft.are.ARE com.amarsoft.app.datax.bcr.common.BCRTaskListener.runAfter().228 [INFO] isInsert:true,inputDate:2017/03/30,serialNO:14,TaskCode:BCRDataValidate,startTime:2017/03/31 17:08:59,endTime:2017/03/31 17:08:59,unitCode:GDataDeleteValidate,unitDisc:删除记录校验,timeDis:0:00:00
2017-03-31 17:08:59.734 CST com.amarsoft.are.ARE com.amarsoft.app.datax.bcr.common.BCRTaskListener.targetExit().275 [INFO] 退出 Target=BCRDataValidate[融资性担保业务数据校验]
2017-03-31 17:08:59.734 CST com.amarsoft.are.ARE com.amarsoft.app.datax.bcr.common.BCRTaskListener.taskExit().247 [INFO] 退出 Task=BCRDataValidate[原始数据校验]
2017-03-31 17:08:59.735 CST com.amarsoft.are.ARE com.amarsoft.task.TaskRunner.runCli().135 [INFO] 任务运行完成！
2017-03-31 17:10:24.800 CST com.amarsoft.are.ARE com.amarsoft.app.datax.ecr.AmarECR.main() [INFO] 自动计算后businessOccurDate：2017/03/30
2017-03-31 17:10:24.830 CST com.amarsoft.are.ARE com.amarsoft.app.datax.bcr.common.BCRTaskListener.taskStart().233 [INFO] 进入 Task=BCRDataPrepare[原始数据抽取]
2017-03-31 17:10:24.845 CST com.amarsoft.are.ARE com.amarsoft.are.sql.PooledConnectionFactory.addDataSource().136 [INFO] org.apache.commons.dbcp.datasources.SharedPoolDataSource@626f50a8
2017-03-31 17:10:24.846 CST com.amarsoft.are.ARE com.amarsoft.are.sql.PooledConnectionFactory.addDataSource().136 [INFO] org.apache.commons.dbcp.datasources.SharedPoolDataSource@5c73a7ab
2017-03-31 17:10:25.092 CST com.amarsoft.are.ARE com.amarsoft.app.datax.bcr.common.BCRTaskListener.listenerDBInit().73 [INFO] target 开始启动
2017-03-31 17:10:25.092 CST com.amarsoft.are.ARE com.amarsoft.task.TaskObject.trace().119 [INFO] BCRDataPrepare[原始数据抽取] start! Task user: root(root)
2017-03-31 17:10:25.093 CST com.amarsoft.are.ARE com.amarsoft.task.TaskObject.trace().119 [INFO] GuaranteeBusinessImport[融资性担保业务抽取] start! Task user: root(root)
2017-03-31 17:10:25.093 CST com.amarsoft.are.ARE com.amarsoft.app.datax.bcr.common.BCRTaskListener.targetStart().262 [INFO] 进入 Target=GuaranteeBusinessImport[融资性担保业务抽取]
2017-03-31 17:10:25.093 CST com.amarsoft.are.ARE com.amarsoft.task.TaskObject.trace().119 [INFO] GuaranteeInfo[导入担保基础信息表] start! Task user: root(root)
2017-03-31 17:10:25.094 CST com.amarsoft.are.ARE com.amarsoft.app.datax.bcr.common.BCRTaskListener.unitStart().288 [INFO] 进入 Unit=GuaranteeInfo[导入担保基础信息表]
2017-03-31 17:10:25.109 CST com.amarsoft.are.ARE com.amarsoft.task.units.dpx.PRHUnit.execute().254 [INFO] 导入担保基础信息表开始...
2017-03-31 17:10:29.269 CST com.amarsoft.are.ARE com.amarsoft.task.units.dpx.PRHUnit.execute().364 [INFO] 导入担保基础信息表完成!
2017-03-31 17:10:29.271 CST com.amarsoft.are.ARE com.amarsoft.task.ExecuteUnit.run().111 [INFO] ExecuteUnit[GuaranteeInfo]OK[单元名称[GuaranteeInfo]单元执行状态[1]单元执行时间[4.161]秒开始时间[2017/03/31 17:10:25:108]结束时间[2017/03/31 17:10:29:269]]
2017-03-31 17:10:29.271 CST com.amarsoft.are.ARE com.amarsoft.app.datax.bcr.common.BCRTaskListener.unitExit().301 [INFO] 退出 Unit=GuaranteeInfo[导入担保基础信息表]
2017-03-31 17:10:29.274 CST com.amarsoft.are.ARE com.amarsoft.app.datax.bcr.common.BCRTaskListener.runAfter().228 [INFO] isInsert:false,inputDate:2017/03/30,serialNO:1,TaskCode:BCRDataPrepare,startTime:2017/03/31 17:10:25,endTime:2017/03/31 17:10:29,unitCode:GuaranteeInfo,unitDisc:导入担保基础信息表,timeDis:0:00:04
2017-03-31 17:10:29.274 CST com.amarsoft.are.ARE com.amarsoft.task.TaskObject.trace().119 [INFO] GuaranteeCont[导入担保合同信息表] start! Task user: root(root)
2017-03-31 17:10:29.275 CST com.amarsoft.are.ARE com.amarsoft.app.datax.bcr.common.BCRTaskListener.unitStart().288 [INFO] 进入 Unit=GuaranteeCont[导入担保合同信息表]
2017-03-31 17:10:29.277 CST com.amarsoft.are.ARE com.amarsoft.task.units.dpx.PRHUnit.execute().254 [INFO] 导入担保合同信息表开始...
2017-03-31 17:10:32.729 CST com.amarsoft.are.ARE com.amarsoft.task.units.dpx.PRHUnit.execute().364 [INFO] 导入担保合同信息表完成!
2017-03-31 17:10:32.730 CST com.amarsoft.are.ARE com.amarsoft.task.ExecuteUnit.run().111 [INFO] ExecuteUnit[GuaranteeCont]OK[单元名称[GuaranteeCont]单元执行状态[1]单元执行时间[3.454]秒开始时间[2017/03/31 17:10:29:276]结束时间[2017/03/31 17:10:32:730]]
2017-03-31 17:10:32.730 CST com.amarsoft.are.ARE com.amarsoft.app.datax.bcr.common.BCRTaskListener.unitExit().301 [INFO] 退出 Unit=GuaranteeCont[导入担保合同信息表]
2017-03-31 17:10:32.732 CST com.amarsoft.are.ARE com.amarsoft.app.datax.bcr.common.BCRTaskListener.runAfter().228 [INFO] isInsert:false,inputDate:2017/03/30,serialNO:2,TaskCode:BCRDataPrepare,startTime:2017/03/31 17:10:29,endTime:2017/03/31 17:10:32,unitCode:GuaranteeCont,unitDisc:导入担保合同信息表,timeDis:0:00:03
2017-03-31 17:10:32.732 CST com.amarsoft.are.ARE com.amarsoft.task.TaskObject.trace().119 [INFO] Insureds[导入被担保人信息表] start! Task user: root(root)
2017-03-31 17:10:32.733 CST com.amarsoft.are.ARE com.amarsoft.app.datax.bcr.common.BCRTaskListener.unitStart().288 [INFO] 进入 Unit=Insureds[导入被担保人信息表]
2017-03-31 17:10:32.735 CST com.amarsoft.are.ARE com.amarsoft.task.units.dpx.PRHUnit.execute().254 [INFO] 导入被担保人信息表开始...
2017-03-31 17:10:36.678 CST com.amarsoft.are.ARE com.amarsoft.task.units.dpx.PRHUnit.execute().364 [INFO] 导入被担保人信息表完成!
2017-03-31 17:10:36.679 CST com.amarsoft.are.ARE com.amarsoft.task.ExecuteUnit.run().111 [INFO] ExecuteUnit[Insureds]OK[单元名称[Insureds]单元执行状态[1]单元执行时间[3.945]秒开始时间[2017/03/31 17:10:32:734]结束时间[2017/03/31 17:10:36:679]]
2017-03-31 17:10:36.680 CST com.amarsoft.are.ARE com.amarsoft.app.datax.bcr.common.BCRTaskListener.unitExit().301 [INFO] 退出 Unit=Insureds[导入被担保人信息表]
2017-03-31 17:10:36.681 CST com.amarsoft.are.ARE com.amarsoft.app.datax.bcr.common.BCRTaskListener.runAfter().228 [INFO] isInsert:false,inputDate:2017/03/30,serialNO:3,TaskCode:BCRDataPrepare,startTime:2017/03/31 17:10:32,endTime:2017/03/31 17:10:36,unitCode:Insureds,unitDisc:导入被担保人信息表,timeDis:0:00:04
2017-03-31 17:10:36.682 CST com.amarsoft.are.ARE com.amarsoft.task.TaskObject.trace().119 [INFO] CreditorInfo[导入债权人及主合同信息表] start! Task user: root(root)
2017-03-31 17:10:36.682 CST com.amarsoft.are.ARE com.amarsoft.app.datax.bcr.common.BCRTaskListener.unitStart().288 [INFO] 进入 Unit=CreditorInfo[导入债权人及主合同信息表]
2017-03-31 17:10:36.683 CST com.amarsoft.are.ARE com.amarsoft.task.units.dpx.PRHUnit.execute().254 [INFO] 导入债权人及主合同信息表开始...
2017-03-31 17:10:39.764 CST com.amarsoft.are.ARE com.amarsoft.task.units.dpx.PRHUnit.execute().364 [INFO] 导入债权人及主合同信息表完成!
2017-03-31 17:10:39.765 CST com.amarsoft.are.ARE com.amarsoft.task.ExecuteUnit.run().111 [INFO] ExecuteUnit[CreditorInfo]OK[单元名称[CreditorInfo]单元执行状态[1]单元执行时间[3.081]秒开始时间[2017/03/31 17:10:36:683]结束时间[2017/03/31 17:10:39:764]]
2017-03-31 17:10:39.765 CST com.amarsoft.are.ARE com.amarsoft.app.datax.bcr.common.BCRTaskListener.unitExit().301 [INFO] 退出 Unit=CreditorInfo[导入债权人及主合同信息表]
2017-03-31 17:10:39.767 CST com.amarsoft.are.ARE com.amarsoft.app.datax.bcr.common.BCRTaskListener.runAfter().228 [INFO] isInsert:false,inputDate:2017/03/30,serialNO:4,TaskCode:BCRDataPrepare,startTime:2017/03/31 17:10:36,endTime:2017/03/31 17:10:39,unitCode:CreditorInfo,unitDisc:导入债权人及主合同信息表,timeDis:0:00:03
2017-03-31 17:10:39.767 CST com.amarsoft.are.ARE com.amarsoft.task.TaskObject.trace().119 [INFO] CounterGuarantor[导入反担保人信息表] start! Task user: root(root)
2017-03-31 17:10:39.768 CST com.amarsoft.are.ARE com.amarsoft.app.datax.bcr.common.BCRTaskListener.unitStart().288 [INFO] 进入 Unit=CounterGuarantor[导入反担保人信息表]
2017-03-31 17:10:39.769 CST com.amarsoft.are.ARE com.amarsoft.task.units.dpx.PRHUnit.execute().254 [INFO] 导入反担保人信息表开始...
2017-03-31 17:10:41.758 CST com.amarsoft.are.ARE com.amarsoft.task.units.dpx.PRHUnit.execute().364 [INFO] 导入反担保人信息表完成!
2017-03-31 17:10:41.759 CST com.amarsoft.are.ARE com.amarsoft.task.ExecuteUnit.run().111 [INFO] ExecuteUnit[CounterGuarantor]OK[单元名称[CounterGuarantor]单元执行状态[1]单元执行时间[1.989]秒开始时间[2017/03/31 17:10:39:769]结束时间[2017/03/31 17:10:41:758]]
2017-03-31 17:10:41.759 CST com.amarsoft.are.ARE com.amarsoft.app.datax.bcr.common.BCRTaskListener.unitExit().301 [INFO] 退出 Unit=CounterGuarantor[导入反担保人信息表]
2017-03-31 17:10:41.762 CST com.amarsoft.are.ARE com.amarsoft.app.datax.bcr.common.BCRTaskListener.runAfter().228 [INFO] isInsert:false,inputDate:2017/03/30,serialNO:5,TaskCode:BCRDataPrepare,startTime:2017/03/31 17:10:39,endTime:2017/03/31 17:10:41,unitCode:CounterGuarantor,unitDisc:导入反担保人信息表,timeDis:0:00:02
2017-03-31 17:10:41.762 CST com.amarsoft.are.ARE com.amarsoft.task.TaskObject.trace().119 [INFO] GuaranteeDuty[导入实际在保（代偿）责任信息表] start! Task user: root(root)
2017-03-31 17:10:41.762 CST com.amarsoft.are.ARE com.amarsoft.app.datax.bcr.common.BCRTaskListener.unitStart().288 [INFO] 进入 Unit=GuaranteeDuty[导入实际在保（代偿）责任信息表]
2017-03-31 17:10:41.764 CST com.amarsoft.are.ARE com.amarsoft.task.units.dpx.PRHUnit.execute().254 [INFO] 导入实际在保（代偿）责任信息表开始...
2017-03-31 17:10:44.543 CST com.amarsoft.are.ARE com.amarsoft.task.units.dpx.PRHUnit.execute().364 [INFO] 导入实际在保（代偿）责任信息表完成!
2017-03-31 17:10:44.544 CST com.amarsoft.are.ARE com.amarsoft.task.ExecuteUnit.run().111 [INFO] ExecuteUnit[GuaranteeDuty]OK[单元名称[GuaranteeDuty]单元执行状态[1]单元执行时间[2.779]秒开始时间[2017/03/31 17:10:41:764]结束时间[2017/03/31 17:10:44:543]]
2017-03-31 17:10:44.544 CST com.amarsoft.are.ARE com.amarsoft.app.datax.bcr.common.BCRTaskListener.unitExit().301 [INFO] 退出 Unit=GuaranteeDuty[导入实际在保（代偿）责任信息表]
2017-03-31 17:10:44.546 CST com.amarsoft.are.ARE com.amarsoft.app.datax.bcr.common.BCRTaskListener.runAfter().228 [INFO] isInsert:false,inputDate:2017/03/30,serialNO:6,TaskCode:BCRDataPrepare,startTime:2017/03/31 17:10:41,endTime:2017/03/31 17:10:44,unitCode:GuaranteeDuty,unitDisc:导入实际在保（代偿）责任信息表,timeDis:0:00:03
2017-03-31 17:10:44.546 CST com.amarsoft.are.ARE com.amarsoft.task.TaskObject.trace().119 [INFO] CompensatoryInfo[导入代偿概况信息信息表] start! Task user: root(root)
2017-03-31 17:10:44.547 CST com.amarsoft.are.ARE com.amarsoft.app.datax.bcr.common.BCRTaskListener.unitStart().288 [INFO] 进入 Unit=CompensatoryInfo[导入代偿概况信息信息表]
2017-03-31 17:10:44.548 CST com.amarsoft.are.ARE com.amarsoft.task.units.dpx.PRHUnit.execute().254 [INFO] 导入代偿概况信息信息表开始...
2017-03-31 17:10:45.243 CST com.amarsoft.are.ARE com.amarsoft.task.units.dpx.PRHUnit.execute().364 [INFO] 导入代偿概况信息信息表完成!
2017-03-31 17:10:45.244 CST com.amarsoft.are.ARE com.amarsoft.task.ExecuteUnit.run().111 [INFO] ExecuteUnit[CompensatoryInfo]OK[单元名称[CompensatoryInfo]单元执行状态[1]单元执行时间[0.696]秒开始时间[2017/03/31 17:10:44:548]结束时间[2017/03/31 17:10:45:244]]
2017-03-31 17:10:45.244 CST com.amarsoft.are.ARE com.amarsoft.app.datax.bcr.common.BCRTaskListener.unitExit().301 [INFO] 退出 Unit=CompensatoryInfo[导入代偿概况信息信息表]
2017-03-31 17:10:45.246 CST com.amarsoft.are.ARE com.amarsoft.app.datax.bcr.common.BCRTaskListener.runAfter().228 [INFO] isInsert:false,inputDate:2017/03/30,serialNO:7,TaskCode:BCRDataPrepare,startTime:2017/03/31 17:10:44,endTime:2017/03/31 17:10:45,unitCode:CompensatoryInfo,unitDisc:导入代偿概况信息信息表,timeDis:0:00:01
2017-03-31 17:10:45.246 CST com.amarsoft.are.ARE com.amarsoft.task.TaskObject.trace().119 [INFO] CompensatoryDetail[导入代偿明细信息表] start! Task user: root(root)
2017-03-31 17:10:45.246 CST com.amarsoft.are.ARE com.amarsoft.app.datax.bcr.common.BCRTaskListener.unitStart().288 [INFO] 进入 Unit=CompensatoryDetail[导入代偿明细信息表]
2017-03-31 17:10:45.248 CST com.amarsoft.are.ARE com.amarsoft.task.units.dpx.PRHUnit.execute().254 [INFO] 导入代偿明细信息表开始...
2017-03-31 17:10:45.907 CST com.amarsoft.are.ARE com.amarsoft.task.units.dpx.PRHUnit.execute().364 [INFO] 导入代偿明细信息表完成!
2017-03-31 17:10:45.908 CST com.amarsoft.are.ARE com.amarsoft.task.ExecuteUnit.run().111 [INFO] ExecuteUnit[CompensatoryDetail]OK[单元名称[CompensatoryDetail]单元执行状态[1]单元执行时间[0.661]秒开始时间[2017/03/31 17:10:45:247]结束时间[2017/03/31 17:10:45:908]]
2017-03-31 17:10:45.908 CST com.amarsoft.are.ARE com.amarsoft.app.datax.bcr.common.BCRTaskListener.unitExit().301 [INFO] 退出 Unit=CompensatoryDetail[导入代偿明细信息表]
2017-03-31 17:10:45.910 CST com.amarsoft.are.ARE com.amarsoft.app.datax.bcr.common.BCRTaskListener.runAfter().228 [INFO] isInsert:false,inputDate:2017/03/30,serialNO:8,TaskCode:BCRDataPrepare,startTime:2017/03/31 17:10:45,endTime:2017/03/31 17:10:45,unitCode:CompensatoryDetail,unitDisc:导入代偿明细信息表,timeDis:0:00:00
2017-03-31 17:10:45.910 CST com.amarsoft.are.ARE com.amarsoft.task.TaskObject.trace().119 [INFO] RecoveryDetail[导入追偿明细信息表] start! Task user: root(root)
2017-03-31 17:10:45.910 CST com.amarsoft.are.ARE com.amarsoft.app.datax.bcr.common.BCRTaskListener.unitStart().288 [INFO] 进入 Unit=RecoveryDetail[导入追偿明细信息表]
2017-03-31 17:10:45.912 CST com.amarsoft.are.ARE com.amarsoft.task.units.dpx.PRHUnit.execute().254 [INFO] 导入追偿明细信息表开始...
2017-03-31 17:10:45.914 CST com.amarsoft.are.ARE com.amarsoft.task.units.dpx.PRHUnit.execute().364 [INFO] 导入追偿明细信息表完成!
2017-03-31 17:10:45.915 CST com.amarsoft.are.ARE com.amarsoft.task.ExecuteUnit.run().111 [INFO] ExecuteUnit[RecoveryDetail]OK[单元名称[RecoveryDetail]单元执行状态[1]单元执行时间[0.0030]秒开始时间[2017/03/31 17:10:45:911]结束时间[2017/03/31 17:10:45:914]]
2017-03-31 17:10:45.915 CST com.amarsoft.are.ARE com.amarsoft.app.datax.bcr.common.BCRTaskListener.unitExit().301 [INFO] 退出 Unit=RecoveryDetail[导入追偿明细信息表]
2017-03-31 17:10:45.916 CST com.amarsoft.are.ARE com.amarsoft.app.datax.bcr.common.BCRTaskListener.runAfter().228 [INFO] isInsert:false,inputDate:2017/03/30,serialNO:9,TaskCode:BCRDataPrepare,startTime:2017/03/31 17:10:45,endTime:2017/03/31 17:10:45,unitCode:RecoveryDetail,unitDisc:导入追偿明细信息表,timeDis:0:00:00
2017-03-31 17:10:45.917 CST com.amarsoft.are.ARE com.amarsoft.task.TaskObject.trace().119 [INFO] PremiumInfo[导入保费缴纳概况信息表] start! Task user: root(root)
2017-03-31 17:10:45.917 CST com.amarsoft.are.ARE com.amarsoft.app.datax.bcr.common.BCRTaskListener.unitStart().288 [INFO] 进入 Unit=PremiumInfo[导入保费缴纳概况信息表]
2017-03-31 17:10:45.918 CST com.amarsoft.are.ARE com.amarsoft.task.units.dpx.PRHUnit.execute().254 [INFO] 导入保费缴纳概况信息表开始...
2017-03-31 17:10:45.924 CST com.amarsoft.are.ARE com.amarsoft.task.units.dpx.PRHUnit.execute().364 [INFO] 导入保费缴纳概况信息表完成!
2017-03-31 17:10:45.925 CST com.amarsoft.are.ARE com.amarsoft.task.ExecuteUnit.run().111 [INFO] ExecuteUnit[PremiumInfo]OK[单元名称[PremiumInfo]单元执行状态[1]单元执行时间[0.0070]秒开始时间[2017/03/31 17:10:45:918]结束时间[2017/03/31 17:10:45:925]]
2017-03-31 17:10:45.925 CST com.amarsoft.are.ARE com.amarsoft.app.datax.bcr.common.BCRTaskListener.unitExit().301 [INFO] 退出 Unit=PremiumInfo[导入保费缴纳概况信息表]
2017-03-31 17:10:45.927 CST com.amarsoft.are.ARE com.amarsoft.app.datax.bcr.common.BCRTaskListener.runAfter().228 [INFO] isInsert:false,inputDate:2017/03/30,serialNO:10,TaskCode:BCRDataPrepare,startTime:2017/03/31 17:10:45,endTime:2017/03/31 17:10:45,unitCode:PremiumInfo,unitDisc:导入保费缴纳概况信息表,timeDis:0:00:00
2017-03-31 17:10:45.927 CST com.amarsoft.are.ARE com.amarsoft.task.TaskObject.trace().119 [INFO] PremiumDetail[导入保费缴纳明细信息表] start! Task user: root(root)
2017-03-31 17:10:45.927 CST com.amarsoft.are.ARE com.amarsoft.app.datax.bcr.common.BCRTaskListener.unitStart().288 [INFO] 进入 Unit=PremiumDetail[导入保费缴纳明细信息表]
2017-03-31 17:10:45.929 CST com.amarsoft.are.ARE com.amarsoft.task.units.dpx.PRHUnit.execute().254 [INFO] 导入保费缴纳明细信息表开始...
2017-03-31 17:10:45.932 CST com.amarsoft.are.ARE com.amarsoft.task.units.dpx.PRHUnit.execute().364 [INFO] 导入保费缴纳明细信息表完成!
2017-03-31 17:10:45.933 CST com.amarsoft.are.ARE com.amarsoft.task.ExecuteUnit.run().111 [INFO] ExecuteUnit[PremiumDetail]OK[单元名称[PremiumDetail]单元执行状态[1]单元执行时间[0.0040]秒开始时间[2017/03/31 17:10:45:928]结束时间[2017/03/31 17:10:45:932]]
2017-03-31 17:10:45.933 CST com.amarsoft.are.ARE com.amarsoft.app.datax.bcr.common.BCRTaskListener.unitExit().301 [INFO] 退出 Unit=PremiumDetail[导入保费缴纳明细信息表]
2017-03-31 17:10:45.934 CST com.amarsoft.are.ARE com.amarsoft.app.datax.bcr.common.BCRTaskListener.runAfter().228 [INFO] isInsert:false,inputDate:2017/03/30,serialNO:11,TaskCode:BCRDataPrepare,startTime:2017/03/31 17:10:45,endTime:2017/03/31 17:10:45,unitCode:PremiumDetail,unitDisc:导入保费缴纳明细信息表,timeDis:0:00:00
2017-03-31 17:10:45.935 CST com.amarsoft.are.ARE com.amarsoft.app.datax.bcr.common.BCRTaskListener.targetExit().275 [INFO] 退出 Target=GuaranteeBusinessImport[融资性担保业务抽取]
2017-03-31 17:10:45.935 CST com.amarsoft.are.ARE com.amarsoft.app.datax.bcr.common.BCRTaskListener.taskExit().247 [INFO] 退出 Task=BCRDataPrepare[原始数据抽取]
2017-03-31 17:10:45.935 CST com.amarsoft.are.ARE com.amarsoft.task.TaskRunner.runCli().135 [INFO] 任务运行完成！
2017-03-31 17:11:16.225 CST com.amarsoft.are.ARE com.amarsoft.app.datax.ecr.AmarECR.main() [INFO] 自动计算后businessOccurDate：2017/03/30
2017-03-31 17:11:16.238 CST com.amarsoft.are.ARE com.amarsoft.app.datax.bcr.common.BCRTaskListener.taskStart().233 [INFO] 进入 Task=BCRDataValidate[原始数据校验]
2017-03-31 17:11:16.254 CST com.amarsoft.are.ARE com.amarsoft.are.sql.PooledConnectionFactory.addDataSource().136 [INFO] org.apache.commons.dbcp.datasources.SharedPoolDataSource@47df280b
2017-03-31 17:11:16.254 CST com.amarsoft.are.ARE com.amarsoft.are.sql.PooledConnectionFactory.addDataSource().136 [INFO] org.apache.commons.dbcp.datasources.SharedPoolDataSource@6acd5f8b
2017-03-31 17:11:16.495 CST com.amarsoft.are.ARE com.amarsoft.app.datax.bcr.common.BCRTaskListener.listenerDBInit().73 [INFO] target 开始启动
2017-03-31 17:11:16.495 CST com.amarsoft.are.ARE com.amarsoft.task.TaskObject.trace().119 [INFO] BCRDataValidate[原始数据校验] start! Task user: root(root)
2017-03-31 17:11:16.495 CST com.amarsoft.are.ARE com.amarsoft.task.TaskObject.trace().119 [INFO] BCRDataValidate[融资性担保业务数据校验] start! Task user: root(root)
2017-03-31 17:11:16.496 CST com.amarsoft.are.ARE com.amarsoft.app.datax.bcr.common.BCRTaskListener.targetStart().262 [INFO] 进入 Target=BCRDataValidate[融资性担保业务数据校验]
2017-03-31 17:11:16.496 CST com.amarsoft.are.ARE com.amarsoft.task.TaskObject.trace().119 [INFO] GuaranteeDataValidate[业务数据校验] start! Task user: root(root)
2017-03-31 17:11:16.496 CST com.amarsoft.are.ARE com.amarsoft.app.datax.bcr.common.BCRTaskListener.unitStart().288 [INFO] 进入 Unit=GuaranteeDataValidate[业务数据校验]
2017-03-31 17:11:16.542 CST com.amarsoft.are.ARE com.amarsoft.app.datax.bcr.session.MessageProcessSession.start().91 [INFO] 初始化报文处理过程[1111111111]......
2017-03-31 17:11:16.794 CST com.amarsoft.are.ARE com.amarsoft.app.datax.bcr.session.MessageProcessSession.start().93 [INFO] 初始化报文处理过程完成！
2017-03-31 17:11:16.794 CST com.amarsoft.are.ARE com.amarsoft.app.datax.bcr.session.MessageProcessSession.start().101 [INFO] 检查报文处理过程条件[1111111111]......
2017-03-31 17:11:16.794 CST com.amarsoft.are.ARE com.amarsoft.app.datax.bcr.session.MessageProcessSession.start().103 [INFO] 处理条件就绪！
2017-03-31 17:11:16.794 CST com.amarsoft.are.ARE com.amarsoft.app.datax.bcr.session.MessageProcessSession.start().111 [INFO] 执行处理报文处理过程[1111111111]......
2017-03-31 17:11:30.844 CST com.amarsoft.are.ARE com.amarsoft.app.datax.bcr.session.MessageProcessSession.start().113 [INFO] 执行报文处理过程完成！
2017-03-31 17:11:30.845 CST com.amarsoft.are.ARE com.amarsoft.app.datax.bcr.session.ValidateSession.postProcess().84 [INFO] 共校验记录数：5830, 其中正确记录：5789, 检验到错误数：41, 错误关联记录：0
2017-03-31 17:11:30.845 CST com.amarsoft.are.ARE com.amarsoft.app.datax.bcr.session.MessageProcessSessionUnit.execute().49 [INFO] 运行处理过程1111111111成功！
2017-03-31 17:11:30.847 CST com.amarsoft.are.ARE com.amarsoft.task.ExecuteUnit.run().111 [INFO] ExecuteUnit[GuaranteeDataValidate]OK[单元名称[GuaranteeDataValidate]单元执行状态[1]单元执行时间[14.335]秒开始时间[2017/03/31 17:11:16:511]结束时间[2017/03/31 17:11:30:846]]
2017-03-31 17:11:30.848 CST com.amarsoft.are.ARE com.amarsoft.app.datax.bcr.common.BCRTaskListener.unitExit().301 [INFO] 退出 Unit=GuaranteeDataValidate[业务数据校验]
2017-03-31 17:11:30.850 CST com.amarsoft.are.ARE com.amarsoft.app.datax.bcr.common.BCRTaskListener.runAfter().228 [INFO] isInsert:false,inputDate:2017/03/30,serialNO:12,TaskCode:BCRDataValidate,startTime:2017/03/31 17:11:16,endTime:2017/03/31 17:11:30,unitCode:GuaranteeDataValidate,unitDisc:业务数据校验,timeDis:0:00:14
2017-03-31 17:11:30.851 CST com.amarsoft.are.ARE com.amarsoft.task.TaskObject.trace().119 [INFO] GDataChengeValidate[变更记录校验] start! Task user: root(root)
2017-03-31 17:11:30.851 CST com.amarsoft.are.ARE com.amarsoft.app.datax.bcr.common.BCRTaskListener.unitStart().288 [INFO] 进入 Unit=GDataChengeValidate[变更记录校验]
2017-03-31 17:11:30.858 CST com.amarsoft.are.ARE com.amarsoft.app.datax.bcr.session.MessageProcessSession.start().91 [INFO] 初始化报文处理过程[1111111111]......
2017-03-31 17:11:30.869 CST com.amarsoft.are.ARE com.amarsoft.app.datax.bcr.session.MessageProcessSession.start().93 [INFO] 初始化报文处理过程完成！
2017-03-31 17:11:30.869 CST com.amarsoft.are.ARE com.amarsoft.app.datax.bcr.session.MessageProcessSession.start().101 [INFO] 检查报文处理过程条件[1111111111]......
2017-03-31 17:11:30.869 CST com.amarsoft.are.ARE com.amarsoft.app.datax.bcr.session.MessageProcessSession.start().103 [INFO] 处理条件就绪！
2017-03-31 17:11:30.869 CST com.amarsoft.are.ARE com.amarsoft.app.datax.bcr.session.MessageProcessSession.start().111 [INFO] 执行处理报文处理过程[1111111111]......
2017-03-31 17:11:30.876 CST com.amarsoft.are.ARE com.amarsoft.app.datax.bcr.session.MessageProcessSession.start().113 [INFO] 执行报文处理过程完成！
2017-03-31 17:11:30.877 CST com.amarsoft.are.ARE com.amarsoft.app.datax.bcr.session.ValidateSession.postProcess().84 [INFO] 共校验记录数：0, 其中正确记录：0, 检验到错误数：0, 错误关联记录：0
2017-03-31 17:11:30.877 CST com.amarsoft.are.ARE com.amarsoft.app.datax.bcr.session.MessageProcessSessionUnit.execute().49 [INFO] 运行处理过程1111111111成功！
2017-03-31 17:11:30.877 CST com.amarsoft.are.ARE com.amarsoft.task.ExecuteUnit.run().111 [INFO] ExecuteUnit[GDataChengeValidate]OK[单元名称[GDataChengeValidate]单元执行状态[1]单元执行时间[0.025]秒开始时间[2017/03/31 17:11:30:852]结束时间[2017/03/31 17:11:30:877]]
2017-03-31 17:11:30.878 CST com.amarsoft.are.ARE com.amarsoft.app.datax.bcr.common.BCRTaskListener.unitExit().301 [INFO] 退出 Unit=GDataChengeValidate[变更记录校验]
2017-03-31 17:11:30.879 CST com.amarsoft.are.ARE com.amarsoft.app.datax.bcr.common.BCRTaskListener.runAfter().228 [INFO] isInsert:false,inputDate:2017/03/30,serialNO:13,TaskCode:BCRDataValidate,startTime:2017/03/31 17:11:30,endTime:2017/03/31 17:11:30,unitCode:GDataChengeValidate,unitDisc:变更记录校验,timeDis:0:00:00
2017-03-31 17:11:30.879 CST com.amarsoft.are.ARE com.amarsoft.task.TaskObject.trace().119 [INFO] GDataDeleteValidate[删除记录校验] start! Task user: root(root)
2017-03-31 17:11:30.880 CST com.amarsoft.are.ARE com.amarsoft.app.datax.bcr.common.BCRTaskListener.unitStart().288 [INFO] 进入 Unit=GDataDeleteValidate[删除记录校验]
2017-03-31 17:11:30.884 CST com.amarsoft.are.ARE com.amarsoft.app.datax.bcr.session.MessageProcessSession.start().91 [INFO] 初始化报文处理过程[1111111111]......
2017-03-31 17:11:30.896 CST com.amarsoft.are.ARE com.amarsoft.app.datax.bcr.session.MessageProcessSession.start().93 [INFO] 初始化报文处理过程完成！
2017-03-31 17:11:30.896 CST com.amarsoft.are.ARE com.amarsoft.app.datax.bcr.session.MessageProcessSession.start().101 [INFO] 检查报文处理过程条件[1111111111]......
2017-03-31 17:11:30.896 CST com.amarsoft.are.ARE com.amarsoft.app.datax.bcr.session.MessageProcessSession.start().103 [INFO] 处理条件就绪！
2017-03-31 17:11:30.896 CST com.amarsoft.are.ARE com.amarsoft.app.datax.bcr.session.MessageProcessSession.start().111 [INFO] 执行处理报文处理过程[1111111111]......
2017-03-31 17:11:30.939 CST com.amarsoft.are.ARE com.amarsoft.app.datax.bcr.session.MessageProcessSession.start().113 [INFO] 执行报文处理过程完成！
2017-03-31 17:11:30.939 CST com.amarsoft.are.ARE com.amarsoft.app.datax.bcr.session.ValidateSession.postProcess().84 [INFO] 共校验记录数：0, 其中正确记录：0, 检验到错误数：0, 错误关联记录：0
2017-03-31 17:11:30.939 CST com.amarsoft.are.ARE com.amarsoft.app.datax.bcr.session.MessageProcessSessionUnit.execute().49 [INFO] 运行处理过程1111111111成功！
2017-03-31 17:11:30.940 CST com.amarsoft.are.ARE com.amarsoft.task.ExecuteUnit.run().111 [INFO] ExecuteUnit[GDataDeleteValidate]OK[单元名称[GDataDeleteValidate]单元执行状态[1]单元执行时间[0.06]秒开始时间[2017/03/31 17:11:30:880]结束时间[2017/03/31 17:11:30:940]]
2017-03-31 17:11:30.941 CST com.amarsoft.are.ARE com.amarsoft.app.datax.bcr.common.BCRTaskListener.unitExit().301 [INFO] 退出 Unit=GDataDeleteValidate[删除记录校验]
2017-03-31 17:11:30.942 CST com.amarsoft.are.ARE com.amarsoft.app.datax.bcr.common.BCRTaskListener.runAfter().228 [INFO] isInsert:false,inputDate:2017/03/30,serialNO:14,TaskCode:BCRDataValidate,startTime:2017/03/31 17:11:30,endTime:2017/03/31 17:11:30,unitCode:GDataDeleteValidate,unitDisc:删除记录校验,timeDis:0:00:00
2017-03-31 17:11:30.942 CST com.amarsoft.are.ARE com.amarsoft.app.datax.bcr.common.BCRTaskListener.targetExit().275 [INFO] 退出 Target=BCRDataValidate[融资性担保业务数据校验]
2017-03-31 17:11:30.942 CST com.amarsoft.are.ARE com.amarsoft.app.datax.bcr.common.BCRTaskListener.taskExit().247 [INFO] 退出 Task=BCRDataValidate[原始数据校验]
2017-03-31 17:11:30.943 CST com.amarsoft.are.ARE com.amarsoft.task.TaskRunner.runCli().135 [INFO] 任务运行完成！
2017-03-31 17:31:26.172 CST com.amarsoft.are.ARE com.amarsoft.app.datax.ecr.AmarECR.main() [INFO] 自动计算后businessOccurDate：2017/03/30
2017-03-31 17:31:26.187 CST com.amarsoft.are.ARE com.amarsoft.app.datax.bcr.common.BCRTaskListener.taskStart().233 [INFO] 进入 Task=BCRDataTransfer[待上报数据迁移]
2017-03-31 17:31:26.202 CST com.amarsoft.are.ARE com.amarsoft.are.sql.PooledConnectionFactory.addDataSource().136 [INFO] org.apache.commons.dbcp.datasources.SharedPoolDataSource@513bd574
2017-03-31 17:31:26.203 CST com.amarsoft.are.ARE com.amarsoft.are.sql.PooledConnectionFactory.addDataSource().136 [INFO] org.apache.commons.dbcp.datasources.SharedPoolDataSource@4157aa53
2017-03-31 17:31:26.445 CST com.amarsoft.are.ARE com.amarsoft.app.datax.bcr.common.BCRTaskListener.listenerDBInit().73 [INFO] target 开始启动
2017-03-31 17:31:26.445 CST com.amarsoft.are.ARE com.amarsoft.task.TaskObject.trace().119 [INFO] BCRDataTransfer[待上报数据迁移] start! Task user: root(root)
2017-03-31 17:31:26.446 CST com.amarsoft.are.ARE com.amarsoft.task.TaskObject.trace().119 [INFO] BCRDataTransfer[基础数据迁移] start! Task user: root(root)
2017-03-31 17:31:26.446 CST com.amarsoft.are.ARE com.amarsoft.app.datax.bcr.common.BCRTaskListener.targetStart().262 [INFO] 进入 Target=BCRDataTransfer[基础数据迁移]
2017-03-31 17:31:26.446 CST com.amarsoft.are.ARE com.amarsoft.task.TaskObject.trace().119 [INFO] SetTransferFilter[设置迁移过滤器] start! Task user: root(root)
2017-03-31 17:31:26.447 CST com.amarsoft.are.ARE com.amarsoft.app.datax.bcr.common.BCRTaskListener.unitStart().288 [INFO] 进入 Unit=SetTransferFilter[设置迁移过滤器]
2017-03-31 17:31:26.514 CST com.amarsoft.are.ARE com.amarsoft.task.ExecuteUnit.run().111 [INFO] ExecuteUnit[SetTransferFilter]OK[单元名称[SetTransferFilter]单元执行状态[1]单元执行时间[0.052]秒开始时间[2017/03/31 17:31:26:461]结束时间[2017/03/31 17:31:26:513]]
2017-03-31 17:31:26.515 CST com.amarsoft.are.ARE com.amarsoft.app.datax.bcr.common.BCRTaskListener.unitExit().301 [INFO] 退出 Unit=SetTransferFilter[设置迁移过滤器]
2017-03-31 17:31:26.519 CST com.amarsoft.are.ARE com.amarsoft.app.datax.bcr.common.BCRTaskListener.runAfter().228 [INFO] isInsert:true,inputDate:2017/03/30,serialNO:15,TaskCode:BCRDataTransfer,startTime:2017/03/31 17:31:26,endTime:2017/03/31 17:31:26,unitCode:SetTransferFilter,unitDisc:设置迁移过滤器,timeDis:0:00:00
2017-03-31 17:31:26.520 CST com.amarsoft.are.ARE com.amarsoft.task.TaskObject.trace().119 [INFO] TransferGuaranteeRecord[迁移新增/变更的业务记录] start! Task user: root(root)
2017-03-31 17:31:26.521 CST com.amarsoft.are.ARE com.amarsoft.app.datax.bcr.common.BCRTaskListener.unitStart().288 [INFO] 进入 Unit=TransferGuaranteeRecord[迁移新增/变更的业务记录]
2017-03-31 17:31:26.559 CST com.amarsoft.are.ARE com.amarsoft.app.datax.bcr.session.MessageProcessSession.start().91 [INFO] 初始化报文处理过程[1111111111]......
2017-03-31 17:31:26.562 CST com.amarsoft.are.ARE com.amarsoft.app.datax.bcr.session.MessageProcessSession.start().93 [INFO] 初始化报文处理过程完成！
2017-03-31 17:31:26.562 CST com.amarsoft.are.ARE com.amarsoft.app.datax.bcr.session.MessageProcessSession.start().101 [INFO] 检查报文处理过程条件[1111111111]......
2017-03-31 17:31:26.562 CST com.amarsoft.are.ARE com.amarsoft.app.datax.bcr.session.MessageProcessSession.start().103 [INFO] 处理条件就绪！
2017-03-31 17:31:26.562 CST com.amarsoft.are.ARE com.amarsoft.app.datax.bcr.session.MessageProcessSession.start().111 [INFO] 执行处理报文处理过程[1111111111]......
2017-03-31 17:32:08.719 CST com.amarsoft.are.ARE com.amarsoft.app.datax.bcr.session.MessageProcessSession.start().113 [INFO] 执行报文处理过程完成！
2017-03-31 17:32:08.719 CST com.amarsoft.are.ARE com.amarsoft.app.datax.bcr.session.TransferSession.postProcess().38 [INFO] 共处理记录数：5830, 其中成功迁移：5789, 被过滤器拒绝：41
2017-03-31 17:32:08.720 CST com.amarsoft.are.ARE com.amarsoft.app.datax.bcr.session.MessageProcessSessionUnit.execute().49 [INFO] 运行处理过程1111111111成功！
2017-03-31 17:32:08.721 CST com.amarsoft.are.ARE com.amarsoft.task.ExecuteUnit.run().111 [INFO] ExecuteUnit[TransferGuaranteeRecord]OK[单元名称[TransferGuaranteeRecord]单元执行状态[1]单元执行时间[42.197]秒开始时间[2017/03/31 17:31:26:523]结束时间[2017/03/31 17:32:08:720]]
2017-03-31 17:32:08.721 CST com.amarsoft.are.ARE com.amarsoft.app.datax.bcr.common.BCRTaskListener.unitExit().301 [INFO] 退出 Unit=TransferGuaranteeRecord[迁移新增/变更的业务记录]
2017-03-31 17:32:08.723 CST com.amarsoft.are.ARE com.amarsoft.app.datax.bcr.common.BCRTaskListener.runAfter().228 [INFO] isInsert:true,inputDate:2017/03/30,serialNO:16,TaskCode:BCRDataTransfer,startTime:2017/03/31 17:31:26,endTime:2017/03/31 17:32:08,unitCode:TransferGuaranteeRecord,unitDisc:迁移新增/变更的业务记录,timeDis:0:00:42
2017-03-31 17:32:08.723 CST com.amarsoft.are.ARE com.amarsoft.app.datax.bcr.common.BCRTaskListener.targetExit().275 [INFO] 退出 Target=BCRDataTransfer[基础数据迁移]
2017-03-31 17:32:08.723 CST com.amarsoft.are.ARE com.amarsoft.app.datax.bcr.common.BCRTaskListener.taskExit().247 [INFO] 退出 Task=BCRDataTransfer[待上报数据迁移]
2017-03-31 17:32:08.724 CST com.amarsoft.are.ARE com.amarsoft.task.TaskRunner.runCli().135 [INFO] 任务运行完成！
2017-03-31 17:32:17.048 CST com.amarsoft.are.ARE com.amarsoft.app.datax.ecr.AmarECR.main() [INFO] 自动计算后businessOccurDate：2017/03/30
2017-03-31 17:32:17.061 CST com.amarsoft.are.ARE com.amarsoft.app.datax.bcr.common.BCRTaskListener.taskStart().233 [INFO] 进入 Task=BCRDataReport[担保业务报文生成任务]
2017-03-31 17:32:17.076 CST com.amarsoft.are.ARE com.amarsoft.are.sql.PooledConnectionFactory.addDataSource().136 [INFO] org.apache.commons.dbcp.datasources.SharedPoolDataSource@78a1d1f4
2017-03-31 17:32:17.076 CST com.amarsoft.are.ARE com.amarsoft.are.sql.PooledConnectionFactory.addDataSource().136 [INFO] org.apache.commons.dbcp.datasources.SharedPoolDataSource@bbe0f0a
2017-03-31 17:32:17.334 CST com.amarsoft.are.ARE com.amarsoft.app.datax.bcr.common.BCRTaskListener.listenerDBInit().73 [INFO] target 开始启动
2017-03-31 17:32:17.335 CST com.amarsoft.are.ARE com.amarsoft.app.datax.bcr.common.BCRTaskListener.targetStart().262 [INFO] 进入 Target=GuaranteeInfoMessage[担保业务信息正常报文]
2017-03-31 17:32:17.335 CST com.amarsoft.are.ARE com.amarsoft.app.datax.bcr.common.BCRTaskListener.unitStart().288 [INFO] 进入 Unit=NormalGuaranteeMessage[担保业务信息正常报文]
2017-03-31 17:32:17.429 CST com.amarsoft.are.ARE com.amarsoft.app.datax.bcr.session.MessageProcessSession.start().91 [INFO] 初始化报文处理过程[1703310001]......
2017-03-31 17:32:17.431 CST com.amarsoft.are.ARE com.amarsoft.app.datax.bcr.session.MessageProcessSession.start().93 [INFO] 初始化报文处理过程完成！
2017-03-31 17:32:17.432 CST com.amarsoft.are.ARE com.amarsoft.app.datax.bcr.session.MessageProcessSession.start().101 [INFO] 检查报文处理过程条件[1703310001]......
2017-03-31 17:32:26.928 CST com.amarsoft.are.ARE com.amarsoft.app.datax.bcr.session.ReportSession.ready().411 [INFO] 检查到待上报记录条数: 5789
2017-03-31 17:32:26.929 CST com.amarsoft.are.ARE com.amarsoft.app.datax.bcr.session.MessageProcessSession.start().103 [INFO] 处理条件就绪！
2017-03-31 17:32:26.930 CST com.amarsoft.are.ARE com.amarsoft.app.datax.bcr.session.MessageProcessSession.start().111 [INFO] 执行处理报文处理过程[1703310001]......
2017-03-31 17:32:50.716 CST com.amarsoft.are.ARE com.amarsoft.app.datax.bcr.session.MessageProcessSession.start().113 [INFO] 执行报文处理过程完成！
2017-03-31 17:32:50.722 CST com.amarsoft.are.ARE com.amarsoft.app.datax.bcr.session.ReportSession.postProcess().280 [INFO] 恭喜，报文文件生成完成! 
2017-03-31 17:32:51.339 CST com.amarsoft.are.ARE com.amarsoft.app.datax.bcr.session.ReportSession.postProcess().312 [INFO] 恭喜，生成加密文件成功! 
2017-03-31 17:32:51.362 CST com.amarsoft.are.ARE com.amarsoft.app.datax.bcr.session.ReportSession.postProcess().326 [INFO] 恭喜，生成压缩文件成功! 
2017-03-31 17:32:51.362 CST com.amarsoft.are.ARE com.amarsoft.app.datax.bcr.session.VillageGuaranteeReportUnit.execute().74 [INFO] 运行处理过程1703310001成功！
2017-03-31 17:32:51.363 CST com.amarsoft.are.ARE com.amarsoft.task.ExecuteUnit.run().111 [INFO] ExecuteUnit[NormalGuaranteeMessage]OK[单元名称[NormalGuaranteeMessage]单元执行状态[1]单元执行时间[34.012]秒开始时间[2017/03/31 17:32:17:350]结束时间[2017/03/31 17:32:51:362]]
2017-03-31 17:32:51.363 CST com.amarsoft.are.ARE com.amarsoft.app.datax.bcr.common.BCRTaskListener.unitExit().301 [INFO] 退出 Unit=NormalGuaranteeMessage[担保业务信息正常报文]
2017-03-31 17:32:51.365 CST com.amarsoft.are.ARE com.amarsoft.app.datax.bcr.common.BCRTaskListener.runAfter().228 [INFO] isInsert:true,inputDate:2017/03/30,serialNO:17,TaskCode:BCRDataReport,startTime:2017/03/31 17:32:17,endTime:2017/03/31 17:32:51,unitCode:NormalGuaranteeMessage,unitDisc:担保业务信息正常报文,timeDis:0:00:34
2017-03-31 17:32:51.365 CST com.amarsoft.are.ARE com.amarsoft.app.datax.bcr.common.BCRTaskListener.targetExit().275 [INFO] 退出 Target=GuaranteeInfoMessage[担保业务信息正常报文]
2017-03-31 17:32:51.365 CST com.amarsoft.are.ARE com.amarsoft.app.datax.bcr.common.BCRTaskListener.taskExit().247 [INFO] 退出 Task=BCRDataReport[担保业务报文生成任务]
2017-03-31 17:32:51.365 CST com.amarsoft.are.ARE com.amarsoft.task.TaskRunner.runCli().135 [INFO] 任务运行完成！
2017-03-31 18:53:32.556 CST com.amarsoft.are.ARE com.amarsoft.app.datax.bcr.AmarBCR.main().35 [INFO] 自动计算后businessOccurDate：2017/03/30
2017-03-31 18:53:34.131 CST com.amarsoft.are.ARE com.amarsoft.task.ui.RunTaskObjectAction.run().31 [INFO] 开始运行任务对象......
2017-03-31 18:53:34.203 CST com.amarsoft.are.ARE com.amarsoft.app.datax.bcr.common.BCRTaskListener.unitStart().288 [INFO] 进入 Unit=NormalGuaranteeMessage[担保业务信息正常报文]
2017-03-31 18:53:34.386 CST com.amarsoft.are.ARE com.amarsoft.are.sql.PooledConnectionFactory.addDataSource().136 [INFO] org.apache.commons.dbcp.datasources.SharedPoolDataSource@148a9e7e
2017-03-31 18:53:34.387 CST com.amarsoft.are.ARE com.amarsoft.are.sql.PooledConnectionFactory.addDataSource().136 [INFO] org.apache.commons.dbcp.datasources.SharedPoolDataSource@2adc675
2017-03-31 18:53:35.643 CST com.amarsoft.are.ARE com.amarsoft.app.datax.bcr.common.BCRTaskListener.listenerDBInit().73 [INFO] target 开始启动
2017-03-31 18:53:35.969 CST com.amarsoft.are.ARE com.amarsoft.app.datax.bcr.session.MessageProcessSession.start().91 [INFO] 初始化报文处理过程[1703310001]......
2017-03-31 18:53:36.033 CST com.amarsoft.are.ARE com.amarsoft.app.datax.bcr.session.MessageProcessSession.start().93 [INFO] 初始化报文处理过程完成！
2017-03-31 18:53:36.035 CST com.amarsoft.are.ARE com.amarsoft.app.datax.bcr.session.MessageProcessSession.start().101 [INFO] 检查报文处理过程条件[1703310001]......
2017-03-31 18:53:44.805 CST com.amarsoft.are.ARE com.amarsoft.app.datax.bcr.session.ReportSession.ready().411 [INFO] 检查到待上报记录条数: 5789
2017-03-31 18:53:44.806 CST com.amarsoft.are.ARE com.amarsoft.app.datax.bcr.session.MessageProcessSession.start().103 [INFO] 处理条件就绪！
2017-03-31 18:53:44.809 CST com.amarsoft.are.ARE com.amarsoft.app.datax.bcr.session.MessageProcessSession.start().111 [INFO] 执行处理报文处理过程[1703310001]......
2017-03-31 18:54:19.293 CST com.amarsoft.are.ARE com.amarsoft.app.datax.bcr.session.MessageProcessSession.start().113 [INFO] 执行报文处理过程完成！
2017-03-31 18:54:19.300 CST com.amarsoft.are.ARE com.amarsoft.app.datax.bcr.session.ReportSession.postProcess().280 [INFO] 恭喜，报文文件生成完成! 
2017-03-31 18:54:21.301 CST com.amarsoft.are.ARE com.amarsoft.app.datax.bcr.session.ReportSession.postProcess().312 [INFO] 恭喜，生成加密文件成功! 
2017-03-31 18:54:21.333 CST com.amarsoft.are.ARE com.amarsoft.app.datax.bcr.session.ReportSession.postProcess().326 [INFO] 恭喜，生成压缩文件成功! 
2017-03-31 18:54:21.334 CST com.amarsoft.are.ARE com.amarsoft.app.datax.bcr.session.VillageGuaranteeReportUnit.execute().74 [INFO] 运行处理过程1703310001成功！
2017-03-31 18:54:21.336 CST com.amarsoft.are.ARE com.amarsoft.app.datax.bcr.common.BCRTaskListener.unitExit().301 [INFO] 退出 Unit=NormalGuaranteeMessage[担保业务信息正常报文]
2017-03-31 18:54:21.340 CST com.amarsoft.are.ARE com.amarsoft.app.datax.bcr.common.BCRTaskListener.runAfter().228 [INFO] isInsert:false,inputDate:2017/03/30,serialNO:17,TaskCode:BCRDataReport,startTime:2017/03/31 18:53:35,endTime:2017/03/31 18:54:21,unitCode:NormalGuaranteeMessage,unitDisc:担保业务信息正常报文,timeDis:0:00:46
2017-03-31 18:54:21.342 CST com.amarsoft.are.ARE com.amarsoft.task.ui.RunTaskObjectAction.run().46 [INFO] 任务对象运行结束！
