2017-04-11 05:00:01.815 CST com.amarsoft.are.ARE com.amarsoft.app.datax.ecr.AmarECR.main() [INFO] 自动计算后businessOccurDate：2017/04/10
2017-04-11 05:00:01.854 CST com.amarsoft.are.ARE com.amarsoft.app.datax.bcr.common.BCRTaskListener.taskStart().233 [INFO] 进入 Task=BCRDataInit[担保业务信息抽取任务]
2017-04-11 05:00:01.869 CST com.amarsoft.are.ARE com.amarsoft.are.sql.PooledConnectionFactory.addDataSource().136 [INFO] org.apache.commons.dbcp.datasources.SharedPoolDataSource@5c73a7ab
2017-04-11 05:00:01.869 CST com.amarsoft.are.ARE com.amarsoft.are.sql.PooledConnectionFactory.addDataSource().136 [INFO] org.apache.commons.dbcp.datasources.SharedPoolDataSource@21f8c6df
2017-04-11 05:00:02.142 CST com.amarsoft.are.ARE com.amarsoft.app.datax.bcr.common.BCRTaskListener.listenerDBInit().73 [INFO] target 开始启动
2017-04-11 05:00:02.142 CST com.amarsoft.are.ARE com.amarsoft.task.TaskObject.trace().119 [INFO] BCRDataInit[担保业务信息抽取任务] start! Task user: root(root)
2017-04-11 05:00:02.143 CST com.amarsoft.are.ARE com.amarsoft.task.TaskObject.trace().119 [INFO] GCI[BCR标准批量任务处理] start! Task user: root(root)
2017-04-11 05:00:02.143 CST com.amarsoft.are.ARE com.amarsoft.app.datax.bcr.common.BCRTaskListener.targetStart().262 [INFO] 进入 Target=GCI[BCR标准批量任务处理]
2017-04-11 05:00:02.143 CST com.amarsoft.are.ARE com.amarsoft.task.TaskObject.trace().119 [INFO] ImpGuaranteeInfo[导入担保基础信息临时表] start! Task user: root(root)
2017-04-11 05:00:02.143 CST com.amarsoft.are.ARE com.amarsoft.app.datax.bcr.common.BCRTaskListener.unitStart().288 [INFO] 进入 Unit=ImpGuaranteeInfo[导入担保基础信息临时表]
2017-04-11 05:00:02.159 CST com.amarsoft.are.ARE com.amarsoft.task.units.dpx.PRHUnit.execute().254 [INFO] 导入担保基础信息临时表开始...
2017-04-11 05:00:06.583 CST com.amarsoft.are.ARE com.amarsoft.task.units.dpx.PRHUnit.execute().364 [INFO] 导入担保基础信息临时表完成!
2017-04-11 05:00:06.584 CST com.amarsoft.are.ARE com.amarsoft.task.ExecuteUnit.run().111 [INFO] ExecuteUnit[ImpGuaranteeInfo]OK[单元名称[ImpGuaranteeInfo]单元执行状态[1]单元执行时间[4.425]秒开始时间[2017/04/11 05:00:02:158]结束时间[2017/04/11 05:00:06:583]]
2017-04-11 05:00:06.602 CST com.amarsoft.are.ARE com.amarsoft.app.datax.bcr.common.BCRTaskListener.unitExit().301 [INFO] 退出 Unit=ImpGuaranteeInfo[导入担保基础信息临时表]
2017-04-11 05:00:06.666 CST com.amarsoft.are.ARE com.amarsoft.app.datax.bcr.common.BCRTaskListener.runAfter().228 [INFO] isInsert:true,inputDate:2017/04/10,serialNO:1,TaskCode:BCRDataInit,startTime:2017/04/11 05:00:02,endTime:2017/04/11 05:00:06,unitCode:ImpGuaranteeInfo,unitDisc:导入担保基础信息临时表,timeDis:0:00:04
2017-04-11 05:00:06.667 CST com.amarsoft.are.ARE com.amarsoft.task.TaskObject.trace().119 [INFO] ImpGuaranteeCont[导入担保合同信息信息临时表] start! Task user: root(root)
2017-04-11 05:00:06.668 CST com.amarsoft.are.ARE com.amarsoft.app.datax.bcr.common.BCRTaskListener.unitStart().288 [INFO] 进入 Unit=ImpGuaranteeCont[导入担保合同信息信息临时表]
2017-04-11 05:00:06.670 CST com.amarsoft.are.ARE com.amarsoft.task.units.dpx.PRHUnit.execute().254 [INFO] 导入担保合同信息信息临时表开始...
2017-04-11 05:03:41.099 CST com.amarsoft.are.ARE com.amarsoft.task.units.dpx.PRHUnit.execute().364 [INFO] 导入担保合同信息信息临时表完成!
2017-04-11 05:03:41.099 CST com.amarsoft.are.ARE com.amarsoft.task.ExecuteUnit.run().111 [INFO] ExecuteUnit[ImpGuaranteeCont]OK[单元名称[ImpGuaranteeCont]单元执行状态[1]单元执行时间[214.429]秒开始时间[2017/04/11 05:00:06:670]结束时间[2017/04/11 05:03:41:099]]
2017-04-11 05:03:41.100 CST com.amarsoft.are.ARE com.amarsoft.app.datax.bcr.common.BCRTaskListener.unitExit().301 [INFO] 退出 Unit=ImpGuaranteeCont[导入担保合同信息信息临时表]
2017-04-11 05:03:41.104 CST com.amarsoft.are.ARE com.amarsoft.app.datax.bcr.common.BCRTaskListener.runAfter().228 [INFO] isInsert:true,inputDate:2017/04/10,serialNO:2,TaskCode:BCRDataInit,startTime:2017/04/11 05:00:06,endTime:2017/04/11 05:03:41,unitCode:ImpGuaranteeCont,unitDisc:导入担保合同信息信息临时表,timeDis:0:03:35
2017-04-11 05:03:41.104 CST com.amarsoft.are.ARE com.amarsoft.task.TaskObject.trace().119 [INFO] ImpInsureds[导入被担保人信息临时表] start! Task user: root(root)
2017-04-11 05:03:41.105 CST com.amarsoft.are.ARE com.amarsoft.app.datax.bcr.common.BCRTaskListener.unitStart().288 [INFO] 进入 Unit=ImpInsureds[导入被担保人信息临时表]
2017-04-11 05:03:41.107 CST com.amarsoft.are.ARE com.amarsoft.task.units.dpx.PRHUnit.execute().254 [INFO] 导入被担保人信息临时表开始...
2017-04-11 05:03:44.673 CST com.amarsoft.are.ARE com.amarsoft.task.units.dpx.PRHUnit.execute().364 [INFO] 导入被担保人信息临时表完成!
2017-04-11 05:03:44.674 CST com.amarsoft.are.ARE com.amarsoft.task.ExecuteUnit.run().111 [INFO] ExecuteUnit[ImpInsureds]OK[单元名称[ImpInsureds]单元执行状态[1]单元执行时间[3.567]秒开始时间[2017/04/11 05:03:41:106]结束时间[2017/04/11 05:03:44:673]]
2017-04-11 05:03:44.675 CST com.amarsoft.are.ARE com.amarsoft.app.datax.bcr.common.BCRTaskListener.unitExit().301 [INFO] 退出 Unit=ImpInsureds[导入被担保人信息临时表]
2017-04-11 05:03:44.680 CST com.amarsoft.are.ARE com.amarsoft.app.datax.bcr.common.BCRTaskListener.runAfter().228 [INFO] isInsert:true,inputDate:2017/04/10,serialNO:3,TaskCode:BCRDataInit,startTime:2017/04/11 05:03:41,endTime:2017/04/11 05:03:44,unitCode:ImpInsureds,unitDisc:导入被担保人信息临时表,timeDis:0:00:03
2017-04-11 05:03:44.681 CST com.amarsoft.are.ARE com.amarsoft.task.TaskObject.trace().119 [INFO] ImpCreditorInfo[导入债权人及主合同信息临时表] start! Task user: root(root)
2017-04-11 05:03:44.681 CST com.amarsoft.are.ARE com.amarsoft.app.datax.bcr.common.BCRTaskListener.unitStart().288 [INFO] 进入 Unit=ImpCreditorInfo[导入债权人及主合同信息临时表]
2017-04-11 05:03:44.683 CST com.amarsoft.are.ARE com.amarsoft.task.units.dpx.PRHUnit.execute().254 [INFO] 导入债权人及主合同信息临时表开始...
2017-04-11 05:05:37.358 CST com.amarsoft.are.ARE com.amarsoft.task.units.dpx.PRHUnit.execute().364 [INFO] 导入债权人及主合同信息临时表完成!
2017-04-11 05:05:37.359 CST com.amarsoft.are.ARE com.amarsoft.task.ExecuteUnit.run().111 [INFO] ExecuteUnit[ImpCreditorInfo]OK[单元名称[ImpCreditorInfo]单元执行状态[1]单元执行时间[112.675]秒开始时间[2017/04/11 05:03:44:683]结束时间[2017/04/11 05:05:37:358]]
2017-04-11 05:05:37.360 CST com.amarsoft.are.ARE com.amarsoft.app.datax.bcr.common.BCRTaskListener.unitExit().301 [INFO] 退出 Unit=ImpCreditorInfo[导入债权人及主合同信息临时表]
2017-04-11 05:05:37.362 CST com.amarsoft.are.ARE com.amarsoft.app.datax.bcr.common.BCRTaskListener.runAfter().228 [INFO] isInsert:true,inputDate:2017/04/10,serialNO:4,TaskCode:BCRDataInit,startTime:2017/04/11 05:03:44,endTime:2017/04/11 05:05:37,unitCode:ImpCreditorInfo,unitDisc:导入债权人及主合同信息临时表,timeDis:0:01:53
2017-04-11 05:05:37.363 CST com.amarsoft.are.ARE com.amarsoft.task.TaskObject.trace().119 [INFO] ImpCounterGuarantor[导入反担保人信息临时表] start! Task user: root(root)
2017-04-11 05:05:37.363 CST com.amarsoft.are.ARE com.amarsoft.app.datax.bcr.common.BCRTaskListener.unitStart().288 [INFO] 进入 Unit=ImpCounterGuarantor[导入反担保人信息临时表]
2017-04-11 05:05:37.365 CST com.amarsoft.are.ARE com.amarsoft.task.units.dpx.PRHUnit.execute().254 [INFO] 导入反担保人信息临时表开始...
2017-04-11 05:06:47.723 CST com.amarsoft.are.ARE com.amarsoft.task.units.dpx.PRHUnit.execute().364 [INFO] 导入反担保人信息临时表完成!
2017-04-11 05:06:47.724 CST com.amarsoft.are.ARE com.amarsoft.task.ExecuteUnit.run().111 [INFO] ExecuteUnit[ImpCounterGuarantor]OK[单元名称[ImpCounterGuarantor]单元执行状态[1]单元执行时间[70.358]秒开始时间[2017/04/11 05:05:37:365]结束时间[2017/04/11 05:06:47:723]]
2017-04-11 05:06:47.724 CST com.amarsoft.are.ARE com.amarsoft.app.datax.bcr.common.BCRTaskListener.unitExit().301 [INFO] 退出 Unit=ImpCounterGuarantor[导入反担保人信息临时表]
2017-04-11 05:06:47.728 CST com.amarsoft.are.ARE com.amarsoft.app.datax.bcr.common.BCRTaskListener.runAfter().228 [INFO] isInsert:true,inputDate:2017/04/10,serialNO:5,TaskCode:BCRDataInit,startTime:2017/04/11 05:05:37,endTime:2017/04/11 05:06:47,unitCode:ImpCounterGuarantor,unitDisc:导入反担保人信息临时表,timeDis:0:01:10
2017-04-11 05:06:47.729 CST com.amarsoft.are.ARE com.amarsoft.task.TaskObject.trace().119 [INFO] ImpGuaranteeDuty[导入实际在保（代偿）责任信息临时表] start! Task user: root(root)
2017-04-11 05:06:47.729 CST com.amarsoft.are.ARE com.amarsoft.app.datax.bcr.common.BCRTaskListener.unitStart().288 [INFO] 进入 Unit=ImpGuaranteeDuty[导入实际在保（代偿）责任信息临时表]
2017-04-11 05:06:47.731 CST com.amarsoft.are.ARE com.amarsoft.task.units.dpx.PRHUnit.execute().254 [INFO] 导入实际在保（代偿）责任信息临时表开始...
2017-04-11 05:08:38.916 CST com.amarsoft.are.ARE com.amarsoft.task.units.dpx.PRHUnit.execute().364 [INFO] 导入实际在保（代偿）责任信息临时表完成!
2017-04-11 05:08:38.916 CST com.amarsoft.are.ARE com.amarsoft.task.ExecuteUnit.run().111 [INFO] ExecuteUnit[ImpGuaranteeDuty]OK[单元名称[ImpGuaranteeDuty]单元执行状态[1]单元执行时间[111.185]秒开始时间[2017/04/11 05:06:47:731]结束时间[2017/04/11 05:08:38:916]]
2017-04-11 05:08:38.917 CST com.amarsoft.are.ARE com.amarsoft.app.datax.bcr.common.BCRTaskListener.unitExit().301 [INFO] 退出 Unit=ImpGuaranteeDuty[导入实际在保（代偿）责任信息临时表]
2017-04-11 05:08:38.919 CST com.amarsoft.are.ARE com.amarsoft.app.datax.bcr.common.BCRTaskListener.runAfter().228 [INFO] isInsert:true,inputDate:2017/04/10,serialNO:6,TaskCode:BCRDataInit,startTime:2017/04/11 05:06:47,endTime:2017/04/11 05:08:38,unitCode:ImpGuaranteeDuty,unitDisc:导入实际在保（代偿）责任信息临时表,timeDis:0:01:51
2017-04-11 05:08:38.919 CST com.amarsoft.are.ARE com.amarsoft.task.TaskObject.trace().119 [INFO] ImpCompensatoryInfo[导入代偿概况信息临时表] start! Task user: root(root)
2017-04-11 05:08:38.919 CST com.amarsoft.are.ARE com.amarsoft.app.datax.bcr.common.BCRTaskListener.unitStart().288 [INFO] 进入 Unit=ImpCompensatoryInfo[导入代偿概况信息临时表]
2017-04-11 05:08:38.921 CST com.amarsoft.are.ARE com.amarsoft.task.units.dpx.PRHUnit.execute().254 [INFO] 导入代偿概况信息临时表开始...
2017-04-11 05:09:08.666 CST com.amarsoft.are.ARE com.amarsoft.task.units.dpx.PRHUnit.execute().364 [INFO] 导入代偿概况信息临时表完成!
2017-04-11 05:09:08.667 CST com.amarsoft.are.ARE com.amarsoft.task.ExecuteUnit.run().111 [INFO] ExecuteUnit[ImpCompensatoryInfo]OK[单元名称[ImpCompensatoryInfo]单元执行状态[1]单元执行时间[29.745]秒开始时间[2017/04/11 05:08:38:921]结束时间[2017/04/11 05:09:08:666]]
2017-04-11 05:09:08.667 CST com.amarsoft.are.ARE com.amarsoft.app.datax.bcr.common.BCRTaskListener.unitExit().301 [INFO] 退出 Unit=ImpCompensatoryInfo[导入代偿概况信息临时表]
2017-04-11 05:09:08.669 CST com.amarsoft.are.ARE com.amarsoft.app.datax.bcr.common.BCRTaskListener.runAfter().228 [INFO] isInsert:true,inputDate:2017/04/10,serialNO:7,TaskCode:BCRDataInit,startTime:2017/04/11 05:08:38,endTime:2017/04/11 05:09:08,unitCode:ImpCompensatoryInfo,unitDisc:导入代偿概况信息临时表,timeDis:0:00:30
2017-04-11 05:09:08.669 CST com.amarsoft.are.ARE com.amarsoft.task.TaskObject.trace().119 [INFO] ImpCompensatoryDetail[导入代偿明细信息临时表] start! Task user: root(root)
2017-04-11 05:09:08.669 CST com.amarsoft.are.ARE com.amarsoft.app.datax.bcr.common.BCRTaskListener.unitStart().288 [INFO] 进入 Unit=ImpCompensatoryDetail[导入代偿明细信息临时表]
2017-04-11 05:09:08.671 CST com.amarsoft.are.ARE com.amarsoft.task.units.dpx.PRHUnit.execute().254 [INFO] 导入代偿明细信息临时表开始...
2017-04-11 05:09:35.169 CST com.amarsoft.are.ARE com.amarsoft.task.units.dpx.PRHUnit.execute().364 [INFO] 导入代偿明细信息临时表完成!
2017-04-11 05:09:35.169 CST com.amarsoft.are.ARE com.amarsoft.task.ExecuteUnit.run().111 [INFO] ExecuteUnit[ImpCompensatoryDetail]OK[单元名称[ImpCompensatoryDetail]单元执行状态[1]单元执行时间[26.498]秒开始时间[2017/04/11 05:09:08:671]结束时间[2017/04/11 05:09:35:169]]
2017-04-11 05:09:35.169 CST com.amarsoft.are.ARE com.amarsoft.app.datax.bcr.common.BCRTaskListener.unitExit().301 [INFO] 退出 Unit=ImpCompensatoryDetail[导入代偿明细信息临时表]
2017-04-11 05:09:35.173 CST com.amarsoft.are.ARE com.amarsoft.app.datax.bcr.common.BCRTaskListener.runAfter().228 [INFO] isInsert:true,inputDate:2017/04/10,serialNO:8,TaskCode:BCRDataInit,startTime:2017/04/11 05:09:08,endTime:2017/04/11 05:09:35,unitCode:ImpCompensatoryDetail,unitDisc:导入代偿明细信息临时表,timeDis:0:00:27
2017-04-11 05:09:35.174 CST com.amarsoft.are.ARE com.amarsoft.app.datax.bcr.common.BCRTaskListener.targetExit().275 [INFO] 退出 Target=GCI[BCR标准批量任务处理]
2017-04-11 05:09:35.174 CST com.amarsoft.are.ARE com.amarsoft.app.datax.bcr.common.BCRTaskListener.taskExit().247 [INFO] 退出 Task=BCRDataInit[担保业务信息抽取任务]
2017-04-11 05:09:35.174 CST com.amarsoft.are.ARE com.amarsoft.task.TaskRunner.runCli().135 [INFO] 任务运行完成！
2017-04-11 05:09:35.521 CST com.amarsoft.are.ARE com.amarsoft.app.datax.ecr.AmarECR.main() [INFO] 自动计算后businessOccurDate：2017/04/10
2017-04-11 05:09:35.553 CST com.amarsoft.are.ARE com.amarsoft.app.datax.bcr.common.BCRTaskListener.taskStart().233 [INFO] 进入 Task=BCRDataPrepare[原始数据抽取]
2017-04-11 05:09:35.568 CST com.amarsoft.are.ARE com.amarsoft.are.sql.PooledConnectionFactory.addDataSource().136 [INFO] org.apache.commons.dbcp.datasources.SharedPoolDataSource@5c73a7ab
2017-04-11 05:09:35.569 CST com.amarsoft.are.ARE com.amarsoft.are.sql.PooledConnectionFactory.addDataSource().136 [INFO] org.apache.commons.dbcp.datasources.SharedPoolDataSource@21f8c6df
2017-04-11 05:09:35.861 CST com.amarsoft.are.ARE com.amarsoft.app.datax.bcr.common.BCRTaskListener.listenerDBInit().73 [INFO] target 开始启动
2017-04-11 05:09:35.861 CST com.amarsoft.are.ARE com.amarsoft.task.TaskObject.trace().119 [INFO] BCRDataPrepare[原始数据抽取] start! Task user: root(root)
2017-04-11 05:09:35.862 CST com.amarsoft.are.ARE com.amarsoft.task.TaskObject.trace().119 [INFO] GuaranteeBusinessImport[融资性担保业务抽取] start! Task user: root(root)
2017-04-11 05:09:35.862 CST com.amarsoft.are.ARE com.amarsoft.app.datax.bcr.common.BCRTaskListener.targetStart().262 [INFO] 进入 Target=GuaranteeBusinessImport[融资性担保业务抽取]
2017-04-11 05:09:35.862 CST com.amarsoft.are.ARE com.amarsoft.task.TaskObject.trace().119 [INFO] GuaranteeInfo[导入担保基础信息表] start! Task user: root(root)
2017-04-11 05:09:35.863 CST com.amarsoft.are.ARE com.amarsoft.app.datax.bcr.common.BCRTaskListener.unitStart().288 [INFO] 进入 Unit=GuaranteeInfo[导入担保基础信息表]
2017-04-11 05:09:35.878 CST com.amarsoft.are.ARE com.amarsoft.task.units.dpx.PRHUnit.execute().254 [INFO] 导入担保基础信息表开始...
2017-04-11 05:09:40.130 CST com.amarsoft.are.ARE com.amarsoft.task.units.dpx.PRHUnit.execute().364 [INFO] 导入担保基础信息表完成!
2017-04-11 05:09:40.132 CST com.amarsoft.are.ARE com.amarsoft.task.ExecuteUnit.run().111 [INFO] ExecuteUnit[GuaranteeInfo]OK[单元名称[GuaranteeInfo]单元执行状态[1]单元执行时间[4.252]秒开始时间[2017/04/11 05:09:35:878]结束时间[2017/04/11 05:09:40:130]]
2017-04-11 05:09:40.132 CST com.amarsoft.are.ARE com.amarsoft.app.datax.bcr.common.BCRTaskListener.unitExit().301 [INFO] 退出 Unit=GuaranteeInfo[导入担保基础信息表]
2017-04-11 05:09:40.136 CST com.amarsoft.are.ARE com.amarsoft.app.datax.bcr.common.BCRTaskListener.runAfter().228 [INFO] isInsert:true,inputDate:2017/04/10,serialNO:9,TaskCode:BCRDataPrepare,startTime:2017/04/11 05:09:35,endTime:2017/04/11 05:09:40,unitCode:GuaranteeInfo,unitDisc:导入担保基础信息表,timeDis:0:00:05
2017-04-11 05:09:40.136 CST com.amarsoft.are.ARE com.amarsoft.task.TaskObject.trace().119 [INFO] GuaranteeCont[导入担保合同信息表] start! Task user: root(root)
2017-04-11 05:09:40.136 CST com.amarsoft.are.ARE com.amarsoft.app.datax.bcr.common.BCRTaskListener.unitStart().288 [INFO] 进入 Unit=GuaranteeCont[导入担保合同信息表]
2017-04-11 05:09:40.137 CST com.amarsoft.are.ARE com.amarsoft.task.units.dpx.PRHUnit.execute().254 [INFO] 导入担保合同信息表开始...
2017-04-11 05:09:43.558 CST com.amarsoft.are.ARE com.amarsoft.task.units.dpx.PRHUnit.execute().364 [INFO] 导入担保合同信息表完成!
2017-04-11 05:09:43.559 CST com.amarsoft.are.ARE com.amarsoft.task.ExecuteUnit.run().111 [INFO] ExecuteUnit[GuaranteeCont]OK[单元名称[GuaranteeCont]单元执行状态[1]单元执行时间[3.421]秒开始时间[2017/04/11 05:09:40:137]结束时间[2017/04/11 05:09:43:558]]
2017-04-11 05:09:43.559 CST com.amarsoft.are.ARE com.amarsoft.app.datax.bcr.common.BCRTaskListener.unitExit().301 [INFO] 退出 Unit=GuaranteeCont[导入担保合同信息表]
2017-04-11 05:09:43.564 CST com.amarsoft.are.ARE com.amarsoft.app.datax.bcr.common.BCRTaskListener.runAfter().228 [INFO] isInsert:true,inputDate:2017/04/10,serialNO:10,TaskCode:BCRDataPrepare,startTime:2017/04/11 05:09:40,endTime:2017/04/11 05:09:43,unitCode:GuaranteeCont,unitDisc:导入担保合同信息表,timeDis:0:00:03
2017-04-11 05:09:43.564 CST com.amarsoft.are.ARE com.amarsoft.task.TaskObject.trace().119 [INFO] Insureds[导入被担保人信息表] start! Task user: root(root)
2017-04-11 05:09:43.564 CST com.amarsoft.are.ARE com.amarsoft.app.datax.bcr.common.BCRTaskListener.unitStart().288 [INFO] 进入 Unit=Insureds[导入被担保人信息表]
2017-04-11 05:09:43.566 CST com.amarsoft.are.ARE com.amarsoft.task.units.dpx.PRHUnit.execute().254 [INFO] 导入被担保人信息表开始...
2017-04-11 05:09:47.014 CST com.amarsoft.are.ARE com.amarsoft.task.units.dpx.PRHUnit.execute().364 [INFO] 导入被担保人信息表完成!
2017-04-11 05:09:47.015 CST com.amarsoft.are.ARE com.amarsoft.task.ExecuteUnit.run().111 [INFO] ExecuteUnit[Insureds]OK[单元名称[Insureds]单元执行状态[1]单元执行时间[3.448]秒开始时间[2017/04/11 05:09:43:566]结束时间[2017/04/11 05:09:47:014]]
2017-04-11 05:09:47.015 CST com.amarsoft.are.ARE com.amarsoft.app.datax.bcr.common.BCRTaskListener.unitExit().301 [INFO] 退出 Unit=Insureds[导入被担保人信息表]
2017-04-11 05:09:47.024 CST com.amarsoft.are.ARE com.amarsoft.app.datax.bcr.common.BCRTaskListener.runAfter().228 [INFO] isInsert:true,inputDate:2017/04/10,serialNO:11,TaskCode:BCRDataPrepare,startTime:2017/04/11 05:09:43,endTime:2017/04/11 05:09:47,unitCode:Insureds,unitDisc:导入被担保人信息表,timeDis:0:00:04
2017-04-11 05:09:47.024 CST com.amarsoft.are.ARE com.amarsoft.task.TaskObject.trace().119 [INFO] CreditorInfo[导入债权人及主合同信息表] start! Task user: root(root)
2017-04-11 05:09:47.025 CST com.amarsoft.are.ARE com.amarsoft.app.datax.bcr.common.BCRTaskListener.unitStart().288 [INFO] 进入 Unit=CreditorInfo[导入债权人及主合同信息表]
2017-04-11 05:09:47.026 CST com.amarsoft.are.ARE com.amarsoft.task.units.dpx.PRHUnit.execute().254 [INFO] 导入债权人及主合同信息表开始...
2017-04-11 05:09:50.716 CST com.amarsoft.are.ARE com.amarsoft.task.units.dpx.PRHUnit.execute().364 [INFO] 导入债权人及主合同信息表完成!
2017-04-11 05:09:50.717 CST com.amarsoft.are.ARE com.amarsoft.task.ExecuteUnit.run().111 [INFO] ExecuteUnit[CreditorInfo]OK[单元名称[CreditorInfo]单元执行状态[1]单元执行时间[3.69]秒开始时间[2017/04/11 05:09:47:026]结束时间[2017/04/11 05:09:50:716]]
2017-04-11 05:09:50.717 CST com.amarsoft.are.ARE com.amarsoft.app.datax.bcr.common.BCRTaskListener.unitExit().301 [INFO] 退出 Unit=CreditorInfo[导入债权人及主合同信息表]
2017-04-11 05:09:50.727 CST com.amarsoft.are.ARE com.amarsoft.app.datax.bcr.common.BCRTaskListener.runAfter().228 [INFO] isInsert:true,inputDate:2017/04/10,serialNO:12,TaskCode:BCRDataPrepare,startTime:2017/04/11 05:09:47,endTime:2017/04/11 05:09:50,unitCode:CreditorInfo,unitDisc:导入债权人及主合同信息表,timeDis:0:00:03
2017-04-11 05:09:50.727 CST com.amarsoft.are.ARE com.amarsoft.task.TaskObject.trace().119 [INFO] CounterGuarantor[导入反担保人信息表] start! Task user: root(root)
2017-04-11 05:09:50.728 CST com.amarsoft.are.ARE com.amarsoft.app.datax.bcr.common.BCRTaskListener.unitStart().288 [INFO] 进入 Unit=CounterGuarantor[导入反担保人信息表]
2017-04-11 05:09:50.729 CST com.amarsoft.are.ARE com.amarsoft.task.units.dpx.PRHUnit.execute().254 [INFO] 导入反担保人信息表开始...
2017-04-11 05:09:52.501 CST com.amarsoft.are.ARE com.amarsoft.task.units.dpx.PRHUnit.execute().364 [INFO] 导入反担保人信息表完成!
2017-04-11 05:09:52.502 CST com.amarsoft.are.ARE com.amarsoft.task.ExecuteUnit.run().111 [INFO] ExecuteUnit[CounterGuarantor]OK[单元名称[CounterGuarantor]单元执行状态[1]单元执行时间[1.772]秒开始时间[2017/04/11 05:09:50:729]结束时间[2017/04/11 05:09:52:501]]
2017-04-11 05:09:52.513 CST com.amarsoft.are.ARE com.amarsoft.app.datax.bcr.common.BCRTaskListener.unitExit().301 [INFO] 退出 Unit=CounterGuarantor[导入反担保人信息表]
2017-04-11 05:09:52.519 CST com.amarsoft.are.ARE com.amarsoft.app.datax.bcr.common.BCRTaskListener.runAfter().228 [INFO] isInsert:true,inputDate:2017/04/10,serialNO:13,TaskCode:BCRDataPrepare,startTime:2017/04/11 05:09:50,endTime:2017/04/11 05:09:52,unitCode:CounterGuarantor,unitDisc:导入反担保人信息表,timeDis:0:00:02
2017-04-11 05:09:52.519 CST com.amarsoft.are.ARE com.amarsoft.task.TaskObject.trace().119 [INFO] GuaranteeDuty[导入实际在保（代偿）责任信息表] start! Task user: root(root)
2017-04-11 05:09:52.520 CST com.amarsoft.are.ARE com.amarsoft.app.datax.bcr.common.BCRTaskListener.unitStart().288 [INFO] 进入 Unit=GuaranteeDuty[导入实际在保（代偿）责任信息表]
2017-04-11 05:09:52.521 CST com.amarsoft.are.ARE com.amarsoft.task.units.dpx.PRHUnit.execute().254 [INFO] 导入实际在保（代偿）责任信息表开始...
2017-04-11 05:09:56.043 CST com.amarsoft.are.ARE com.amarsoft.task.units.dpx.PRHUnit.execute().364 [INFO] 导入实际在保（代偿）责任信息表完成!
2017-04-11 05:09:56.044 CST com.amarsoft.are.ARE com.amarsoft.task.ExecuteUnit.run().111 [INFO] ExecuteUnit[GuaranteeDuty]OK[单元名称[GuaranteeDuty]单元执行状态[1]单元执行时间[3.522]秒开始时间[2017/04/11 05:09:52:521]结束时间[2017/04/11 05:09:56:043]]
2017-04-11 05:09:56.044 CST com.amarsoft.are.ARE com.amarsoft.app.datax.bcr.common.BCRTaskListener.unitExit().301 [INFO] 退出 Unit=GuaranteeDuty[导入实际在保（代偿）责任信息表]
2017-04-11 05:09:56.053 CST com.amarsoft.are.ARE com.amarsoft.app.datax.bcr.common.BCRTaskListener.runAfter().228 [INFO] isInsert:true,inputDate:2017/04/10,serialNO:14,TaskCode:BCRDataPrepare,startTime:2017/04/11 05:09:52,endTime:2017/04/11 05:09:56,unitCode:GuaranteeDuty,unitDisc:导入实际在保（代偿）责任信息表,timeDis:0:00:04
2017-04-11 05:09:56.053 CST com.amarsoft.are.ARE com.amarsoft.task.TaskObject.trace().119 [INFO] CompensatoryInfo[导入代偿概况信息信息表] start! Task user: root(root)
2017-04-11 05:09:56.054 CST com.amarsoft.are.ARE com.amarsoft.app.datax.bcr.common.BCRTaskListener.unitStart().288 [INFO] 进入 Unit=CompensatoryInfo[导入代偿概况信息信息表]
2017-04-11 05:09:56.055 CST com.amarsoft.are.ARE com.amarsoft.task.units.dpx.PRHUnit.execute().254 [INFO] 导入代偿概况信息信息表开始...
2017-04-11 05:09:56.710 CST com.amarsoft.are.ARE com.amarsoft.task.units.dpx.PRHUnit.execute().364 [INFO] 导入代偿概况信息信息表完成!
2017-04-11 05:09:56.711 CST com.amarsoft.are.ARE com.amarsoft.task.ExecuteUnit.run().111 [INFO] ExecuteUnit[CompensatoryInfo]OK[单元名称[CompensatoryInfo]单元执行状态[1]单元执行时间[0.655]秒开始时间[2017/04/11 05:09:56:055]结束时间[2017/04/11 05:09:56:710]]
2017-04-11 05:09:56.711 CST com.amarsoft.are.ARE com.amarsoft.app.datax.bcr.common.BCRTaskListener.unitExit().301 [INFO] 退出 Unit=CompensatoryInfo[导入代偿概况信息信息表]
2017-04-11 05:09:56.716 CST com.amarsoft.are.ARE com.amarsoft.app.datax.bcr.common.BCRTaskListener.runAfter().228 [INFO] isInsert:true,inputDate:2017/04/10,serialNO:15,TaskCode:BCRDataPrepare,startTime:2017/04/11 05:09:56,endTime:2017/04/11 05:09:56,unitCode:CompensatoryInfo,unitDisc:导入代偿概况信息信息表,timeDis:0:00:00
2017-04-11 05:09:56.716 CST com.amarsoft.are.ARE com.amarsoft.task.TaskObject.trace().119 [INFO] CompensatoryDetail[导入代偿明细信息表] start! Task user: root(root)
2017-04-11 05:09:56.717 CST com.amarsoft.are.ARE com.amarsoft.app.datax.bcr.common.BCRTaskListener.unitStart().288 [INFO] 进入 Unit=CompensatoryDetail[导入代偿明细信息表]
2017-04-11 05:09:56.718 CST com.amarsoft.are.ARE com.amarsoft.task.units.dpx.PRHUnit.execute().254 [INFO] 导入代偿明细信息表开始...
2017-04-11 05:09:57.343 CST com.amarsoft.are.ARE com.amarsoft.task.units.dpx.PRHUnit.execute().364 [INFO] 导入代偿明细信息表完成!
2017-04-11 05:09:57.344 CST com.amarsoft.are.ARE com.amarsoft.task.ExecuteUnit.run().111 [INFO] ExecuteUnit[CompensatoryDetail]OK[单元名称[CompensatoryDetail]单元执行状态[1]单元执行时间[0.625]秒开始时间[2017/04/11 05:09:56:718]结束时间[2017/04/11 05:09:57:343]]
2017-04-11 05:09:57.344 CST com.amarsoft.are.ARE com.amarsoft.app.datax.bcr.common.BCRTaskListener.unitExit().301 [INFO] 退出 Unit=CompensatoryDetail[导入代偿明细信息表]
2017-04-11 05:09:57.349 CST com.amarsoft.are.ARE com.amarsoft.app.datax.bcr.common.BCRTaskListener.runAfter().228 [INFO] isInsert:true,inputDate:2017/04/10,serialNO:16,TaskCode:BCRDataPrepare,startTime:2017/04/11 05:09:56,endTime:2017/04/11 05:09:57,unitCode:CompensatoryDetail,unitDisc:导入代偿明细信息表,timeDis:0:00:01
2017-04-11 05:09:57.349 CST com.amarsoft.are.ARE com.amarsoft.task.TaskObject.trace().119 [INFO] RecoveryDetail[导入追偿明细信息表] start! Task user: root(root)
2017-04-11 05:09:57.350 CST com.amarsoft.are.ARE com.amarsoft.app.datax.bcr.common.BCRTaskListener.unitStart().288 [INFO] 进入 Unit=RecoveryDetail[导入追偿明细信息表]
2017-04-11 05:09:57.351 CST com.amarsoft.are.ARE com.amarsoft.task.units.dpx.PRHUnit.execute().254 [INFO] 导入追偿明细信息表开始...
2017-04-11 05:09:57.354 CST com.amarsoft.are.ARE com.amarsoft.task.units.dpx.PRHUnit.execute().364 [INFO] 导入追偿明细信息表完成!
2017-04-11 05:09:57.355 CST com.amarsoft.are.ARE com.amarsoft.task.ExecuteUnit.run().111 [INFO] ExecuteUnit[RecoveryDetail]OK[单元名称[RecoveryDetail]单元执行状态[1]单元执行时间[0.0040]秒开始时间[2017/04/11 05:09:57:351]结束时间[2017/04/11 05:09:57:355]]
2017-04-11 05:09:57.355 CST com.amarsoft.are.ARE com.amarsoft.app.datax.bcr.common.BCRTaskListener.unitExit().301 [INFO] 退出 Unit=RecoveryDetail[导入追偿明细信息表]
2017-04-11 05:09:57.360 CST com.amarsoft.are.ARE com.amarsoft.app.datax.bcr.common.BCRTaskListener.runAfter().228 [INFO] isInsert:true,inputDate:2017/04/10,serialNO:17,TaskCode:BCRDataPrepare,startTime:2017/04/11 05:09:57,endTime:2017/04/11 05:09:57,unitCode:RecoveryDetail,unitDisc:导入追偿明细信息表,timeDis:0:00:00
2017-04-11 05:09:57.361 CST com.amarsoft.are.ARE com.amarsoft.task.TaskObject.trace().119 [INFO] PremiumInfo[导入保费缴纳概况信息表] start! Task user: root(root)
2017-04-11 05:09:57.361 CST com.amarsoft.are.ARE com.amarsoft.app.datax.bcr.common.BCRTaskListener.unitStart().288 [INFO] 进入 Unit=PremiumInfo[导入保费缴纳概况信息表]
2017-04-11 05:09:57.363 CST com.amarsoft.are.ARE com.amarsoft.task.units.dpx.PRHUnit.execute().254 [INFO] 导入保费缴纳概况信息表开始...
2017-04-11 05:09:57.370 CST com.amarsoft.are.ARE com.amarsoft.task.units.dpx.PRHUnit.execute().364 [INFO] 导入保费缴纳概况信息表完成!
2017-04-11 05:09:57.371 CST com.amarsoft.are.ARE com.amarsoft.task.ExecuteUnit.run().111 [INFO] ExecuteUnit[PremiumInfo]OK[单元名称[PremiumInfo]单元执行状态[1]单元执行时间[0.0080]秒开始时间[2017/04/11 05:09:57:362]结束时间[2017/04/11 05:09:57:370]]
2017-04-11 05:09:57.371 CST com.amarsoft.are.ARE com.amarsoft.app.datax.bcr.common.BCRTaskListener.unitExit().301 [INFO] 退出 Unit=PremiumInfo[导入保费缴纳概况信息表]
2017-04-11 05:09:57.378 CST com.amarsoft.are.ARE com.amarsoft.app.datax.bcr.common.BCRTaskListener.runAfter().228 [INFO] isInsert:true,inputDate:2017/04/10,serialNO:18,TaskCode:BCRDataPrepare,startTime:2017/04/11 05:09:57,endTime:2017/04/11 05:09:57,unitCode:PremiumInfo,unitDisc:导入保费缴纳概况信息表,timeDis:0:00:00
2017-04-11 05:09:57.378 CST com.amarsoft.are.ARE com.amarsoft.task.TaskObject.trace().119 [INFO] PremiumDetail[导入保费缴纳明细信息表] start! Task user: root(root)
2017-04-11 05:09:57.378 CST com.amarsoft.are.ARE com.amarsoft.app.datax.bcr.common.BCRTaskListener.unitStart().288 [INFO] 进入 Unit=PremiumDetail[导入保费缴纳明细信息表]
2017-04-11 05:09:57.380 CST com.amarsoft.are.ARE com.amarsoft.task.units.dpx.PRHUnit.execute().254 [INFO] 导入保费缴纳明细信息表开始...
2017-04-11 05:09:57.384 CST com.amarsoft.are.ARE com.amarsoft.task.units.dpx.PRHUnit.execute().364 [INFO] 导入保费缴纳明细信息表完成!
2017-04-11 05:09:57.385 CST com.amarsoft.are.ARE com.amarsoft.task.ExecuteUnit.run().111 [INFO] ExecuteUnit[PremiumDetail]OK[单元名称[PremiumDetail]单元执行状态[1]单元执行时间[0.0060]秒开始时间[2017/04/11 05:09:57:379]结束时间[2017/04/11 05:09:57:385]]
2017-04-11 05:09:57.385 CST com.amarsoft.are.ARE com.amarsoft.app.datax.bcr.common.BCRTaskListener.unitExit().301 [INFO] 退出 Unit=PremiumDetail[导入保费缴纳明细信息表]
2017-04-11 05:09:57.389 CST com.amarsoft.are.ARE com.amarsoft.app.datax.bcr.common.BCRTaskListener.runAfter().228 [INFO] isInsert:true,inputDate:2017/04/10,serialNO:19,TaskCode:BCRDataPrepare,startTime:2017/04/11 05:09:57,endTime:2017/04/11 05:09:57,unitCode:PremiumDetail,unitDisc:导入保费缴纳明细信息表,timeDis:0:00:00
2017-04-11 05:09:57.389 CST com.amarsoft.are.ARE com.amarsoft.task.TaskObject.trace().119 [INFO] updateIncrementFlag[更新基础表信息操作类型] start! Task user: root(root)
2017-04-11 05:09:57.390 CST com.amarsoft.are.ARE com.amarsoft.app.datax.bcr.common.BCRTaskListener.unitStart().288 [INFO] 进入 Unit=updateIncrementFlag[更新基础表信息操作类型]
2017-04-11 05:09:57.778 CST com.amarsoft.are.ARE com.amarsoft.task.ExecuteUnit.run().111 [INFO] ExecuteUnit[updateIncrementFlag]OK[单元名称[updateIncrementFlag]单元执行状态[1]单元执行时间[0.386]秒开始时间[2017/04/11 05:09:57:391]结束时间[2017/04/11 05:09:57:777]]
2017-04-11 05:09:57.787 CST com.amarsoft.are.ARE com.amarsoft.app.datax.bcr.common.BCRTaskListener.unitExit().301 [INFO] 退出 Unit=updateIncrementFlag[更新基础表信息操作类型]
2017-04-11 05:09:57.813 CST com.amarsoft.are.ARE com.amarsoft.app.datax.bcr.common.BCRTaskListener.runAfter().228 [INFO] isInsert:true,inputDate:2017/04/10,serialNO:20,TaskCode:BCRDataPrepare,startTime:2017/04/11 05:09:57,endTime:2017/04/11 05:09:57,unitCode:updateIncrementFlag,unitDisc:更新基础表信息操作类型,timeDis:0:00:00
2017-04-11 05:09:57.814 CST com.amarsoft.are.ARE com.amarsoft.app.datax.bcr.common.BCRTaskListener.targetExit().275 [INFO] 退出 Target=GuaranteeBusinessImport[融资性担保业务抽取]
2017-04-11 05:09:57.814 CST com.amarsoft.are.ARE com.amarsoft.app.datax.bcr.common.BCRTaskListener.taskExit().247 [INFO] 退出 Task=BCRDataPrepare[原始数据抽取]
2017-04-11 05:09:57.815 CST com.amarsoft.are.ARE com.amarsoft.task.TaskRunner.runCli().135 [INFO] 任务运行完成！
2017-04-11 05:09:58.178 CST com.amarsoft.are.ARE com.amarsoft.app.datax.ecr.AmarECR.main() [INFO] 自动计算后businessOccurDate：2017/04/10
2017-04-11 05:09:58.191 CST com.amarsoft.are.ARE com.amarsoft.app.datax.bcr.common.BCRTaskListener.taskStart().233 [INFO] 进入 Task=BCRDataValidate[原始数据校验]
2017-04-11 05:09:58.206 CST com.amarsoft.are.ARE com.amarsoft.are.sql.PooledConnectionFactory.addDataSource().136 [INFO] org.apache.commons.dbcp.datasources.SharedPoolDataSource@47df280b
2017-04-11 05:09:58.207 CST com.amarsoft.are.ARE com.amarsoft.are.sql.PooledConnectionFactory.addDataSource().136 [INFO] org.apache.commons.dbcp.datasources.SharedPoolDataSource@6acd5f8b
2017-04-11 05:09:58.477 CST com.amarsoft.are.ARE com.amarsoft.app.datax.bcr.common.BCRTaskListener.listenerDBInit().73 [INFO] target 开始启动
2017-04-11 05:09:58.477 CST com.amarsoft.are.ARE com.amarsoft.task.TaskObject.trace().119 [INFO] BCRDataValidate[原始数据校验] start! Task user: root(root)
2017-04-11 05:09:58.477 CST com.amarsoft.are.ARE com.amarsoft.task.TaskObject.trace().119 [INFO] BCRDataValidate[融资性担保业务数据校验] start! Task user: root(root)
2017-04-11 05:09:58.478 CST com.amarsoft.are.ARE com.amarsoft.app.datax.bcr.common.BCRTaskListener.targetStart().262 [INFO] 进入 Target=BCRDataValidate[融资性担保业务数据校验]
2017-04-11 05:09:58.478 CST com.amarsoft.are.ARE com.amarsoft.task.TaskObject.trace().119 [INFO] GuaranteeDataValidate[业务数据校验] start! Task user: root(root)
2017-04-11 05:09:58.478 CST com.amarsoft.are.ARE com.amarsoft.app.datax.bcr.common.BCRTaskListener.unitStart().288 [INFO] 进入 Unit=GuaranteeDataValidate[业务数据校验]
2017-04-11 05:09:58.524 CST com.amarsoft.are.ARE com.amarsoft.app.datax.bcr.session.MessageProcessSession.start().91 [INFO] 初始化报文处理过程[1111111111]......
2017-04-11 05:09:58.775 CST com.amarsoft.are.ARE com.amarsoft.app.datax.bcr.session.MessageProcessSession.start().93 [INFO] 初始化报文处理过程完成！
2017-04-11 05:09:58.775 CST com.amarsoft.are.ARE com.amarsoft.app.datax.bcr.session.MessageProcessSession.start().101 [INFO] 检查报文处理过程条件[1111111111]......
2017-04-11 05:09:58.775 CST com.amarsoft.are.ARE com.amarsoft.app.datax.bcr.session.MessageProcessSession.start().103 [INFO] 处理条件就绪！
2017-04-11 05:09:58.775 CST com.amarsoft.are.ARE com.amarsoft.app.datax.bcr.session.MessageProcessSession.start().111 [INFO] 执行处理报文处理过程[1111111111]......
2017-04-11 05:10:01.477 CST com.amarsoft.are.ARE com.amarsoft.app.datax.bcr.session.MessageProcessSession.start().113 [INFO] 执行报文处理过程完成！
2017-04-11 05:10:01.477 CST com.amarsoft.are.ARE com.amarsoft.app.datax.bcr.session.ValidateSession.postProcess().84 [INFO] 共校验记录数：268, 其中正确记录：228, 检验到错误数：40, 错误关联记录：0
2017-04-11 05:10:01.478 CST com.amarsoft.are.ARE com.amarsoft.app.datax.bcr.session.MessageProcessSessionUnit.execute().49 [INFO] 运行处理过程1111111111成功！
2017-04-11 05:10:01.480 CST com.amarsoft.are.ARE com.amarsoft.task.ExecuteUnit.run().111 [INFO] ExecuteUnit[GuaranteeDataValidate]OK[单元名称[GuaranteeDataValidate]单元执行状态[1]单元执行时间[2.985]秒开始时间[2017/04/11 05:09:58:493]结束时间[2017/04/11 05:10:01:478]]
2017-04-11 05:10:01.481 CST com.amarsoft.are.ARE com.amarsoft.app.datax.bcr.common.BCRTaskListener.unitExit().301 [INFO] 退出 Unit=GuaranteeDataValidate[业务数据校验]
2017-04-11 05:10:01.483 CST com.amarsoft.are.ARE com.amarsoft.app.datax.bcr.common.BCRTaskListener.runAfter().228 [INFO] isInsert:true,inputDate:2017/04/10,serialNO:21,TaskCode:BCRDataValidate,startTime:2017/04/11 05:09:58,endTime:2017/04/11 05:10:01,unitCode:GuaranteeDataValidate,unitDisc:业务数据校验,timeDis:0:00:03
2017-04-11 05:10:01.484 CST com.amarsoft.are.ARE com.amarsoft.task.TaskObject.trace().119 [INFO] GDataChengeValidate[变更记录校验] start! Task user: root(root)
2017-04-11 05:10:01.484 CST com.amarsoft.are.ARE com.amarsoft.app.datax.bcr.common.BCRTaskListener.unitStart().288 [INFO] 进入 Unit=GDataChengeValidate[变更记录校验]
2017-04-11 05:10:01.488 CST com.amarsoft.are.ARE com.amarsoft.app.datax.bcr.session.MessageProcessSession.start().91 [INFO] 初始化报文处理过程[1111111111]......
2017-04-11 05:10:01.499 CST com.amarsoft.are.ARE com.amarsoft.app.datax.bcr.session.MessageProcessSession.start().93 [INFO] 初始化报文处理过程完成！
2017-04-11 05:10:01.499 CST com.amarsoft.are.ARE com.amarsoft.app.datax.bcr.session.MessageProcessSession.start().101 [INFO] 检查报文处理过程条件[1111111111]......
2017-04-11 05:10:01.500 CST com.amarsoft.are.ARE com.amarsoft.app.datax.bcr.session.MessageProcessSession.start().103 [INFO] 处理条件就绪！
2017-04-11 05:10:01.500 CST com.amarsoft.are.ARE com.amarsoft.app.datax.bcr.session.MessageProcessSession.start().111 [INFO] 执行处理报文处理过程[1111111111]......
2017-04-11 05:10:01.506 CST com.amarsoft.are.ARE com.amarsoft.app.datax.bcr.session.MessageProcessSession.start().113 [INFO] 执行报文处理过程完成！
2017-04-11 05:10:01.507 CST com.amarsoft.are.ARE com.amarsoft.app.datax.bcr.session.ValidateSession.postProcess().84 [INFO] 共校验记录数：1, 其中正确记录：1, 检验到错误数：0, 错误关联记录：0
2017-04-11 05:10:01.507 CST com.amarsoft.are.ARE com.amarsoft.app.datax.bcr.session.MessageProcessSessionUnit.execute().49 [INFO] 运行处理过程1111111111成功！
2017-04-11 05:10:01.507 CST com.amarsoft.are.ARE com.amarsoft.task.ExecuteUnit.run().111 [INFO] ExecuteUnit[GDataChengeValidate]OK[单元名称[GDataChengeValidate]单元执行状态[1]单元执行时间[0.022]秒开始时间[2017/04/11 05:10:01:485]结束时间[2017/04/11 05:10:01:507]]
2017-04-11 05:10:01.508 CST com.amarsoft.are.ARE com.amarsoft.app.datax.bcr.common.BCRTaskListener.unitExit().301 [INFO] 退出 Unit=GDataChengeValidate[变更记录校验]
2017-04-11 05:10:01.509 CST com.amarsoft.are.ARE com.amarsoft.app.datax.bcr.common.BCRTaskListener.runAfter().228 [INFO] isInsert:true,inputDate:2017/04/10,serialNO:22,TaskCode:BCRDataValidate,startTime:2017/04/11 05:10:01,endTime:2017/04/11 05:10:01,unitCode:GDataChengeValidate,unitDisc:变更记录校验,timeDis:0:00:00
2017-04-11 05:10:01.510 CST com.amarsoft.are.ARE com.amarsoft.task.TaskObject.trace().119 [INFO] GDataDeleteValidate[删除记录校验] start! Task user: root(root)
2017-04-11 05:10:01.510 CST com.amarsoft.are.ARE com.amarsoft.app.datax.bcr.common.BCRTaskListener.unitStart().288 [INFO] 进入 Unit=GDataDeleteValidate[删除记录校验]
2017-04-11 05:10:01.515 CST com.amarsoft.are.ARE com.amarsoft.app.datax.bcr.session.MessageProcessSession.start().91 [INFO] 初始化报文处理过程[1111111111]......
2017-04-11 05:10:01.527 CST com.amarsoft.are.ARE com.amarsoft.app.datax.bcr.session.MessageProcessSession.start().93 [INFO] 初始化报文处理过程完成！
2017-04-11 05:10:01.528 CST com.amarsoft.are.ARE com.amarsoft.app.datax.bcr.session.MessageProcessSession.start().101 [INFO] 检查报文处理过程条件[1111111111]......
2017-04-11 05:10:01.528 CST com.amarsoft.are.ARE com.amarsoft.app.datax.bcr.session.MessageProcessSession.start().103 [INFO] 处理条件就绪！
2017-04-11 05:10:01.528 CST com.amarsoft.are.ARE com.amarsoft.app.datax.bcr.session.MessageProcessSession.start().111 [INFO] 执行处理报文处理过程[1111111111]......
2017-04-11 05:10:01.598 CST com.amarsoft.are.ARE com.amarsoft.app.datax.bcr.session.MessageProcessSession.start().113 [INFO] 执行报文处理过程完成！
2017-04-11 05:10:01.599 CST com.amarsoft.are.ARE com.amarsoft.app.datax.bcr.session.ValidateSession.postProcess().84 [INFO] 共校验记录数：2, 其中正确记录：2, 检验到错误数：0, 错误关联记录：0
2017-04-11 05:10:01.599 CST com.amarsoft.are.ARE com.amarsoft.app.datax.bcr.session.MessageProcessSessionUnit.execute().49 [INFO] 运行处理过程1111111111成功！
2017-04-11 05:10:01.600 CST com.amarsoft.are.ARE com.amarsoft.task.ExecuteUnit.run().111 [INFO] ExecuteUnit[GDataDeleteValidate]OK[单元名称[GDataDeleteValidate]单元执行状态[1]单元执行时间[0.089]秒开始时间[2017/04/11 05:10:01:511]结束时间[2017/04/11 05:10:01:600]]
2017-04-11 05:10:01.601 CST com.amarsoft.are.ARE com.amarsoft.app.datax.bcr.common.BCRTaskListener.unitExit().301 [INFO] 退出 Unit=GDataDeleteValidate[删除记录校验]
2017-04-11 05:10:01.603 CST com.amarsoft.are.ARE com.amarsoft.app.datax.bcr.common.BCRTaskListener.runAfter().228 [INFO] isInsert:true,inputDate:2017/04/10,serialNO:23,TaskCode:BCRDataValidate,startTime:2017/04/11 05:10:01,endTime:2017/04/11 05:10:01,unitCode:GDataDeleteValidate,unitDisc:删除记录校验,timeDis:0:00:00
2017-04-11 05:10:01.604 CST com.amarsoft.are.ARE com.amarsoft.app.datax.bcr.common.BCRTaskListener.targetExit().275 [INFO] 退出 Target=BCRDataValidate[融资性担保业务数据校验]
2017-04-11 05:10:01.604 CST com.amarsoft.are.ARE com.amarsoft.app.datax.bcr.common.BCRTaskListener.taskExit().247 [INFO] 退出 Task=BCRDataValidate[原始数据校验]
2017-04-11 05:10:01.605 CST com.amarsoft.are.ARE com.amarsoft.task.TaskRunner.runCli().135 [INFO] 任务运行完成！
